Analysis & Synthesis report for 10-riscv-vga
Thu Dec  4 12:10:14 2025
Quartus Prime Version 24.1std.0 Build 1077 03/04/2025 SC Lite Edition


---------------------
; Table of Contents ;
---------------------
  1. Legal Notice
  2. Analysis & Synthesis Summary
  3. Analysis & Synthesis Settings
  4. Parallel Compilation
  5. Analysis & Synthesis Source Files Read
  6. Analysis & Synthesis Resource Usage Summary
  7. Analysis & Synthesis Resource Utilization by Entity
  8. State Machine - |top|riscvmulti:cpu|state
  9. Registers Removed During Synthesis
 10. Removed Registers Triggering Further Register Optimizations
 11. General Register Statistics
 12. Multiplexer Restructuring Statistics (Restructuring Performed)
 13. Post-Synthesis Netlist Statistics for Top Partition
 14. Elapsed Time Per Partition
 15. Analysis & Synthesis Messages
 16. Analysis & Synthesis Suppressed Messages



----------------
; Legal Notice ;
----------------
Copyright (C) 2025  Altera Corporation. All rights reserved.
Your use of Altera Corporation's design tools, logic functions 
and other software and tools, and any partner logic 
functions, and any output files from any of the foregoing 
(including device programming or simulation files), and any 
associated documentation or information are expressly subject 
to the terms and conditions of the Altera Program License 
Subscription Agreement, the Altera Quartus Prime License Agreement,
the Altera IP License Agreement, or other applicable license
agreement, including, without limitation, that your use is for
the sole purpose of programming logic devices manufactured by
Altera and sold by Altera or its authorized distributors.  Please
refer to the Altera Software License Subscription Agreements 
on the Quartus Prime software download page.



+-----------------------------------------------------------------------------------+
; Analysis & Synthesis Summary                                                      ;
+---------------------------------+-------------------------------------------------+
; Analysis & Synthesis Status     ; Successful - Thu Dec  4 12:10:14 2025           ;
; Quartus Prime Version           ; 24.1std.0 Build 1077 03/04/2025 SC Lite Edition ;
; Revision Name                   ; 10-riscv-vga                                    ;
; Top-level Entity Name           ; top                                             ;
; Family                          ; Cyclone V                                       ;
; Logic utilization (in ALMs)     ; N/A                                             ;
; Total registers                 ; 0                                               ;
; Total pins                      ; 67                                              ;
; Total virtual pins              ; 0                                               ;
; Total block memory bits         ; 0                                               ;
; Total DSP Blocks                ; 0                                               ;
; Total HSSI RX PCSs              ; 0                                               ;
; Total HSSI PMA RX Deserializers ; 0                                               ;
; Total HSSI TX PCSs              ; 0                                               ;
; Total HSSI PMA TX Serializers   ; 0                                               ;
; Total PLLs                      ; 0                                               ;
; Total DLLs                      ; 0                                               ;
+---------------------------------+-------------------------------------------------+


+---------------------------------------------------------------------------------------------------------------------------+
; Analysis & Synthesis Settings                                                                                             ;
+---------------------------------------------------------------------------------+--------------------+--------------------+
; Option                                                                          ; Setting            ; Default Value      ;
+---------------------------------------------------------------------------------+--------------------+--------------------+
; Device                                                                          ; 5CEBA4F23C7        ;                    ;
; Top-level entity name                                                           ; top                ; 10-riscv-vga       ;
; Family name                                                                     ; Cyclone V          ; Cyclone V          ;
; Use smart compilation                                                           ; Off                ; Off                ;
; Enable parallel Assembler and Timing Analyzer during compilation                ; On                 ; On                 ;
; Enable compact report table                                                     ; Off                ; Off                ;
; Restructure Multiplexers                                                        ; Auto               ; Auto               ;
; MLAB Add Timing Constraints For Mixed-Port Feed-Through Mode Setting Don't Care ; Off                ; Off                ;
; Create Debugging Nodes for IP Cores                                             ; Off                ; Off                ;
; Preserve fewer node names                                                       ; On                 ; On                 ;
; Intel FPGA IP Evaluation Mode                                                   ; Enable             ; Enable             ;
; Verilog Version                                                                 ; Verilog_2001       ; Verilog_2001       ;
; VHDL Version                                                                    ; VHDL_1993          ; VHDL_1993          ;
; State Machine Processing                                                        ; Auto               ; Auto               ;
; Safe State Machine                                                              ; Off                ; Off                ;
; Extract Verilog State Machines                                                  ; On                 ; On                 ;
; Extract VHDL State Machines                                                     ; On                 ; On                 ;
; Ignore Verilog initial constructs                                               ; Off                ; Off                ;
; Iteration limit for constant Verilog loops                                      ; 5000               ; 5000               ;
; Iteration limit for non-constant Verilog loops                                  ; 250                ; 250                ;
; Add Pass-Through Logic to Inferred RAMs                                         ; On                 ; On                 ;
; Infer RAMs from Raw Logic                                                       ; On                 ; On                 ;
; Parallel Synthesis                                                              ; On                 ; On                 ;
; DSP Block Balancing                                                             ; Auto               ; Auto               ;
; NOT Gate Push-Back                                                              ; On                 ; On                 ;
; Power-Up Don't Care                                                             ; On                 ; On                 ;
; Remove Redundant Logic Cells                                                    ; Off                ; Off                ;
; Remove Duplicate Registers                                                      ; On                 ; On                 ;
; Ignore CARRY Buffers                                                            ; Off                ; Off                ;
; Ignore CASCADE Buffers                                                          ; Off                ; Off                ;
; Ignore GLOBAL Buffers                                                           ; Off                ; Off                ;
; Ignore ROW GLOBAL Buffers                                                       ; Off                ; Off                ;
; Ignore LCELL Buffers                                                            ; Off                ; Off                ;
; Ignore SOFT Buffers                                                             ; On                 ; On                 ;
; Limit AHDL Integers to 32 Bits                                                  ; Off                ; Off                ;
; Optimization Technique                                                          ; Balanced           ; Balanced           ;
; Carry Chain Length                                                              ; 70                 ; 70                 ;
; Auto Carry Chains                                                               ; On                 ; On                 ;
; Auto Open-Drain Pins                                                            ; On                 ; On                 ;
; Perform WYSIWYG Primitive Resynthesis                                           ; Off                ; Off                ;
; Auto ROM Replacement                                                            ; On                 ; On                 ;
; Auto RAM Replacement                                                            ; On                 ; On                 ;
; Auto DSP Block Replacement                                                      ; On                 ; On                 ;
; Auto Shift Register Replacement                                                 ; Auto               ; Auto               ;
; Allow Shift Register Merging across Hierarchies                                 ; Auto               ; Auto               ;
; Auto Clock Enable Replacement                                                   ; On                 ; On                 ;
; Strict RAM Replacement                                                          ; Off                ; Off                ;
; Allow Synchronous Control Signals                                               ; On                 ; On                 ;
; Force Use of Synchronous Clear Signals                                          ; Off                ; Off                ;
; Auto Resource Sharing                                                           ; Off                ; Off                ;
; Allow Any RAM Size For Recognition                                              ; Off                ; Off                ;
; Allow Any ROM Size For Recognition                                              ; Off                ; Off                ;
; Allow Any Shift Register Size For Recognition                                   ; Off                ; Off                ;
; Use LogicLock Constraints during Resource Balancing                             ; On                 ; On                 ;
; Ignore translate_off and synthesis_off directives                               ; Off                ; Off                ;
; Timing-Driven Synthesis                                                         ; On                 ; On                 ;
; Report Parameter Settings                                                       ; On                 ; On                 ;
; Report Source Assignments                                                       ; On                 ; On                 ;
; Report Connectivity Checks                                                      ; On                 ; On                 ;
; Ignore Maximum Fan-Out Assignments                                              ; Off                ; Off                ;
; Synchronization Register Chain Length                                           ; 3                  ; 3                  ;
; Power Optimization During Synthesis                                             ; Normal compilation ; Normal compilation ;
; HDL message level                                                               ; Level2             ; Level2             ;
; Suppress Register Optimization Related Messages                                 ; Off                ; Off                ;
; Number of Removed Registers Reported in Synthesis Report                        ; 5000               ; 5000               ;
; Number of Swept Nodes Reported in Synthesis Report                              ; 5000               ; 5000               ;
; Number of Inverted Registers Reported in Synthesis Report                       ; 100                ; 100                ;
; Clock MUX Protection                                                            ; On                 ; On                 ;
; Auto Gated Clock Conversion                                                     ; Off                ; Off                ;
; Block Design Naming                                                             ; Auto               ; Auto               ;
; SDC constraint protection                                                       ; Off                ; Off                ;
; Synthesis Effort                                                                ; Auto               ; Auto               ;
; Shift Register Replacement - Allow Asynchronous Clear Signal                    ; On                 ; On                 ;
; Pre-Mapping Resynthesis Optimization                                            ; Off                ; Off                ;
; Analysis & Synthesis Message Level                                              ; Medium             ; Medium             ;
; Disable Register Merging Across Hierarchies                                     ; Auto               ; Auto               ;
; Resource Aware Inference For Block RAM                                          ; On                 ; On                 ;
; Automatic Parallel Synthesis                                                    ; On                 ; On                 ;
; Partial Reconfiguration Bitstream ID                                            ; Off                ; Off                ;
+---------------------------------------------------------------------------------+--------------------+--------------------+


+------------------------------------------+
; Parallel Compilation                     ;
+----------------------------+-------------+
; Processors                 ; Number      ;
+----------------------------+-------------+
; Number detected on machine ; 12          ;
; Maximum allowed            ; 10          ;
;                            ;             ;
; Average used               ; 1.00        ;
; Maximum used               ; 1           ;
;                            ;             ;
; Usage by Processor         ; % Time Used ;
;     Processor 1            ; 100.0%      ;
+----------------------------+-------------+


+---------------------------------------------------------------------------------------------------------------------------------------------------------------------------------------------------------------------+
; Analysis & Synthesis Source Files Read                                                                                                                                                                              ;
+----------------------------------+-----------------+---------------------------------------------+--------------------------------------------------------------------------------------------------------+---------+
; File Name with User-Entered Path ; Used in Netlist ; File Type                                   ; File Name with Absolute Path                                                                           ; Library ;
+----------------------------------+-----------------+---------------------------------------------+--------------------------------------------------------------------------------------------------------+---------+
; ./dec7seg.sv                     ; yes             ; User SystemVerilog HDL File                 ; /home/leandrocolaes/Documents/1. Obsidian/1. Cursos/2025.2/ARQ1/1. Lab/ARQ1-Lab8/menotti/dec7seg.sv    ;         ;
; ./mem.sv                         ; yes             ; User SystemVerilog HDL File                 ; /home/leandrocolaes/Documents/1. Obsidian/1. Cursos/2025.2/ARQ1/1. Lab/ARQ1-Lab8/menotti/mem.sv        ;         ;
; ./riscvmulti.sv                  ; yes             ; User SystemVerilog HDL File                 ; /home/leandrocolaes/Documents/1. Obsidian/1. Cursos/2025.2/ARQ1/1. Lab/ARQ1-Lab8/menotti/riscvmulti.sv ;         ;
; ./top.sv                         ; yes             ; User SystemVerilog HDL File                 ; /home/leandrocolaes/Documents/1. Obsidian/1. Cursos/2025.2/ARQ1/1. Lab/ARQ1-Lab8/menotti/top.sv        ;         ;
; riscv.hex                        ; yes             ; Auto-Found Hexadecimal (Intel-Format) File  ; /home/leandrocolaes/Documents/1. Obsidian/1. Cursos/2025.2/ARQ1/1. Lab/ARQ1-Lab8/menotti/riscv.hex     ;         ;
+----------------------------------+-----------------+---------------------------------------------+--------------------------------------------------------------------------------------------------------+---------+


+--------------------------------------------------------------+
; Analysis & Synthesis Resource Usage Summary                  ;
+---------------------------------------------+----------------+
; Resource                                    ; Usage          ;
+---------------------------------------------+----------------+
; Estimate of Logic utilization (ALMs needed) ; 0              ;
;                                             ;                ;
; Combinational ALUT usage for logic          ; 0              ;
;     -- 7 input functions                    ; 0              ;
;     -- 6 input functions                    ; 0              ;
;     -- 5 input functions                    ; 0              ;
;     -- 4 input functions                    ; 0              ;
;     -- <=3 input functions                  ; 0              ;
;                                             ;                ;
; Dedicated logic registers                   ; 0              ;
;                                             ;                ;
; I/O pins                                    ; 67             ;
;                                             ;                ;
; Total DSP Blocks                            ; 0              ;
;                                             ;                ;
; Maximum fan-out node                        ; LEDR[0]~output ;
; Maximum fan-out                             ; 1              ;
; Total fan-out                               ; 67             ;
; Average fan-out                             ; 0.50           ;
+---------------------------------------------+----------------+


+----------------------------------------------------------------------------------------------------------------------------------------------------------------------------------------+
; Analysis & Synthesis Resource Utilization by Entity                                                                                                                                    ;
+----------------------------+---------------------+---------------------------+-------------------+------------+------+--------------+---------------------+-------------+--------------+
; Compilation Hierarchy Node ; Combinational ALUTs ; Dedicated Logic Registers ; Block Memory Bits ; DSP Blocks ; Pins ; Virtual Pins ; Full Hierarchy Name ; Entity Name ; Library Name ;
+----------------------------+---------------------+---------------------------+-------------------+------------+------+--------------+---------------------+-------------+--------------+
; |top                       ; 0 (0)               ; 0 (0)                     ; 0                 ; 0          ; 67   ; 0            ; |top                ; top         ; work         ;
+----------------------------+---------------------+---------------------------+-------------------+------------+------+--------------+---------------------+-------------+--------------+
Note: For table entries with two numbers listed, the numbers in parentheses indicate the number of resources of the given type used by the specific entity alone. The numbers listed outside of parentheses indicate the total resources of the given type used by the specific entity and all of its sub-entities in the hierarchy.


Encoding Type:  One-Hot
+------------------------------------------------------------------------------------------------------------------------------------------+
; State Machine - |top|riscvmulti:cpu|state                                                                                                ;
+-------------------+-------------+-----------------+------------+---------------+------------------+------------------+-------------------+
; Name              ; state.STORE ; state.WAIT_DATA ; state.LOAD ; state.EXECUTE ; state.FETCH_REGS ; state.WAIT_INSTR ; state.FETCH_INSTR ;
+-------------------+-------------+-----------------+------------+---------------+------------------+------------------+-------------------+
; state.FETCH_INSTR ; 0           ; 0               ; 0          ; 0             ; 0                ; 0                ; 0                 ;
; state.WAIT_INSTR  ; 0           ; 0               ; 0          ; 0             ; 0                ; 1                ; 1                 ;
; state.FETCH_REGS  ; 0           ; 0               ; 0          ; 0             ; 1                ; 0                ; 1                 ;
; state.EXECUTE     ; 0           ; 0               ; 0          ; 1             ; 0                ; 0                ; 1                 ;
; state.LOAD        ; 0           ; 0               ; 1          ; 0             ; 0                ; 0                ; 1                 ;
; state.WAIT_DATA   ; 0           ; 1               ; 0          ; 0             ; 0                ; 0                ; 1                 ;
; state.STORE       ; 1           ; 0               ; 0          ; 0             ; 0                ; 0                ; 1                 ;
+-------------------+-------------+-----------------+------------+---------------+------------------+------------------+-------------------+


+----------------------------------------------------------------------------------+
; Registers Removed During Synthesis                                               ;
+-----------------------------------------+----------------------------------------+
; Register name                           ; Reason for Removal                     ;
+-----------------------------------------+----------------------------------------+
; riscvmulti:cpu|instr[10..31]            ; Stuck at GND due to stuck port data_in ;
; riscvmulti:cpu|rs2[0..18,28..31]        ; Stuck at GND due to stuck port data_in ;
; riscvmulti:cpu|rs1[0..31]               ; Stuck at GND due to stuck port data_in ;
; hex_digits[0..18]                       ; Stuck at GND due to stuck port data_in ;
; LEDR[0]~reg0                            ; Stuck at GND due to stuck port data_in ;
; LEDR[1]~reg0                            ; Stuck at GND due to stuck port data_in ;
; LEDR[2]~reg0                            ; Stuck at GND due to stuck port data_in ;
; LEDR[3]~reg0                            ; Stuck at GND due to stuck port data_in ;
; LEDR[4]~reg0                            ; Stuck at GND due to stuck port data_in ;
; LEDR[5]~reg0                            ; Stuck at GND due to stuck port data_in ;
; LEDR[6]~reg0                            ; Stuck at GND due to stuck port data_in ;
; LEDR[7]~reg0                            ; Stuck at GND due to stuck port data_in ;
; LEDR[8]~reg0                            ; Stuck at GND due to stuck port data_in ;
; LEDR[9]~reg0                            ; Stuck at GND due to stuck port data_in ;
; riscvmulti:cpu|rs2[19..27]              ; Stuck at GND due to stuck port data_in ;
; hex_digits[19..23]                      ; Stuck at GND due to stuck port data_in ;
; riscvmulti:cpu|PC[0]                    ; Stuck at GND due to stuck port data_in ;
; riscvmulti:cpu|state~3                  ; Lost fanout                            ;
; riscvmulti:cpu|state~4                  ; Lost fanout                            ;
; riscvmulti:cpu|state~5                  ; Lost fanout                            ;
; riscvmulti:cpu|instr[0..6]              ; Lost fanout                            ;
; counter[21]                             ; Lost fanout                            ;
; riscvmulti:cpu|PC[4,5,8]                ; Lost fanout                            ;
; counter[0..20,22..31]                   ; Lost fanout                            ;
; riscvmulti:cpu|PC[2,3,6,7,9..31]        ; Lost fanout                            ;
; riscvmulti:cpu|instr[8]                 ; Lost fanout                            ;
; riscvmulti:cpu|PC[1]                    ; Lost fanout                            ;
; riscvmulti:cpu|instr[7,9]               ; Lost fanout                            ;
; riscvmulti:cpu|state.FETCH_INSTR        ; Lost fanout                            ;
; riscvmulti:cpu|state.WAIT_INSTR         ; Lost fanout                            ;
; riscvmulti:cpu|state.FETCH_REGS         ; Lost fanout                            ;
; riscvmulti:cpu|state.EXECUTE            ; Lost fanout                            ;
; riscvmulti:cpu|state.LOAD               ; Lost fanout                            ;
; riscvmulti:cpu|state.WAIT_DATA          ; Lost fanout                            ;
; riscvmulti:cpu|state.STORE              ; Lost fanout                            ;
; Total Number of Removed Registers = 204 ;                                        ;
+-----------------------------------------+----------------------------------------+


+--------------------------------------------------------------------------------------------------------------------------------------------------+
; Removed Registers Triggering Further Register Optimizations                                                                                      ;
+--------------------------+---------------------------+-------------------------------------------------------------------------------------------+
; Register name            ; Reason for Removal        ; Registers Removed due to This Register                                                    ;
+--------------------------+---------------------------+-------------------------------------------------------------------------------------------+
; riscvmulti:cpu|instr[10] ; Stuck at GND              ; riscvmulti:cpu|rs1[0], riscvmulti:cpu|rs1[1], hex_digits[0], hex_digits[1],               ;
;                          ; due to stuck port data_in ; hex_digits[2], hex_digits[3], hex_digits[4], hex_digits[5], hex_digits[6], hex_digits[7], ;
;                          ;                           ; hex_digits[8], hex_digits[9], hex_digits[10], hex_digits[11], hex_digits[12],             ;
;                          ;                           ; hex_digits[13], hex_digits[14], hex_digits[15], hex_digits[16], hex_digits[17],           ;
;                          ;                           ; hex_digits[18], LEDR[0]~reg0, LEDR[1]~reg0, LEDR[2]~reg0, LEDR[3]~reg0, LEDR[4]~reg0,     ;
;                          ;                           ; LEDR[5]~reg0, LEDR[6]~reg0, LEDR[7]~reg0, LEDR[8]~reg0, LEDR[9]~reg0,                     ;
;                          ;                           ; riscvmulti:cpu|rs2[27], hex_digits[19], hex_digits[20], hex_digits[21], hex_digits[22],   ;
;                          ;                           ; hex_digits[23], riscvmulti:cpu|instr[0], riscvmulti:cpu|instr[1], counter[21],            ;
;                          ;                           ; riscvmulti:cpu|PC[4], riscvmulti:cpu|PC[8], riscvmulti:cpu|PC[5], counter[1], counter[0], ;
;                          ;                           ; counter[2], counter[3], counter[4], counter[5], riscvmulti:cpu|PC[28],                    ;
;                          ;                           ; riscvmulti:cpu|PC[27], riscvmulti:cpu|PC[26], riscvmulti:cpu|PC[3],                       ;
;                          ;                           ; riscvmulti:cpu|PC[2], riscvmulti:cpu|PC[1]                                                ;
; riscvmulti:cpu|instr[20] ; Stuck at GND              ; riscvmulti:cpu|rs2[18], riscvmulti:cpu|rs2[17], riscvmulti:cpu|rs2[16],                   ;
;                          ; due to stuck port data_in ; riscvmulti:cpu|rs2[15], riscvmulti:cpu|rs2[14], riscvmulti:cpu|rs2[13],                   ;
;                          ;                           ; riscvmulti:cpu|rs2[12], riscvmulti:cpu|rs2[11], riscvmulti:cpu|rs2[10],                   ;
;                          ;                           ; riscvmulti:cpu|rs2[9], riscvmulti:cpu|rs2[8], riscvmulti:cpu|rs2[7],                      ;
;                          ;                           ; riscvmulti:cpu|rs2[6], riscvmulti:cpu|rs2[5], riscvmulti:cpu|rs2[2],                      ;
;                          ;                           ; riscvmulti:cpu|rs2[29], riscvmulti:cpu|rs2[30], riscvmulti:cpu|rs2[26],                   ;
;                          ;                           ; riscvmulti:cpu|rs2[25], riscvmulti:cpu|rs2[24], riscvmulti:cpu|rs2[23],                   ;
;                          ;                           ; riscvmulti:cpu|rs2[22], riscvmulti:cpu|rs2[21], riscvmulti:cpu|rs2[20],                   ;
;                          ;                           ; riscvmulti:cpu|rs2[19]                                                                    ;
; riscvmulti:cpu|instr[15] ; Stuck at GND              ; riscvmulti:cpu|rs1[6], riscvmulti:cpu|rs1[7], riscvmulti:cpu|rs1[8],                      ;
;                          ; due to stuck port data_in ; riscvmulti:cpu|rs1[9], riscvmulti:cpu|rs1[10], riscvmulti:cpu|rs1[11],                    ;
;                          ;                           ; riscvmulti:cpu|rs1[12], riscvmulti:cpu|rs1[13], riscvmulti:cpu|rs1[14],                   ;
;                          ;                           ; riscvmulti:cpu|rs1[15], riscvmulti:cpu|rs1[16], riscvmulti:cpu|rs1[17],                   ;
;                          ;                           ; riscvmulti:cpu|rs1[18], riscvmulti:cpu|rs1[19], riscvmulti:cpu|rs1[20],                   ;
;                          ;                           ; riscvmulti:cpu|rs1[21], riscvmulti:cpu|rs1[22], riscvmulti:cpu|rs1[23],                   ;
;                          ;                           ; riscvmulti:cpu|rs1[24], riscvmulti:cpu|rs1[25], riscvmulti:cpu|rs1[26],                   ;
;                          ;                           ; riscvmulti:cpu|rs1[27], riscvmulti:cpu|rs1[28], riscvmulti:cpu|rs1[29]                    ;
; riscvmulti:cpu|instr[12] ; Stuck at GND              ; riscvmulti:cpu|rs1[2], riscvmulti:cpu|rs1[3], riscvmulti:cpu|rs1[4],                      ;
;                          ; due to stuck port data_in ; riscvmulti:cpu|rs1[5], riscvmulti:cpu|PC[0], riscvmulti:cpu|instr[2],                     ;
;                          ;                           ; riscvmulti:cpu|instr[3], riscvmulti:cpu|instr[4], riscvmulti:cpu|instr[5],                ;
;                          ;                           ; riscvmulti:cpu|instr[6]                                                                   ;
; riscvmulti:cpu|state~3   ; Lost Fanouts              ; riscvmulti:cpu|state.FETCH_INSTR, riscvmulti:cpu|state.FETCH_REGS,                        ;
;                          ;                           ; riscvmulti:cpu|state.LOAD                                                                 ;
; riscvmulti:cpu|state~4   ; Lost Fanouts              ; riscvmulti:cpu|state.WAIT_INSTR, riscvmulti:cpu|state.EXECUTE                             ;
; riscvmulti:cpu|instr[21] ; Stuck at GND              ; riscvmulti:cpu|rs2[0]                                                                     ;
;                          ; due to stuck port data_in ;                                                                                           ;
; riscvmulti:cpu|instr[27] ; Stuck at GND              ; riscvmulti:cpu|instr[7]                                                                   ;
;                          ; due to stuck port data_in ;                                                                                           ;
; riscvmulti:cpu|instr[28] ; Stuck at GND              ; riscvmulti:cpu|instr[8]                                                                   ;
;                          ; due to stuck port data_in ;                                                                                           ;
; riscvmulti:cpu|instr[29] ; Stuck at GND              ; riscvmulti:cpu|instr[9]                                                                   ;
;                          ; due to stuck port data_in ;                                                                                           ;
+--------------------------+---------------------------+-------------------------------------------------------------------------------------------+


+------------------------------------------------------+
; General Register Statistics                          ;
+----------------------------------------------+-------+
; Statistic                                    ; Value ;
+----------------------------------------------+-------+
; Total registers                              ; 0     ;
; Number of registers using Synchronous Clear  ; 0     ;
; Number of registers using Synchronous Load   ; 0     ;
; Number of registers using Asynchronous Clear ; 0     ;
; Number of registers using Asynchronous Load  ; 0     ;
; Number of registers using Clock Enable       ; 0     ;
; Number of registers using Preset             ; 0     ;
+----------------------------------------------+-------+


+--------------------------------------------------------------------------------------------------------------------------------------------+
; Multiplexer Restructuring Statistics (Restructuring Performed)                                                                             ;
+--------------------+-----------+---------------+----------------------+------------------------+------------+------------------------------+
; Multiplexer Inputs ; Bus Width ; Baseline Area ; Area if Restructured ; Saving if Restructured ; Registered ; Example Multiplexer Output   ;
+--------------------+-----------+---------------+----------------------+------------------------+------------+------------------------------+
; 4:1                ; 6 bits    ; 12 LEs        ; 12 LEs               ; 0 LEs                  ; Yes        ; |top|riscvmulti:cpu|instr[7] ;
; 4:1                ; 4 bits    ; 8 LEs         ; 8 LEs                ; 0 LEs                  ; Yes        ; |top|riscvmulti:cpu|instr[0] ;
; 5:1                ; 30 bits   ; 90 LEs        ; 30 LEs               ; 60 LEs                 ; Yes        ; |top|riscvmulti:cpu|PC[16]   ;
; 3:1                ; 3 bits    ; 6 LEs         ; 6 LEs                ; 0 LEs                  ; No         ; |top|riscvmulti:cpu|comb     ;
+--------------------+-----------+---------------+----------------------+------------------------+------------+------------------------------+


+-----------------------------------------------------+
; Post-Synthesis Netlist Statistics for Top Partition ;
+-----------------------+-----------------------------+
; Type                  ; Count                       ;
+-----------------------+-----------------------------+
; arriav_lcell_comb     ; 2                           ;
;     normal            ; 2                           ;
;         0 data inputs ; 2                           ;
; boundary_port         ; 67                          ;
;                       ;                             ;
; Max LUT depth         ; 0.00                        ;
; Average LUT depth     ; 0.00                        ;
+-----------------------+-----------------------------+


+-------------------------------+
; Elapsed Time Per Partition    ;
+----------------+--------------+
; Partition Name ; Elapsed Time ;
+----------------+--------------+
; Top            ; 00:00:00     ;
+----------------+--------------+


+-------------------------------+
; Analysis & Synthesis Messages ;
+-------------------------------+
Info: *******************************************************************
Info: Running Quartus Prime Analysis & Synthesis
    Info: Version 24.1std.0 Build 1077 03/04/2025 SC Lite Edition
    Info: Copyright (C) 2025  Altera Corporation. All rights reserved.
    Info: Your use of Altera Corporation's design tools, logic functions 
    Info: and other software and tools, and any partner logic 
    Info: functions, and any output files from any of the foregoing 
    Info: (including device programming or simulation files), and any 
    Info: associated documentation or information are expressly subject 
    Info: to the terms and conditions of the Altera Program License 
    Info: Subscription Agreement, the Altera Quartus Prime License Agreement,
    Info: the Altera IP License Agreement, or other applicable license
    Info: agreement, including, without limitation, that your use is for
    Info: the sole purpose of programming logic devices manufactured by
    Info: Altera and sold by Altera or its authorized distributors.  Please
    Info: refer to the Altera Software License Subscription Agreements 
    Info: on the Quartus Prime software download page.
    Info: Processing started: Thu Dec  4 12:10:09 2025
Info: Command: quartus_map --64bit --read_settings_files=on --source=./dec7seg.sv --source=./mem.sv --source=./riscvmulti.sv --source=./testbench.sv --source=./top.sv 10-riscv-vga
Warning (18236): Number of processors has not been specified which may cause overloading on shared machines.  Set the global assignment NUM_PARALLEL_PROCESSORS in your QSF to an appropriate value for best performance.
Info (20030): Parallel compilation is enabled and will use 10 of the 10 processors detected
Info (12021): Found 1 design units, including 1 entities, in source file dec7seg.sv
    Info (12023): Found entity 1: dec7seg File: /home/leandrocolaes/Documents/1. Obsidian/1. Cursos/2025.2/ARQ1/1. Lab/ARQ1-Lab8/menotti/dec7seg.sv Line: 1
Info (12021): Found 1 design units, including 1 entities, in source file mem.sv
    Info (12023): Found entity 1: mem File: /home/leandrocolaes/Documents/1. Obsidian/1. Cursos/2025.2/ARQ1/1. Lab/ARQ1-Lab8/menotti/mem.sv Line: 1
Info (12021): Found 1 design units, including 1 entities, in source file riscvmulti.sv
    Info (12023): Found entity 1: riscvmulti File: /home/leandrocolaes/Documents/1. Obsidian/1. Cursos/2025.2/ARQ1/1. Lab/ARQ1-Lab8/menotti/riscvmulti.sv Line: 1
Info (12021): Found 1 design units, including 1 entities, in source file testbench.sv
    Info (12023): Found entity 1: testbench File: /home/leandrocolaes/Documents/1. Obsidian/1. Cursos/2025.2/ARQ1/1. Lab/ARQ1-Lab8/menotti/testbench.sv Line: 1
Info (12021): Found 1 design units, including 1 entities, in source file top.sv
    Info (12023): Found entity 1: top File: /home/leandrocolaes/Documents/1. Obsidian/1. Cursos/2025.2/ARQ1/1. Lab/ARQ1-Lab8/menotti/top.sv Line: 1
Info (12127): Elaborating entity "top" for the top level hierarchy
Warning (10230): Verilog HDL assignment warning at top.sv(42): truncated value with size 32 to match size of target (10) File: /home/leandrocolaes/Documents/1. Obsidian/1. Cursos/2025.2/ARQ1/1. Lab/ARQ1-Lab8/menotti/top.sv Line: 42
Warning (10230): Verilog HDL assignment warning at top.sv(44): truncated value with size 32 to match size of target (24) File: /home/leandrocolaes/Documents/1. Obsidian/1. Cursos/2025.2/ARQ1/1. Lab/ARQ1-Lab8/menotti/top.sv Line: 44
Warning (10230): Verilog HDL assignment warning at top.sv(46): truncated value with size 42 to match size of target (32) File: /home/leandrocolaes/Documents/1. Obsidian/1. Cursos/2025.2/ARQ1/1. Lab/ARQ1-Lab8/menotti/top.sv Line: 46
Info (12128): Elaborating entity "riscvmulti" for hierarchy "riscvmulti:cpu" File: /home/leandrocolaes/Documents/1. Obsidian/1. Cursos/2025.2/ARQ1/1. Lab/ARQ1-Lab8/menotti/top.sv Line: 17
Warning (10036): Verilog HDL or VHDL warning at riscvmulti.sv(20): object "isALUimm" assigned a value but never read File: /home/leandrocolaes/Documents/1. Obsidian/1. Cursos/2025.2/ARQ1/1. Lab/ARQ1-Lab8/menotti/riscvmulti.sv Line: 20
Warning (10036): Verilog HDL or VHDL warning at riscvmulti.sv(25): object "isLUI" assigned a value but never read File: /home/leandrocolaes/Documents/1. Obsidian/1. Cursos/2025.2/ARQ1/1. Lab/ARQ1-Lab8/menotti/riscvmulti.sv Line: 25
Warning (10036): Verilog HDL or VHDL warning at riscvmulti.sv(54): object "shamt" assigned a value but never read File: /home/leandrocolaes/Documents/1. Obsidian/1. Cursos/2025.2/ARQ1/1. Lab/ARQ1-Lab8/menotti/riscvmulti.sv Line: 54
Warning (10230): Verilog HDL assignment warning at riscvmulti.sv(77): truncated value with size 33 to match size of target (32) File: /home/leandrocolaes/Documents/1. Obsidian/1. Cursos/2025.2/ARQ1/1. Lab/ARQ1-Lab8/menotti/riscvmulti.sv Line: 77
Info (12128): Elaborating entity "mem" for hierarchy "mem:ram" File: /home/leandrocolaes/Documents/1. Obsidian/1. Cursos/2025.2/ARQ1/1. Lab/ARQ1-Lab8/menotti/top.sv Line: 23
Warning (10036): Verilog HDL or VHDL warning at mem.sv(7): object "RAM" assigned a value but never read File: /home/leandrocolaes/Documents/1. Obsidian/1. Cursos/2025.2/ARQ1/1. Lab/ARQ1-Lab8/menotti/mem.sv Line: 7
Warning (10850): Verilog HDL warning at mem.sv(11): number of words (20) in memory file does not match the number of elements in the address range [0:255] File: /home/leandrocolaes/Documents/1. Obsidian/1. Cursos/2025.2/ARQ1/1. Lab/ARQ1-Lab8/menotti/mem.sv Line: 11
Warning (10855): Verilog HDL warning at mem.sv(10): initial value for variable RAM should be constant File: /home/leandrocolaes/Documents/1. Obsidian/1. Cursos/2025.2/ARQ1/1. Lab/ARQ1-Lab8/menotti/mem.sv Line: 10
Warning (10034): Output port "rd" at mem.sv(5) has no driver File: /home/leandrocolaes/Documents/1. Obsidian/1. Cursos/2025.2/ARQ1/1. Lab/ARQ1-Lab8/menotti/mem.sv Line: 5
Warning (12158): Entity "mem" contains only dangling pins File: /home/leandrocolaes/Documents/1. Obsidian/1. Cursos/2025.2/ARQ1/1. Lab/ARQ1-Lab8/menotti/top.sv Line: 23
Info (12128): Elaborating entity "dec7seg" for hierarchy "dec7seg:hex0" File: /home/leandrocolaes/Documents/1. Obsidian/1. Cursos/2025.2/ARQ1/1. Lab/ARQ1-Lab8/menotti/top.sv Line: 33
Warning (13024): Output pins are stuck at VCC or GND
    Warning (13410): Pin "LEDR[0]" is stuck at GND File: /home/leandrocolaes/Documents/1. Obsidian/1. Cursos/2025.2/ARQ1/1. Lab/ARQ1-Lab8/menotti/top.sv Line: 39
    Warning (13410): Pin "LEDR[1]" is stuck at GND File: /home/leandrocolaes/Documents/1. Obsidian/1. Cursos/2025.2/ARQ1/1. Lab/ARQ1-Lab8/menotti/top.sv Line: 39
    Warning (13410): Pin "LEDR[2]" is stuck at GND File: /home/leandrocolaes/Documents/1. Obsidian/1. Cursos/2025.2/ARQ1/1. Lab/ARQ1-Lab8/menotti/top.sv Line: 39
    Warning (13410): Pin "LEDR[3]" is stuck at GND File: /home/leandrocolaes/Documents/1. Obsidian/1. Cursos/2025.2/ARQ1/1. Lab/ARQ1-Lab8/menotti/top.sv Line: 39
    Warning (13410): Pin "LEDR[4]" is stuck at GND File: /home/leandrocolaes/Documents/1. Obsidian/1. Cursos/2025.2/ARQ1/1. Lab/ARQ1-Lab8/menotti/top.sv Line: 39
    Warning (13410): Pin "LEDR[5]" is stuck at GND File: /home/leandrocolaes/Documents/1. Obsidian/1. Cursos/2025.2/ARQ1/1. Lab/ARQ1-Lab8/menotti/top.sv Line: 39
    Warning (13410): Pin "LEDR[6]" is stuck at GND File: /home/leandrocolaes/Documents/1. Obsidian/1. Cursos/2025.2/ARQ1/1. Lab/ARQ1-Lab8/menotti/top.sv Line: 39
    Warning (13410): Pin "LEDR[7]" is stuck at GND File: /home/leandrocolaes/Documents/1. Obsidian/1. Cursos/2025.2/ARQ1/1. Lab/ARQ1-Lab8/menotti/top.sv Line: 39
    Warning (13410): Pin "LEDR[8]" is stuck at GND File: /home/leandrocolaes/Documents/1. Obsidian/1. Cursos/2025.2/ARQ1/1. Lab/ARQ1-Lab8/menotti/top.sv Line: 39
    Warning (13410): Pin "LEDR[9]" is stuck at GND File: /home/leandrocolaes/Documents/1. Obsidian/1. Cursos/2025.2/ARQ1/1. Lab/ARQ1-Lab8/menotti/top.sv Line: 39
    Warning (13410): Pin "HEX5[0]" is stuck at GND File: /home/leandrocolaes/Documents/1. Obsidian/1. Cursos/2025.2/ARQ1/1. Lab/ARQ1-Lab8/menotti/top.sv Line: 6
    Warning (13410): Pin "HEX5[1]" is stuck at GND File: /home/leandrocolaes/Documents/1. Obsidian/1. Cursos/2025.2/ARQ1/1. Lab/ARQ1-Lab8/menotti/top.sv Line: 6
    Warning (13410): Pin "HEX5[2]" is stuck at GND File: /home/leandrocolaes/Documents/1. Obsidian/1. Cursos/2025.2/ARQ1/1. Lab/ARQ1-Lab8/menotti/top.sv Line: 6
    Warning (13410): Pin "HEX5[3]" is stuck at GND File: /home/leandrocolaes/Documents/1. Obsidian/1. Cursos/2025.2/ARQ1/1. Lab/ARQ1-Lab8/menotti/top.sv Line: 6
    Warning (13410): Pin "HEX5[4]" is stuck at GND File: /home/leandrocolaes/Documents/1. Obsidian/1. Cursos/2025.2/ARQ1/1. Lab/ARQ1-Lab8/menotti/top.sv Line: 6
    Warning (13410): Pin "HEX5[5]" is stuck at GND File: /home/leandrocolaes/Documents/1. Obsidian/1. Cursos/2025.2/ARQ1/1. Lab/ARQ1-Lab8/menotti/top.sv Line: 6
    Warning (13410): Pin "HEX5[6]" is stuck at VCC File: /home/leandrocolaes/Documents/1. Obsidian/1. Cursos/2025.2/ARQ1/1. Lab/ARQ1-Lab8/menotti/top.sv Line: 6
    Warning (13410): Pin "HEX4[0]" is stuck at GND File: /home/leandrocolaes/Documents/1. Obsidian/1. Cursos/2025.2/ARQ1/1. Lab/ARQ1-Lab8/menotti/top.sv Line: 6
    Warning (13410): Pin "HEX4[1]" is stuck at GND File: /home/leandrocolaes/Documents/1. Obsidian/1. Cursos/2025.2/ARQ1/1. Lab/ARQ1-Lab8/menotti/top.sv Line: 6
    Warning (13410): Pin "HEX4[2]" is stuck at GND File: /home/leandrocolaes/Documents/1. Obsidian/1. Cursos/2025.2/ARQ1/1. Lab/ARQ1-Lab8/menotti/top.sv Line: 6
    Warning (13410): Pin "HEX4[3]" is stuck at GND File: /home/leandrocolaes/Documents/1. Obsidian/1. Cursos/2025.2/ARQ1/1. Lab/ARQ1-Lab8/menotti/top.sv Line: 6
    Warning (13410): Pin "HEX4[4]" is stuck at GND File: /home/leandrocolaes/Documents/1. Obsidian/1. Cursos/2025.2/ARQ1/1. Lab/ARQ1-Lab8/menotti/top.sv Line: 6
    Warning (13410): Pin "HEX4[5]" is stuck at GND File: /home/leandrocolaes/Documents/1. Obsidian/1. Cursos/2025.2/ARQ1/1. Lab/ARQ1-Lab8/menotti/top.sv Line: 6
    Warning (13410): Pin "HEX4[6]" is stuck at VCC File: /home/leandrocolaes/Documents/1. Obsidian/1. Cursos/2025.2/ARQ1/1. Lab/ARQ1-Lab8/menotti/top.sv Line: 6
    Warning (13410): Pin "HEX3[0]" is stuck at GND File: /home/leandrocolaes/Documents/1. Obsidian/1. Cursos/2025.2/ARQ1/1. Lab/ARQ1-Lab8/menotti/top.sv Line: 6
    Warning (13410): Pin "HEX3[1]" is stuck at GND File: /home/leandrocolaes/Documents/1. Obsidian/1. Cursos/2025.2/ARQ1/1. Lab/ARQ1-Lab8/menotti/top.sv Line: 6
    Warning (13410): Pin "HEX3[2]" is stuck at GND File: /home/leandrocolaes/Documents/1. Obsidian/1. Cursos/2025.2/ARQ1/1. Lab/ARQ1-Lab8/menotti/top.sv Line: 6
    Warning (13410): Pin "HEX3[3]" is stuck at GND File: /home/leandrocolaes/Documents/1. Obsidian/1. Cursos/2025.2/ARQ1/1. Lab/ARQ1-Lab8/menotti/top.sv Line: 6
    Warning (13410): Pin "HEX3[4]" is stuck at GND File: /home/leandrocolaes/Documents/1. Obsidian/1. Cursos/2025.2/ARQ1/1. Lab/ARQ1-Lab8/menotti/top.sv Line: 6
    Warning (13410): Pin "HEX3[5]" is stuck at GND File: /home/leandrocolaes/Documents/1. Obsidian/1. Cursos/2025.2/ARQ1/1. Lab/ARQ1-Lab8/menotti/top.sv Line: 6
    Warning (13410): Pin "HEX3[6]" is stuck at VCC File: /home/leandrocolaes/Documents/1. Obsidian/1. Cursos/2025.2/ARQ1/1. Lab/ARQ1-Lab8/menotti/top.sv Line: 6
    Warning (13410): Pin "HEX2[0]" is stuck at GND File: /home/leandrocolaes/Documents/1. Obsidian/1. Cursos/2025.2/ARQ1/1. Lab/ARQ1-Lab8/menotti/top.sv Line: 6
    Warning (13410): Pin "HEX2[1]" is stuck at GND File: /home/leandrocolaes/Documents/1. Obsidian/1. Cursos/2025.2/ARQ1/1. Lab/ARQ1-Lab8/menotti/top.sv Line: 6
    Warning (13410): Pin "HEX2[2]" is stuck at GND File: /home/leandrocolaes/Documents/1. Obsidian/1. Cursos/2025.2/ARQ1/1. Lab/ARQ1-Lab8/menotti/top.sv Line: 6
    Warning (13410): Pin "HEX2[3]" is stuck at GND File: /home/leandrocolaes/Documents/1. Obsidian/1. Cursos/2025.2/ARQ1/1. Lab/ARQ1-Lab8/menotti/top.sv Line: 6
    Warning (13410): Pin "HEX2[4]" is stuck at GND File: /home/leandrocolaes/Documents/1. Obsidian/1. Cursos/2025.2/ARQ1/1. Lab/ARQ1-Lab8/menotti/top.sv Line: 6
    Warning (13410): Pin "HEX2[5]" is stuck at GND File: /home/leandrocolaes/Documents/1. Obsidian/1. Cursos/2025.2/ARQ1/1. Lab/ARQ1-Lab8/menotti/top.sv Line: 6
    Warning (13410): Pin "HEX2[6]" is stuck at VCC File: /home/leandrocolaes/Documents/1. Obsidian/1. Cursos/2025.2/ARQ1/1. Lab/ARQ1-Lab8/menotti/top.sv Line: 6
    Warning (13410): Pin "HEX1[0]" is stuck at GND File: /home/leandrocolaes/Documents/1. Obsidian/1. Cursos/2025.2/ARQ1/1. Lab/ARQ1-Lab8/menotti/top.sv Line: 6
    Warning (13410): Pin "HEX1[1]" is stuck at GND File: /home/leandrocolaes/Documents/1. Obsidian/1. Cursos/2025.2/ARQ1/1. Lab/ARQ1-Lab8/menotti/top.sv Line: 6
    Warning (13410): Pin "HEX1[2]" is stuck at GND File: /home/leandrocolaes/Documents/1. Obsidian/1. Cursos/2025.2/ARQ1/1. Lab/ARQ1-Lab8/menotti/top.sv Line: 6
    Warning (13410): Pin "HEX1[3]" is stuck at GND File: /home/leandrocolaes/Documents/1. Obsidian/1. Cursos/2025.2/ARQ1/1. Lab/ARQ1-Lab8/menotti/top.sv Line: 6
    Warning (13410): Pin "HEX1[4]" is stuck at GND File: /home/leandrocolaes/Documents/1. Obsidian/1. Cursos/2025.2/ARQ1/1. Lab/ARQ1-Lab8/menotti/top.sv Line: 6
    Warning (13410): Pin "HEX1[5]" is stuck at GND File: /home/leandrocolaes/Documents/1. Obsidian/1. Cursos/2025.2/ARQ1/1. Lab/ARQ1-Lab8/menotti/top.sv Line: 6
    Warning (13410): Pin "HEX1[6]" is stuck at VCC File: /home/leandrocolaes/Documents/1. Obsidian/1. Cursos/2025.2/ARQ1/1. Lab/ARQ1-Lab8/menotti/top.sv Line: 6
    Warning (13410): Pin "HEX0[0]" is stuck at GND File: /home/leandrocolaes/Documents/1. Obsidian/1. Cursos/2025.2/ARQ1/1. Lab/ARQ1-Lab8/menotti/top.sv Line: 6
    Warning (13410): Pin "HEX0[1]" is stuck at GND File: /home/leandrocolaes/Documents/1. Obsidian/1. Cursos/2025.2/ARQ1/1. Lab/ARQ1-Lab8/menotti/top.sv Line: 6
    Warning (13410): Pin "HEX0[2]" is stuck at GND File: /home/leandrocolaes/Documents/1. Obsidian/1. Cursos/2025.2/ARQ1/1. Lab/ARQ1-Lab8/menotti/top.sv Line: 6
    Warning (13410): Pin "HEX0[3]" is stuck at GND File: /home/leandrocolaes/Documents/1. Obsidian/1. Cursos/2025.2/ARQ1/1. Lab/ARQ1-Lab8/menotti/top.sv Line: 6
    Warning (13410): Pin "HEX0[4]" is stuck at GND File: /home/leandrocolaes/Documents/1. Obsidian/1. Cursos/2025.2/ARQ1/1. Lab/ARQ1-Lab8/menotti/top.sv Line: 6
    Warning (13410): Pin "HEX0[5]" is stuck at GND File: /home/leandrocolaes/Documents/1. Obsidian/1. Cursos/2025.2/ARQ1/1. Lab/ARQ1-Lab8/menotti/top.sv Line: 6
    Warning (13410): Pin "HEX0[6]" is stuck at VCC File: /home/leandrocolaes/Documents/1. Obsidian/1. Cursos/2025.2/ARQ1/1. Lab/ARQ1-Lab8/menotti/top.sv Line: 6
Info (17049): 83 registers lost all their fanouts during netlist optimizations.
Info (144001): Generated suppressed messages file /home/leandrocolaes/Documents/1. Obsidian/1. Cursos/2025.2/ARQ1/1. Lab/ARQ1-Lab8/menotti/10-riscv-vga.map.smsg
Info (16010): Generating hard_block partition "hard_block:auto_generated_inst"
    Info (16011): Adding 0 node(s), including 0 DDIO, 0 PLL, 0 transceiver and 0 LCELL
Warning (21074): Design contains 15 input pin(s) that do not drive logic
    Warning (15610): No output dependent on input pin "KEY[0]" File: /home/leandrocolaes/Documents/1. Obsidian/1. Cursos/2025.2/ARQ1/1. Lab/ARQ1-Lab8/menotti/top.sv Line: 3
    Warning (15610): No output dependent on input pin "SW[0]" File: /home/leandrocolaes/Documents/1. Obsidian/1. Cursos/2025.2/ARQ1/1. Lab/ARQ1-Lab8/menotti/top.sv Line: 5
    Warning (15610): No output dependent on input pin "SW[1]" File: /home/leandrocolaes/Documents/1. Obsidian/1. Cursos/2025.2/ARQ1/1. Lab/ARQ1-Lab8/menotti/top.sv Line: 5
    Warning (15610): No output dependent on input pin "KEY[1]" File: /home/leandrocolaes/Documents/1. Obsidian/1. Cursos/2025.2/ARQ1/1. Lab/ARQ1-Lab8/menotti/top.sv Line: 3
    Warning (15610): No output dependent on input pin "SW[2]" File: /home/leandrocolaes/Documents/1. Obsidian/1. Cursos/2025.2/ARQ1/1. Lab/ARQ1-Lab8/menotti/top.sv Line: 5
    Warning (15610): No output dependent on input pin "KEY[2]" File: /home/leandrocolaes/Documents/1. Obsidian/1. Cursos/2025.2/ARQ1/1. Lab/ARQ1-Lab8/menotti/top.sv Line: 3
    Warning (15610): No output dependent on input pin "SW[3]" File: /home/leandrocolaes/Documents/1. Obsidian/1. Cursos/2025.2/ARQ1/1. Lab/ARQ1-Lab8/menotti/top.sv Line: 5
    Warning (15610): No output dependent on input pin "KEY[3]" File: /home/leandrocolaes/Documents/1. Obsidian/1. Cursos/2025.2/ARQ1/1. Lab/ARQ1-Lab8/menotti/top.sv Line: 3
    Warning (15610): No output dependent on input pin "SW[4]" File: /home/leandrocolaes/Documents/1. Obsidian/1. Cursos/2025.2/ARQ1/1. Lab/ARQ1-Lab8/menotti/top.sv Line: 5
    Warning (15610): No output dependent on input pin "SW[5]" File: /home/leandrocolaes/Documents/1. Obsidian/1. Cursos/2025.2/ARQ1/1. Lab/ARQ1-Lab8/menotti/top.sv Line: 5
    Warning (15610): No output dependent on input pin "SW[6]" File: /home/leandrocolaes/Documents/1. Obsidian/1. Cursos/2025.2/ARQ1/1. Lab/ARQ1-Lab8/menotti/top.sv Line: 5
    Warning (15610): No output dependent on input pin "CLOCK_50" File: /home/leandrocolaes/Documents/1. Obsidian/1. Cursos/2025.2/ARQ1/1. Lab/ARQ1-Lab8/menotti/top.sv Line: 2
    Warning (15610): No output dependent on input pin "SW[8]" File: /home/leandrocolaes/Documents/1. Obsidian/1. Cursos/2025.2/ARQ1/1. Lab/ARQ1-Lab8/menotti/top.sv Line: 5
    Warning (15610): No output dependent on input pin "SW[9]" File: /home/leandrocolaes/Documents/1. Obsidian/1. Cursos/2025.2/ARQ1/1. Lab/ARQ1-Lab8/menotti/top.sv Line: 5
    Warning (15610): No output dependent on input pin "SW[7]" File: /home/leandrocolaes/Documents/1. Obsidian/1. Cursos/2025.2/ARQ1/1. Lab/ARQ1-Lab8/menotti/top.sv Line: 5
Info (21057): Implemented 67 device resources after synthesis - the final resource count might be different
    Info (21058): Implemented 15 input pins
    Info (21059): Implemented 52 output pins
Info: Quartus Prime Analysis & Synthesis was successful. 0 errors, 82 warnings
    Info: Peak virtual memory: 415 megabytes
    Info: Processing ended: Thu Dec  4 12:10:14 2025
    Info: Elapsed time: 00:00:05
    Info: Total CPU time (on all processors): 00:00:13


+------------------------------------------+
; Analysis & Synthesis Suppressed Messages ;
+------------------------------------------+
The suppressed messages can be found in /home/leandrocolaes/Documents/1. Obsidian/1. Cursos/2025.2/ARQ1/1. Lab/ARQ1-Lab8/menotti/10-riscv-vga.map.smsg.


