
riscv.elf:     file format elf32-littleriscv


Disassembly of section .text:

00000000 <_start>:
   0:	10400413          	li	s0,260
   4:	12000493          	li	s1,288
   8:	00100293          	li	t0,1
   c:	20000313          	li	t1,512
  10:	3ff00393          	li	t2,1023
  14:	00100e93          	li	t4,1
  18:	00542023          	sw	t0,0(s0)

0000001c <enche>:
  1c:	00129293          	slli	t0,t0,0x1
  20:	00128293          	addi	t0,t0,1
  24:	00542023          	sw	t0,0(s0)
  28:	fe729ae3          	bne	t0,t2,1c <enche>

0000002c <nao_enche>:
  2c:	0004ae03          	lw	t3,0(s1)
  30:	01c04463          	bgtz	t3,38 <volta>
  34:	ff9ff06f          	j	2c <nao_enche>

00000038 <volta>:
  38:	0012d293          	srli	t0,t0,0x1
  3c:	00542023          	sw	t0,0(s0)
  40:	ffd29ce3          	bne	t0,t4,38 <volta>

00000044 <nao_volta>:
  44:	0004ae03          	lw	t3,0(s1)
  48:	fdc04ae3          	bgtz	t3,1c <enche>
  4c:	ff9ff06f          	j	44 <nao_volta>

Disassembly of section .riscv.attributes:

00000000 <.riscv.attributes>:
   0:	1941                	.insn	2, 0x1941
   2:	0000                	.insn	2, 0x
   4:	7200                	.insn	2, 0x7200
   6:	7369                	.insn	2, 0x7369
   8:	01007663          	bgeu	zero,a6,14 <_start+0x14>
   c:	0000000f          	fence	unknown,unknown
  10:	7205                	.insn	2, 0x7205
  12:	3376                	.insn	2, 0x3376
  14:	6932                	.insn	2, 0x6932
  16:	7032                	.insn	2, 0x7032
  18:	0031                	.insn	2, 0x0031
