#! /usr/bin/vvp
:ivl_version "12.0 (stable)" "(v12_0-dirty)";
:ivl_delay_selection "TYPICAL";
:vpi_time_precision + 0;
:vpi_module "/usr/lib/ivl/system.vpi";
:vpi_module "/usr/lib/ivl/vhdl_sys.vpi";
:vpi_module "/usr/lib/ivl/vhdl_textio.vpi";
:vpi_module "/usr/lib/ivl/v2005_math.vpi";
:vpi_module "/usr/lib/ivl/va_math.vpi";
:vpi_module "/usr/lib/ivl/v2009.vpi";
S_0x557489a6abe0 .scope package, "$unit" "$unit" 2 1;
 .timescale 0 0;
S_0x557489a59e10 .scope module, "testbench" "testbench" 3 1;
 .timescale 0 0;
v0x557489a94810_0 .var "clk", 0 0;
v0x557489a948d0_0 .net "leds", 9 0, v0x557489a91d80_0;  1 drivers
S_0x557489a2d180 .scope module, "dut" "top" 3 5, 4 2 0, S_0x557489a59e10;
 .timescale 0 0;
    .port_info 0 /INPUT 1 "CLOCK_50";
    .port_info 1 /INPUT 10 "SW";
    .port_info 2 /OUTPUT 10 "LEDR";
    .port_info 3 /OUTPUT 7 "HEX5";
    .port_info 4 /OUTPUT 7 "HEX4";
    .port_info 5 /OUTPUT 7 "HEX3";
    .port_info 6 /OUTPUT 7 "HEX2";
    .port_info 7 /OUTPUT 7 "HEX1";
    .port_info 8 /OUTPUT 7 "HEX0";
    .port_info 9 /OUTPUT 4 "VGA_R";
    .port_info 10 /OUTPUT 4 "VGA_G";
    .port_info 11 /OUTPUT 4 "VGA_B";
    .port_info 12 /OUTPUT 1 "VGA_HS";
    .port_info 13 /OUTPUT 1 "VGA_VS";
    .port_info 14 /OUTPUT 1 "VGA_CLK";
    .port_info 15 /OUTPUT 1 "VGA_BLANK_N";
    .port_info 16 /OUTPUT 1 "VGA_SYNC_N";
P_0x557489a4b6b0 .param/l "IO_HEX_bit" 1 4 52, +C4<00000000000000000000000000000011>;
P_0x557489a4b6f0 .param/l "IO_LEDS_bit" 1 4 51, +C4<00000000000000000000000000000010>;
P_0x557489a4b730 .param/l "VGA_BITS" 0 4 2, +C4<00000000000000000000000000000100>;
L_0x557489ab0b90 .functor AND 4, L_0x557489ab0cd0, L_0x557489ab0140, C4<1111>, C4<1111>;
v0x557489a917a0_0 .net "CLOCK_50", 0 0, v0x557489a94810_0;  1 drivers
v0x557489a91880_0 .net "HEX0", 6 0, v0x557489a8ed00_0;  1 drivers
v0x557489a91970_0 .net "HEX1", 6 0, v0x557489a8f1e0_0;  1 drivers
v0x557489a91a70_0 .net "HEX2", 6 0, v0x557489a8f710_0;  1 drivers
v0x557489a91b40_0 .net "HEX3", 6 0, v0x557489a8fbf0_0;  1 drivers
v0x557489a91be0_0 .net "HEX4", 6 0, v0x557489a900d0_0;  1 drivers
v0x557489a91cb0_0 .net "HEX5", 6 0, v0x557489a905b0_0;  1 drivers
v0x557489a91d80_0 .var "LEDR", 9 0;
o0x7f5fadd16858 .functor BUFZ 10, C4<zzzzzzzzzz>; HiZ drive
v0x557489a91e20_0 .net "SW", 9 0, o0x7f5fadd16858;  0 drivers
v0x557489a91f90_0 .net "VGA_B", 3 0, L_0x557489ab3360;  1 drivers
L_0x7f5fadccb188 .functor BUFT 1, C4<1>, C4<0>, C4<0>, C4<0>;
v0x557489a92070_0 .net "VGA_BLANK_N", 0 0, L_0x7f5fadccb188;  1 drivers
v0x557489a92130_0 .var "VGA_CLK", 0 0;
v0x557489a92200_0 .net "VGA_DA", 0 0, v0x557489a8e810_0;  1 drivers
v0x557489a922d0_0 .net "VGA_G", 3 0, L_0x557489ab2c30;  1 drivers
v0x557489a92370_0 .net "VGA_HS", 0 0, v0x557489a8e8d0_0;  1 drivers
v0x557489a92440_0 .net "VGA_R", 3 0, L_0x557489ab2b90;  1 drivers
L_0x7f5fadccb1d0 .functor BUFT 1, C4<0>, C4<0>, C4<0>, C4<0>;
v0x557489a92500_0 .net "VGA_SYNC_N", 0 0, L_0x7f5fadccb1d0;  1 drivers
v0x557489a925c0_0 .net "VGA_VS", 0 0, v0x557489a8e990_0;  1 drivers
v0x557489a92690_0 .net *"_ivl_1", 0 0, L_0x557489a949a0;  1 drivers
v0x557489a92750_0 .net *"_ivl_11", 0 0, L_0x557489a94f10;  1 drivers
v0x557489a92830_0 .net *"_ivl_13", 7 0, L_0x557489a94ff0;  1 drivers
v0x557489a92910_0 .net *"_ivl_15", 7 0, L_0x557489a95120;  1 drivers
v0x557489a929f0_0 .net *"_ivl_16", 7 0, L_0x557489a95210;  1 drivers
L_0x7f5fadccad08 .functor BUFT 1, C4<00000000000000000000001000000000>, C4<0>, C4<0>, C4<0>;
v0x557489a92ad0_0 .net/2u *"_ivl_26", 31 0, L_0x7f5fadccad08;  1 drivers
v0x557489a92bb0_0 .net *"_ivl_3", 0 0, L_0x557489a94ac0;  1 drivers
v0x557489a92c90_0 .net *"_ivl_30", 3 0, L_0x557489ab0cd0;  1 drivers
v0x557489a92d70_0 .net *"_ivl_49", 1 0, L_0x557489ab2960;  1 drivers
v0x557489a92e50_0 .net *"_ivl_5", 7 0, L_0x557489a94b60;  1 drivers
v0x557489a92f30_0 .net *"_ivl_50", 3 0, L_0x557489ab28b0;  1 drivers
L_0x7f5fadccb0b0 .functor BUFT 1, C4<0000>, C4<0>, C4<0>, C4<0>;
v0x557489a93010_0 .net/2u *"_ivl_52", 3 0, L_0x7f5fadccb0b0;  1 drivers
v0x557489a930f0_0 .net *"_ivl_57", 1 0, L_0x557489ab2da0;  1 drivers
v0x557489a931d0_0 .net *"_ivl_58", 3 0, L_0x557489ab2e40;  1 drivers
L_0x7f5fadccb0f8 .functor BUFT 1, C4<0000>, C4<0>, C4<0>, C4<0>;
v0x557489a932b0_0 .net/2u *"_ivl_60", 3 0, L_0x7f5fadccb0f8;  1 drivers
v0x557489a935a0_0 .net *"_ivl_65", 1 0, L_0x557489ab30b0;  1 drivers
v0x557489a93680_0 .net *"_ivl_66", 3 0, L_0x557489ab2f30;  1 drivers
L_0x7f5fadccb140 .functor BUFT 1, C4<0000>, C4<0>, C4<0>, C4<0>;
v0x557489a93760_0 .net/2u *"_ivl_68", 3 0, L_0x7f5fadccb140;  1 drivers
v0x557489a93840_0 .net *"_ivl_7", 7 0, L_0x557489a94c80;  1 drivers
v0x557489a93920_0 .net *"_ivl_8", 7 0, L_0x557489a94d50;  1 drivers
v0x557489a93a00_0 .net "addr", 31 0, L_0x557489aa7200;  1 drivers
v0x557489a93ac0_0 .net "clk", 0 0, L_0x557489a954a0;  1 drivers
v0x557489a93b60_0 .var/i "counter", 31 0;
L_0x7f5fadccb068 .functor BUFT 1, C4<00>, C4<0>, C4<0>, C4<0>;
v0x557489a93c40_0 .net "fill", 1 0, L_0x7f5fadccb068;  1 drivers
v0x557489a93d20_0 .var "hex_digits", 23 0;
v0x557489a93e00_0 .net "isIO", 0 0, L_0x557489ab09b0;  1 drivers
v0x557489a93ec0_0 .net "isRAM", 0 0, L_0x557489ab0a50;  1 drivers
v0x557489a93f80_0 .net "memwrite", 0 0, L_0x557489aa7480;  1 drivers
v0x557489a94070_0 .net "readdata", 31 0, v0x557489a91200_0;  1 drivers
v0x557489a94180_0 .net "reset", 0 0, L_0x557489a95670;  1 drivers
v0x557489a94220_0 .net "vaddr", 31 0, L_0x557489ab2320;  1 drivers
v0x557489a942e0_0 .net "vbyte", 7 0, L_0x557489a95300;  1 drivers
v0x557489a943a0_0 .net "vdata", 31 0, v0x557489a91390_0;  1 drivers
v0x557489a94460_0 .net "writedata", 31 0, L_0x557489aae800;  1 drivers
v0x557489a94550_0 .net "writemask", 3 0, L_0x557489ab0140;  1 drivers
E_0x557489984f20 .event posedge, v0x557489a917a0_0;
L_0x557489a949a0 .part L_0x557489ab2320, 1, 1;
L_0x557489a94ac0 .part L_0x557489ab2320, 0, 1;
L_0x557489a94b60 .part v0x557489a91390_0, 24, 8;
L_0x557489a94c80 .part v0x557489a91390_0, 16, 8;
L_0x557489a94d50 .functor MUXZ 8, L_0x557489a94c80, L_0x557489a94b60, L_0x557489a94ac0, C4<>;
L_0x557489a94f10 .part L_0x557489ab2320, 0, 1;
L_0x557489a94ff0 .part v0x557489a91390_0, 8, 8;
L_0x557489a95120 .part v0x557489a91390_0, 0, 8;
L_0x557489a95210 .functor MUXZ 8, L_0x557489a95120, L_0x557489a94ff0, L_0x557489a94f10, C4<>;
L_0x557489a95300 .functor MUXZ 8, L_0x557489a95210, L_0x557489a94d50, L_0x557489a949a0, C4<>;
L_0x557489a954a0 .part v0x557489a93b60_0, 0, 1;
L_0x557489ab09b0 .part L_0x557489aa7200, 8, 1;
L_0x557489ab0a50 .reduce/nor L_0x557489ab09b0;
L_0x557489ab0af0 .arith/sum 32, L_0x7f5fadccad08, L_0x557489ab2320;
L_0x557489ab0cd0 .concat [ 1 1 1 1], L_0x557489ab0a50, L_0x557489ab0a50, L_0x557489ab0a50, L_0x557489ab0a50;
L_0x557489ab2410 .part v0x557489a93d20_0, 0, 4;
L_0x557489ab2540 .part v0x557489a93d20_0, 4, 4;
L_0x557489ab2630 .part v0x557489a93d20_0, 8, 4;
L_0x557489ab2770 .part v0x557489a93d20_0, 12, 4;
L_0x557489ab2810 .part v0x557489a93d20_0, 16, 4;
L_0x557489ab26d0 .part v0x557489a93d20_0, 20, 4;
L_0x557489ab2960 .part L_0x557489a95300, 4, 2;
L_0x557489ab28b0 .concat [ 2 2 0 0], L_0x7f5fadccb068, L_0x557489ab2960;
L_0x557489ab2b90 .functor MUXZ 4, L_0x7f5fadccb0b0, L_0x557489ab28b0, v0x557489a8e810_0, C4<>;
L_0x557489ab2da0 .part L_0x557489a95300, 2, 2;
L_0x557489ab2e40 .concat [ 2 2 0 0], L_0x7f5fadccb068, L_0x557489ab2da0;
L_0x557489ab2c30 .functor MUXZ 4, L_0x7f5fadccb0f8, L_0x557489ab2e40, v0x557489a8e810_0, C4<>;
L_0x557489ab30b0 .part L_0x557489a95300, 0, 2;
L_0x557489ab2f30 .concat [ 2 2 0 0], L_0x7f5fadccb068, L_0x557489ab30b0;
L_0x557489ab3360 .functor MUXZ 4, L_0x7f5fadccb140, L_0x557489ab2f30, v0x557489a8e810_0, C4<>;
S_0x557489a2ea20 .scope module, "cpu" "riscvmulti" 4 40, 5 1 0, S_0x557489a2d180;
 .timescale 0 0;
    .port_info 0 /INPUT 1 "clk";
    .port_info 1 /INPUT 1 "reset";
    .port_info 2 /OUTPUT 32 "Address";
    .port_info 3 /OUTPUT 32 "WriteData";
    .port_info 4 /OUTPUT 1 "MemWrite";
    .port_info 5 /INPUT 32 "ReadData";
    .port_info 6 /OUTPUT 4 "mem_wmask";
P_0x557489a52540 .param/l "EXECUTE" 1 5 179, +C4<00000000000000000000000000000011>;
P_0x557489a52580 .param/l "FETCH_INSTR" 1 5 176, +C4<00000000000000000000000000000000>;
P_0x557489a525c0 .param/l "FETCH_REGS" 1 5 178, +C4<00000000000000000000000000000010>;
P_0x557489a52600 .param/l "LOAD" 1 5 180, +C4<00000000000000000000000000000100>;
P_0x557489a52640 .param/l "STORE" 1 5 182, +C4<00000000000000000000000000000110>;
P_0x557489a52680 .param/l "WAIT_DATA" 1 5 181, +C4<00000000000000000000000000000101>;
P_0x557489a526c0 .param/l "WAIT_INSTR" 1 5 177, +C4<00000000000000000000000000000001>;
L_0x557489a67820 .functor OR 1, L_0x557489aa5850, L_0x557489aa5b00, C4<0>, C4<0>;
L_0x557489a68790 .functor OR 1, L_0x557489aa7ad0, L_0x557489aa87e0, C4<0>, C4<0>;
L_0x557489a4d4f0 .functor OR 1, L_0x557489a68790, L_0x557489aa8a10, C4<0>, C4<0>;
L_0x557489a4d900 .functor AND 1, L_0x557489a67820, L_0x557489aa5dc0, C4<1>, C4<1>;
L_0x557489a0dcd0 .functor OR 1, L_0x557489aa64f0, L_0x557489aa67c0, C4<0>, C4<0>;
L_0x557489aa68e0 .functor OR 1, L_0x557489aa6b70, L_0x557489aa6dd0, C4<0>, C4<0>;
L_0x557489aaaf20 .functor BUFZ 32, v0x557489a8b860_0, C4<00000000000000000000000000000000>, C4<00000000000000000000000000000000>, C4<00000000000000000000000000000000>;
L_0x557489aab010 .functor OR 1, L_0x557489aa7670, L_0x557489aa7ad0, C4<0>, C4<0>;
L_0x557489aab910 .functor NOT 32, L_0x557489aab410, C4<00000000000000000000000000000000>, C4<00000000000000000000000000000000>, C4<00000000000000000000000000000000>;
L_0x557489aabd30 .functor XOR 1, L_0x557489aaba20, L_0x557489aabac0, C4<0>, C4<0>;
L_0x557489aaceb0 .functor AND 1, L_0x557489aac910, L_0x557489aac9b0, C4<1>, C4<1>;
L_0x557489aad1a0 .functor AND 1, L_0x557489aa7ad0, v0x557489a8bf60_0, C4<1>, C4<1>;
L_0x557489aad560 .functor OR 1, L_0x557489aad1a0, L_0x557489aa7f20, C4<0>, C4<0>;
L_0x557489ab0140 .functor AND 4, L_0x557489ab0050, L_0x557489aafcd0, C4<1111>, C4<1111>;
v0x557489a4d610_0 .var "ALUResult", 31 0;
v0x557489a4da20_0 .net "Address", 31 0, L_0x557489aa7200;  alias, 1 drivers
v0x557489a0de30_0 .net "Bimm", 31 0, L_0x557489aaa640;  1 drivers
v0x557489a80300_0 .net "EQ", 0 0, L_0x557489aac730;  1 drivers
v0x557489a803c0_0 .net "Iimm", 31 0, L_0x557489aa8ee0;  1 drivers
v0x557489a804f0_0 .net "Jimm", 31 0, L_0x557489aaaca0;  1 drivers
v0x557489a805d0_0 .net "LT", 0 0, L_0x557489aabf80;  1 drivers
v0x557489a80690_0 .net "LTU", 0 0, L_0x557489aac110;  1 drivers
v0x557489a80750_0 .net "MemWrite", 0 0, L_0x557489aa7480;  alias, 1 drivers
v0x557489a80810_0 .var "PC", 31 0;
v0x557489a808f0_0 .net "PCNext", 31 0, L_0x557489aadfb0;  1 drivers
v0x557489a809d0_0 .net "PCTarget", 31 0, L_0x557489aad9f0;  1 drivers
v0x557489a80ab0_0 .net "PCplus4", 31 0, L_0x557489aad100;  1 drivers
v0x557489a80b90_0 .net "ReadData", 31 0, v0x557489a91200_0;  alias, 1 drivers
v0x557489a80c70 .array "RegisterBank", 31 0, 31 0;
v0x557489a80d30_0 .net "STORE_wmask", 3 0, L_0x557489aafcd0;  1 drivers
v0x557489a80e10_0 .net "Simm", 31 0, L_0x557489aa9720;  1 drivers
v0x557489a80ef0_0 .net "SrcA", 31 0, L_0x557489aaaf20;  1 drivers
v0x557489a80fd0_0 .net "SrcB", 31 0, L_0x557489aab410;  1 drivers
v0x557489a810b0_0 .net "Uimm", 31 0, L_0x557489aa8cb0;  1 drivers
v0x557489a81190_0 .net "WriteData", 31 0, L_0x557489aae800;  alias, 1 drivers
v0x557489a81270_0 .net *"_ivl_0", 31 0, L_0x557489a957a0;  1 drivers
v0x557489a81350_0 .net *"_ivl_101", 6 0, L_0x557489aa7a00;  1 drivers
L_0x7f5fadcca528 .functor BUFT 1, C4<1100111>, C4<0>, C4<0>, C4<0>;
v0x557489a81430_0 .net/2u *"_ivl_102", 6 0, L_0x7f5fadcca528;  1 drivers
v0x557489a81510_0 .net *"_ivl_107", 6 0, L_0x557489aa7c60;  1 drivers
L_0x7f5fadcca570 .functor BUFT 1, C4<1101111>, C4<0>, C4<0>, C4<0>;
v0x557489a815f0_0 .net/2u *"_ivl_108", 6 0, L_0x7f5fadcca570;  1 drivers
L_0x7f5fadcca0a8 .functor BUFT 1, C4<00000000000000000000000000000>, C4<0>, C4<0>, C4<0>;
v0x557489a816d0_0 .net *"_ivl_11", 28 0, L_0x7f5fadcca0a8;  1 drivers
v0x557489a817b0_0 .net *"_ivl_113", 6 0, L_0x557489aa7e30;  1 drivers
L_0x7f5fadcca5b8 .functor BUFT 1, C4<0010111>, C4<0>, C4<0>, C4<0>;
v0x557489a81890_0 .net/2u *"_ivl_114", 6 0, L_0x7f5fadcca5b8;  1 drivers
v0x557489a81970_0 .net *"_ivl_119", 6 0, L_0x557489aa8060;  1 drivers
L_0x7f5fadcca0f0 .functor BUFT 1, C4<00000000000000000000000000000100>, C4<0>, C4<0>, C4<0>;
v0x557489a81a50_0 .net/2u *"_ivl_12", 31 0, L_0x7f5fadcca0f0;  1 drivers
L_0x7f5fadcca600 .functor BUFT 1, C4<0110111>, C4<0>, C4<0>, C4<0>;
v0x557489a81b30_0 .net/2u *"_ivl_120", 6 0, L_0x7f5fadcca600;  1 drivers
v0x557489a81c10_0 .net *"_ivl_125", 6 0, L_0x557489aa8250;  1 drivers
L_0x7f5fadcca648 .functor BUFT 1, C4<0000011>, C4<0>, C4<0>, C4<0>;
v0x557489a81f00_0 .net/2u *"_ivl_126", 6 0, L_0x7f5fadcca648;  1 drivers
v0x557489a81fe0_0 .net *"_ivl_131", 6 0, L_0x557489aa8450;  1 drivers
L_0x7f5fadcca690 .functor BUFT 1, C4<0100011>, C4<0>, C4<0>, C4<0>;
v0x557489a820c0_0 .net/2u *"_ivl_132", 6 0, L_0x7f5fadcca690;  1 drivers
v0x557489a821a0_0 .net *"_ivl_137", 6 0, L_0x557489aa86b0;  1 drivers
L_0x7f5fadcca6d8 .functor BUFT 1, C4<1110011>, C4<0>, C4<0>, C4<0>;
v0x557489a82280_0 .net/2u *"_ivl_138", 6 0, L_0x7f5fadcca6d8;  1 drivers
v0x557489a82360_0 .net *"_ivl_14", 0 0, L_0x557489aa5b00;  1 drivers
v0x557489a82420_0 .net *"_ivl_143", 0 0, L_0x557489aa88d0;  1 drivers
v0x557489a82500_0 .net *"_ivl_145", 18 0, L_0x557489aa8970;  1 drivers
L_0x7f5fadcca720 .functor BUFT 1, C4<000000000000>, C4<0>, C4<0>, C4<0>;
v0x557489a825e0_0 .net/2u *"_ivl_146", 11 0, L_0x7f5fadcca720;  1 drivers
v0x557489a826c0_0 .net *"_ivl_151", 0 0, L_0x557489aa8e40;  1 drivers
v0x557489a827a0_0 .net *"_ivl_152", 20 0, L_0x557489aa8b50;  1 drivers
v0x557489a82880_0 .net *"_ivl_155", 10 0, L_0x557489aa93c0;  1 drivers
v0x557489a82960_0 .net *"_ivl_159", 0 0, L_0x557489aa95e0;  1 drivers
v0x557489a82a40_0 .net *"_ivl_16", 0 0, L_0x557489a67820;  1 drivers
v0x557489a82b20_0 .net *"_ivl_160", 20 0, L_0x557489aa9460;  1 drivers
v0x557489a82c00_0 .net *"_ivl_163", 5 0, L_0x557489aa9a70;  1 drivers
v0x557489a82ce0_0 .net *"_ivl_165", 4 0, L_0x557489aa9680;  1 drivers
v0x557489a82dc0_0 .net *"_ivl_169", 0 0, L_0x557489aa9d20;  1 drivers
v0x557489a82ea0_0 .net *"_ivl_170", 19 0, L_0x557489aa9dc0;  1 drivers
v0x557489a82f80_0 .net *"_ivl_173", 0 0, L_0x557489aa9f60;  1 drivers
v0x557489a83060_0 .net *"_ivl_175", 5 0, L_0x557489aaa000;  1 drivers
v0x557489a83140_0 .net *"_ivl_177", 3 0, L_0x557489aaa5a0;  1 drivers
L_0x7f5fadcca768 .functor BUFT 1, C4<0>, C4<0>, C4<0>, C4<0>;
v0x557489a83220_0 .net/2u *"_ivl_178", 0 0, L_0x7f5fadcca768;  1 drivers
v0x557489a83300_0 .net *"_ivl_18", 0 0, L_0x557489a68790;  1 drivers
v0x557489a833e0_0 .net *"_ivl_183", 0 0, L_0x557489aaa3d0;  1 drivers
v0x557489a834c0_0 .net *"_ivl_184", 11 0, L_0x557489aaa470;  1 drivers
v0x557489a835a0_0 .net *"_ivl_187", 7 0, L_0x557489aaa870;  1 drivers
v0x557489a83680_0 .net *"_ivl_189", 0 0, L_0x557489aaa910;  1 drivers
v0x557489a83760_0 .net *"_ivl_191", 9 0, L_0x557489aaa9b0;  1 drivers
L_0x7f5fadcca7b0 .functor BUFT 1, C4<0>, C4<0>, C4<0>, C4<0>;
v0x557489a83840_0 .net/2u *"_ivl_192", 0 0, L_0x7f5fadcca7b0;  1 drivers
v0x557489a83920_0 .net *"_ivl_20", 0 0, L_0x557489a4d4f0;  1 drivers
v0x557489a83a00_0 .net *"_ivl_208", 0 0, L_0x557489aab010;  1 drivers
v0x557489a83ef0_0 .net *"_ivl_213", 4 0, L_0x557489aab190;  1 drivers
v0x557489a83fd0_0 .net *"_ivl_215", 4 0, L_0x557489aab2b0;  1 drivers
L_0x7f5fadcca7f8 .functor BUFT 1, C4<1>, C4<0>, C4<0>, C4<0>;
v0x557489a840b0_0 .net/2u *"_ivl_220", 0 0, L_0x7f5fadcca7f8;  1 drivers
v0x557489a84190_0 .net *"_ivl_222", 31 0, L_0x557489aab910;  1 drivers
v0x557489a84270_0 .net *"_ivl_224", 32 0, L_0x557489aab4b0;  1 drivers
L_0x7f5fadcca840 .functor BUFT 1, C4<0>, C4<0>, C4<0>, C4<0>;
v0x557489a84350_0 .net/2u *"_ivl_226", 0 0, L_0x7f5fadcca840;  1 drivers
v0x557489a84430_0 .net *"_ivl_228", 32 0, L_0x557489aab5f0;  1 drivers
v0x557489a84510_0 .net *"_ivl_23", 0 0, L_0x557489aa5dc0;  1 drivers
v0x557489a845d0_0 .net *"_ivl_230", 32 0, L_0x557489aabc90;  1 drivers
L_0x7f5fadcca888 .functor BUFT 1, C4<000000000000000000000000000000001>, C4<0>, C4<0>, C4<0>;
v0x557489a846b0_0 .net/2u *"_ivl_232", 32 0, L_0x7f5fadcca888;  1 drivers
v0x557489a84790_0 .net *"_ivl_237", 0 0, L_0x557489aaba20;  1 drivers
v0x557489a84870_0 .net *"_ivl_239", 0 0, L_0x557489aabac0;  1 drivers
v0x557489a84950_0 .net *"_ivl_240", 0 0, L_0x557489aabd30;  1 drivers
v0x557489a84a30_0 .net *"_ivl_243", 0 0, L_0x557489aac210;  1 drivers
v0x557489a84b10_0 .net *"_ivl_245", 0 0, L_0x557489aac2b0;  1 drivers
v0x557489a84bf0_0 .net *"_ivl_251", 31 0, L_0x557489aac600;  1 drivers
L_0x7f5fadcca8d0 .functor BUFT 1, C4<00000000000000000000000000000000>, C4<0>, C4<0>, C4<0>;
v0x557489a84cd0_0 .net/2u *"_ivl_252", 31 0, L_0x7f5fadcca8d0;  1 drivers
L_0x7f5fadcca918 .functor BUFT 1, C4<001>, C4<0>, C4<0>, C4<0>;
v0x557489a84db0_0 .net/2u *"_ivl_256", 2 0, L_0x7f5fadcca918;  1 drivers
v0x557489a84e90_0 .net *"_ivl_258", 0 0, L_0x557489aac560;  1 drivers
v0x557489a84f50_0 .net *"_ivl_261", 31 0, L_0x557489aacb30;  1 drivers
v0x557489a85030_0 .net *"_ivl_265", 0 0, L_0x557489aac910;  1 drivers
v0x557489a85110_0 .net *"_ivl_267", 0 0, L_0x557489aac9b0;  1 drivers
v0x557489a851f0_0 .net *"_ivl_268", 0 0, L_0x557489aaceb0;  1 drivers
v0x557489a852d0_0 .net *"_ivl_270", 32 0, L_0x557489aacfc0;  1 drivers
v0x557489a853b0_0 .net *"_ivl_273", 4 0, L_0x557489aacbd0;  1 drivers
v0x557489a85490_0 .net *"_ivl_274", 32 0, L_0x557489aacc70;  1 drivers
v0x557489a85570_0 .net *"_ivl_28", 31 0, L_0x557489aa6090;  1 drivers
L_0x7f5fadcca960 .functor BUFT 1, C4<00000000000000000000000000000100>, C4<0>, C4<0>, C4<0>;
v0x557489a85650_0 .net/2u *"_ivl_280", 31 0, L_0x7f5fadcca960;  1 drivers
v0x557489a85730_0 .net *"_ivl_284", 31 0, L_0x557489aad2b0;  1 drivers
v0x557489a85810_0 .net *"_ivl_286", 31 0, L_0x557489aad860;  1 drivers
v0x557489a858f0_0 .net *"_ivl_291", 0 0, L_0x557489aad1a0;  1 drivers
v0x557489a859b0_0 .net *"_ivl_293", 0 0, L_0x557489aad560;  1 drivers
v0x557489a85a70_0 .net *"_ivl_295", 30 0, L_0x557489aad5d0;  1 drivers
L_0x7f5fadcca9a8 .functor BUFT 1, C4<0>, C4<0>, C4<0>, C4<0>;
v0x557489a85b50_0 .net/2u *"_ivl_296", 0 0, L_0x7f5fadcca9a8;  1 drivers
v0x557489a85c30_0 .net *"_ivl_298", 31 0, L_0x557489aad6c0;  1 drivers
L_0x7f5fadcca018 .functor BUFT 1, C4<00000000000000000000000000000>, C4<0>, C4<0>, C4<0>;
v0x557489a85d10_0 .net *"_ivl_3", 28 0, L_0x7f5fadcca018;  1 drivers
v0x557489a85df0_0 .net *"_ivl_300", 31 0, L_0x557489aade20;  1 drivers
v0x557489a85ed0_0 .net *"_ivl_305", 1 0, L_0x557489aadbd0;  1 drivers
L_0x7f5fadcca9f0 .functor BUFT 1, C4<00>, C4<0>, C4<0>, C4<0>;
v0x557489a85fb0_0 .net/2u *"_ivl_306", 1 0, L_0x7f5fadcca9f0;  1 drivers
v0x557489a86090_0 .net *"_ivl_311", 1 0, L_0x557489aae3b0;  1 drivers
L_0x7f5fadccaa38 .functor BUFT 1, C4<01>, C4<0>, C4<0>, C4<0>;
v0x557489a86170_0 .net/2u *"_ivl_312", 1 0, L_0x7f5fadccaa38;  1 drivers
v0x557489a86250_0 .net *"_ivl_319", 7 0, L_0x557489aae050;  1 drivers
v0x557489a86330_0 .net *"_ivl_32", 31 0, L_0x557489aa6380;  1 drivers
v0x557489a86410_0 .net *"_ivl_323", 0 0, L_0x557489aae0f0;  1 drivers
v0x557489a864f0_0 .net *"_ivl_325", 7 0, L_0x557489aae190;  1 drivers
v0x557489a865d0_0 .net *"_ivl_327", 7 0, L_0x557489aae2c0;  1 drivers
v0x557489a866b0_0 .net *"_ivl_328", 7 0, L_0x557489aae910;  1 drivers
v0x557489a86790_0 .net *"_ivl_333", 0 0, L_0x557489aaea00;  1 drivers
v0x557489a86870_0 .net *"_ivl_335", 7 0, L_0x557489aae580;  1 drivers
v0x557489a86950_0 .net *"_ivl_337", 7 0, L_0x557489aae620;  1 drivers
v0x557489a86a30_0 .net *"_ivl_338", 7 0, L_0x557489aae6c0;  1 drivers
v0x557489a86b10_0 .net *"_ivl_344", 0 0, L_0x557489aaeb30;  1 drivers
v0x557489a86bf0_0 .net *"_ivl_346", 7 0, L_0x557489aaebd0;  1 drivers
v0x557489a86cd0_0 .net *"_ivl_348", 0 0, L_0x557489aaec70;  1 drivers
L_0x7f5fadcca138 .functor BUFT 1, C4<00000000000000000000000000000>, C4<0>, C4<0>, C4<0>;
v0x557489a86db0_0 .net *"_ivl_35", 28 0, L_0x7f5fadcca138;  1 drivers
v0x557489a86e90_0 .net *"_ivl_350", 7 0, L_0x557489aaed10;  1 drivers
v0x557489a86f70_0 .net *"_ivl_352", 7 0, L_0x557489aaedb0;  1 drivers
v0x557489a87050_0 .net *"_ivl_353", 7 0, L_0x557489aaf360;  1 drivers
v0x557489a87130_0 .net *"_ivl_355", 7 0, L_0x557489aaf020;  1 drivers
v0x557489a87210_0 .net *"_ivl_358", 0 0, L_0x557489aaf200;  1 drivers
L_0x7f5fadcca180 .functor BUFT 1, C4<00000000000000000000000000000000>, C4<0>, C4<0>, C4<0>;
v0x557489a872f0_0 .net/2u *"_ivl_36", 31 0, L_0x7f5fadcca180;  1 drivers
v0x557489a873d0_0 .net *"_ivl_360", 0 0, L_0x557489aaf2a0;  1 drivers
L_0x7f5fadccaa80 .functor BUFT 1, C4<1000>, C4<0>, C4<0>, C4<0>;
v0x557489a874b0_0 .net/2u *"_ivl_361", 3 0, L_0x7f5fadccaa80;  1 drivers
L_0x7f5fadccaac8 .functor BUFT 1, C4<0100>, C4<0>, C4<0>, C4<0>;
v0x557489a87590_0 .net/2u *"_ivl_363", 3 0, L_0x7f5fadccaac8;  1 drivers
v0x557489a87e80_0 .net *"_ivl_365", 3 0, L_0x557489aaf910;  1 drivers
v0x557489a87f60_0 .net *"_ivl_368", 0 0, L_0x557489aaf450;  1 drivers
L_0x7f5fadccab10 .functor BUFT 1, C4<0010>, C4<0>, C4<0>, C4<0>;
v0x557489a88040_0 .net/2u *"_ivl_369", 3 0, L_0x7f5fadccab10;  1 drivers
L_0x7f5fadccab58 .functor BUFT 1, C4<0001>, C4<0>, C4<0>, C4<0>;
v0x557489a88120_0 .net/2u *"_ivl_371", 3 0, L_0x7f5fadccab58;  1 drivers
v0x557489a88200_0 .net *"_ivl_373", 3 0, L_0x557489aaf4f0;  1 drivers
v0x557489a882e0_0 .net *"_ivl_375", 3 0, L_0x557489aaf680;  1 drivers
v0x557489a883c0_0 .net *"_ivl_378", 0 0, L_0x557489aafe20;  1 drivers
L_0x7f5fadccaba0 .functor BUFT 1, C4<1100>, C4<0>, C4<0>, C4<0>;
v0x557489a884a0_0 .net/2u *"_ivl_379", 3 0, L_0x7f5fadccaba0;  1 drivers
v0x557489a88580_0 .net *"_ivl_38", 0 0, L_0x557489aa64f0;  1 drivers
L_0x7f5fadccabe8 .functor BUFT 1, C4<0011>, C4<0>, C4<0>, C4<0>;
v0x557489a88640_0 .net/2u *"_ivl_381", 3 0, L_0x7f5fadccabe8;  1 drivers
v0x557489a88720_0 .net *"_ivl_383", 3 0, L_0x557489aaf9b0;  1 drivers
L_0x7f5fadccac30 .functor BUFT 1, C4<1111>, C4<0>, C4<0>, C4<0>;
v0x557489a88800_0 .net/2u *"_ivl_385", 3 0, L_0x7f5fadccac30;  1 drivers
v0x557489a888e0_0 .net *"_ivl_387", 3 0, L_0x557489aafb40;  1 drivers
v0x557489a889c0_0 .net *"_ivl_391", 31 0, L_0x557489ab03a0;  1 drivers
L_0x7f5fadccac78 .functor BUFT 1, C4<00000000000000000000000000000>, C4<0>, C4<0>, C4<0>;
v0x557489a88aa0_0 .net *"_ivl_394", 28 0, L_0x7f5fadccac78;  1 drivers
L_0x7f5fadccacc0 .functor BUFT 1, C4<00000000000000000000000000000110>, C4<0>, C4<0>, C4<0>;
v0x557489a88b80_0 .net/2u *"_ivl_395", 31 0, L_0x7f5fadccacc0;  1 drivers
v0x557489a88c60_0 .net *"_ivl_397", 0 0, L_0x557489aaff10;  1 drivers
v0x557489a88d20_0 .net *"_ivl_399", 3 0, L_0x557489ab0050;  1 drivers
L_0x7f5fadcca060 .functor BUFT 1, C4<00000000000000000000000000000011>, C4<0>, C4<0>, C4<0>;
v0x557489a88e00_0 .net/2u *"_ivl_4", 31 0, L_0x7f5fadcca060;  1 drivers
v0x557489a88ee0_0 .net *"_ivl_40", 31 0, L_0x557489aa6690;  1 drivers
L_0x7f5fadcca1c8 .functor BUFT 1, C4<00000000000000000000000000000>, C4<0>, C4<0>, C4<0>;
v0x557489a88fc0_0 .net *"_ivl_43", 28 0, L_0x7f5fadcca1c8;  1 drivers
L_0x7f5fadcca210 .functor BUFT 1, C4<00000000000000000000000000000001>, C4<0>, C4<0>, C4<0>;
v0x557489a890a0_0 .net/2u *"_ivl_44", 31 0, L_0x7f5fadcca210;  1 drivers
v0x557489a89180_0 .net *"_ivl_46", 0 0, L_0x557489aa67c0;  1 drivers
v0x557489a89240_0 .net *"_ivl_48", 0 0, L_0x557489a0dcd0;  1 drivers
v0x557489a89320_0 .net *"_ivl_50", 31 0, L_0x557489aa69f0;  1 drivers
L_0x7f5fadcca258 .functor BUFT 1, C4<00000000000000000000000000000>, C4<0>, C4<0>, C4<0>;
v0x557489a89400_0 .net *"_ivl_53", 28 0, L_0x7f5fadcca258;  1 drivers
L_0x7f5fadcca2a0 .functor BUFT 1, C4<00000000000000000000000000000110>, C4<0>, C4<0>, C4<0>;
v0x557489a894e0_0 .net/2u *"_ivl_54", 31 0, L_0x7f5fadcca2a0;  1 drivers
v0x557489a895c0_0 .net *"_ivl_56", 0 0, L_0x557489aa6b70;  1 drivers
v0x557489a89680_0 .net *"_ivl_58", 31 0, L_0x557489aa6ce0;  1 drivers
v0x557489a89760_0 .net *"_ivl_6", 0 0, L_0x557489aa5850;  1 drivers
L_0x7f5fadcca2e8 .functor BUFT 1, C4<00000000000000000000000000000>, C4<0>, C4<0>, C4<0>;
v0x557489a89820_0 .net *"_ivl_61", 28 0, L_0x7f5fadcca2e8;  1 drivers
L_0x7f5fadcca330 .functor BUFT 1, C4<00000000000000000000000000000100>, C4<0>, C4<0>, C4<0>;
v0x557489a89900_0 .net/2u *"_ivl_62", 31 0, L_0x7f5fadcca330;  1 drivers
v0x557489a899e0_0 .net *"_ivl_64", 0 0, L_0x557489aa6dd0;  1 drivers
v0x557489a89aa0_0 .net *"_ivl_66", 0 0, L_0x557489aa68e0;  1 drivers
L_0x7f5fadcca378 .functor BUFT 1, C4<00000000000000000000000000000000>, C4<0>, C4<0>, C4<0>;
v0x557489a89b80_0 .net/2u *"_ivl_68", 31 0, L_0x7f5fadcca378;  1 drivers
v0x557489a89c60_0 .net *"_ivl_70", 31 0, L_0x557489aa7070;  1 drivers
v0x557489a89d40_0 .net *"_ivl_74", 31 0, L_0x557489aa7390;  1 drivers
L_0x7f5fadcca3c0 .functor BUFT 1, C4<00000000000000000000000000000>, C4<0>, C4<0>, C4<0>;
v0x557489a89e20_0 .net *"_ivl_77", 28 0, L_0x7f5fadcca3c0;  1 drivers
L_0x7f5fadcca408 .functor BUFT 1, C4<00000000000000000000000000000110>, C4<0>, C4<0>, C4<0>;
v0x557489a89f00_0 .net/2u *"_ivl_78", 31 0, L_0x7f5fadcca408;  1 drivers
v0x557489a89fe0_0 .net *"_ivl_8", 31 0, L_0x557489aa59c0;  1 drivers
v0x557489a8a0c0_0 .net *"_ivl_83", 6 0, L_0x557489aa72a0;  1 drivers
L_0x7f5fadcca450 .functor BUFT 1, C4<0110011>, C4<0>, C4<0>, C4<0>;
v0x557489a8a1a0_0 .net/2u *"_ivl_84", 6 0, L_0x7f5fadcca450;  1 drivers
v0x557489a8a280_0 .net *"_ivl_89", 6 0, L_0x557489aa75c0;  1 drivers
L_0x7f5fadcca498 .functor BUFT 1, C4<0010011>, C4<0>, C4<0>, C4<0>;
v0x557489a8a360_0 .net/2u *"_ivl_90", 6 0, L_0x7f5fadcca498;  1 drivers
v0x557489a8a440_0 .net *"_ivl_95", 6 0, L_0x557489aa77b0;  1 drivers
L_0x7f5fadcca4e0 .functor BUFT 1, C4<1100011>, C4<0>, C4<0>, C4<0>;
v0x557489a8a520_0 .net/2u *"_ivl_96", 6 0, L_0x7f5fadcca4e0;  1 drivers
v0x557489a8a600_0 .net "aluMinus", 32 0, L_0x557489aabe40;  1 drivers
v0x557489a8a6e0_0 .net "aluPlus", 31 0, L_0x557489aab870;  1 drivers
v0x557489a8a7c0_0 .net "clk", 0 0, L_0x557489a954a0;  alias, 1 drivers
v0x557489a8a880_0 .net "funct3", 2 0, L_0x557489aab0a0;  1 drivers
v0x557489a8a960_0 .net "funct7", 6 0, L_0x557489aaae80;  1 drivers
v0x557489a8aa40_0 .var "instr", 31 0;
v0x557489a8ab20_0 .net "isALUimm", 0 0, L_0x557489aa78c0;  1 drivers
v0x557489a8abe0_0 .net "isALUreg", 0 0, L_0x557489aa7670;  1 drivers
v0x557489a8aca0_0 .net "isAUIPC", 0 0, L_0x557489aa8160;  1 drivers
v0x557489a8ad60_0 .net "isBranch", 0 0, L_0x557489aa7ad0;  1 drivers
v0x557489a8ae20_0 .net "isJAL", 0 0, L_0x557489aa7f20;  1 drivers
v0x557489a8aee0_0 .net "isJALR", 0 0, L_0x557489aa7d40;  1 drivers
v0x557489a8afa0_0 .net "isLUI", 0 0, L_0x557489aa8360;  1 drivers
v0x557489a8b060_0 .net "isLoad", 0 0, L_0x557489aa8570;  1 drivers
v0x557489a8b120_0 .net "isSYSTEM", 0 0, L_0x557489aa8a10;  1 drivers
v0x557489a8b1e0_0 .net "isStore", 0 0, L_0x557489aa87e0;  1 drivers
v0x557489a8b2a0_0 .net "leftshift", 31 0, L_0x557489aad400;  1 drivers
v0x557489a8b380_0 .net "loadstore_addr", 31 0, L_0x557489aa61e0;  1 drivers
v0x557489a8b460_0 .net "mem_byteAccess", 0 0, L_0x557489aadc70;  1 drivers
v0x557489a8b520_0 .net "mem_halfwordAccess", 0 0, L_0x557489aae4e0;  1 drivers
v0x557489a8b5e0_0 .net "mem_wmask", 3 0, L_0x557489ab0140;  alias, 1 drivers
v0x557489a8b6c0_0 .net "rdId_A3", 4 0, L_0x557489aaabe0;  1 drivers
v0x557489a8b7a0_0 .net "reset", 0 0, L_0x557489a95670;  alias, 1 drivers
v0x557489a8b860_0 .var "rs1", 31 0;
v0x557489a8b940_0 .net "rs1Id_A1", 4 0, L_0x557489aaaaa0;  1 drivers
v0x557489a8ba20_0 .var "rs2", 31 0;
v0x557489a8bb00_0 .net "rs2Id_A2", 4 0, L_0x557489aaab40;  1 drivers
v0x557489a8bbe0_0 .net "shamt", 4 0, L_0x557489aab700;  1 drivers
v0x557489a8bcc0_0 .net "shifter", 31 0, L_0x557489aacdb0;  1 drivers
v0x557489a8bda0_0 .net "shifter_in", 31 0, L_0x557489aac7d0;  1 drivers
v0x557489a8be80_0 .var "state", 2 0;
v0x557489a8bf60_0 .var "takeBranch", 0 0;
v0x557489a8c020_0 .net "writeBackData", 31 0, L_0x557489aa5fb0;  1 drivers
v0x557489a8c100_0 .net "writeBackEn", 0 0, L_0x557489a4d900;  1 drivers
E_0x557489a6a490 .event posedge, v0x557489a8a7c0_0;
E_0x557489a6aa30 .event anyedge, v0x557489a8a880_0, v0x557489a80300_0, v0x557489a805d0_0, v0x557489a80690_0;
E_0x557489a69720/0 .event anyedge, v0x557489a8a880_0, v0x557489a8a960_0, v0x557489a8aa40_0, v0x557489a8a600_0;
E_0x557489a69720/1 .event anyedge, v0x557489a8a6e0_0, v0x557489a8b2a0_0, v0x557489a805d0_0, v0x557489a80690_0;
E_0x557489a69720/2 .event anyedge, v0x557489a80ef0_0, v0x557489a80fd0_0, v0x557489a8bcc0_0;
E_0x557489a69720 .event/or E_0x557489a69720/0, E_0x557489a69720/1, E_0x557489a69720/2;
L_0x557489a957a0 .concat [ 3 29 0 0], v0x557489a8be80_0, L_0x7f5fadcca018;
L_0x557489aa5850 .cmp/eq 32, L_0x557489a957a0, L_0x7f5fadcca060;
L_0x557489aa59c0 .concat [ 3 29 0 0], v0x557489a8be80_0, L_0x7f5fadcca0a8;
L_0x557489aa5b00 .cmp/eq 32, L_0x557489aa59c0, L_0x7f5fadcca0f0;
L_0x557489aa5dc0 .reduce/nor L_0x557489a4d4f0;
L_0x557489aa5fb0 .functor MUXZ 32, v0x557489a4d610_0, v0x557489a91200_0, L_0x557489aa8570, C4<>;
L_0x557489aa6090 .functor MUXZ 32, L_0x557489aa8ee0, L_0x557489aa9720, L_0x557489aa87e0, C4<>;
L_0x557489aa61e0 .arith/sum 32, v0x557489a8b860_0, L_0x557489aa6090;
L_0x557489aa6380 .concat [ 3 29 0 0], v0x557489a8be80_0, L_0x7f5fadcca138;
L_0x557489aa64f0 .cmp/eq 32, L_0x557489aa6380, L_0x7f5fadcca180;
L_0x557489aa6690 .concat [ 3 29 0 0], v0x557489a8be80_0, L_0x7f5fadcca1c8;
L_0x557489aa67c0 .cmp/eq 32, L_0x557489aa6690, L_0x7f5fadcca210;
L_0x557489aa69f0 .concat [ 3 29 0 0], v0x557489a8be80_0, L_0x7f5fadcca258;
L_0x557489aa6b70 .cmp/eq 32, L_0x557489aa69f0, L_0x7f5fadcca2a0;
L_0x557489aa6ce0 .concat [ 3 29 0 0], v0x557489a8be80_0, L_0x7f5fadcca2e8;
L_0x557489aa6dd0 .cmp/eq 32, L_0x557489aa6ce0, L_0x7f5fadcca330;
L_0x557489aa7070 .functor MUXZ 32, L_0x7f5fadcca378, L_0x557489aa61e0, L_0x557489aa68e0, C4<>;
L_0x557489aa7200 .functor MUXZ 32, L_0x557489aa7070, v0x557489a80810_0, L_0x557489a0dcd0, C4<>;
L_0x557489aa7390 .concat [ 3 29 0 0], v0x557489a8be80_0, L_0x7f5fadcca3c0;
L_0x557489aa7480 .cmp/eq 32, L_0x557489aa7390, L_0x7f5fadcca408;
L_0x557489aa72a0 .part v0x557489a8aa40_0, 0, 7;
L_0x557489aa7670 .cmp/eq 7, L_0x557489aa72a0, L_0x7f5fadcca450;
L_0x557489aa75c0 .part v0x557489a8aa40_0, 0, 7;
L_0x557489aa78c0 .cmp/eq 7, L_0x557489aa75c0, L_0x7f5fadcca498;
L_0x557489aa77b0 .part v0x557489a8aa40_0, 0, 7;
L_0x557489aa7ad0 .cmp/eq 7, L_0x557489aa77b0, L_0x7f5fadcca4e0;
L_0x557489aa7a00 .part v0x557489a8aa40_0, 0, 7;
L_0x557489aa7d40 .cmp/eq 7, L_0x557489aa7a00, L_0x7f5fadcca528;
L_0x557489aa7c60 .part v0x557489a8aa40_0, 0, 7;
L_0x557489aa7f20 .cmp/eq 7, L_0x557489aa7c60, L_0x7f5fadcca570;
L_0x557489aa7e30 .part v0x557489a8aa40_0, 0, 7;
L_0x557489aa8160 .cmp/eq 7, L_0x557489aa7e30, L_0x7f5fadcca5b8;
L_0x557489aa8060 .part v0x557489a8aa40_0, 0, 7;
L_0x557489aa8360 .cmp/eq 7, L_0x557489aa8060, L_0x7f5fadcca600;
L_0x557489aa8250 .part v0x557489a8aa40_0, 0, 7;
L_0x557489aa8570 .cmp/eq 7, L_0x557489aa8250, L_0x7f5fadcca648;
L_0x557489aa8450 .part v0x557489a8aa40_0, 0, 7;
L_0x557489aa87e0 .cmp/eq 7, L_0x557489aa8450, L_0x7f5fadcca690;
L_0x557489aa86b0 .part v0x557489a8aa40_0, 0, 7;
L_0x557489aa8a10 .cmp/eq 7, L_0x557489aa86b0, L_0x7f5fadcca6d8;
L_0x557489aa88d0 .part v0x557489a8aa40_0, 31, 1;
L_0x557489aa8970 .part v0x557489a8aa40_0, 12, 19;
L_0x557489aa8cb0 .concat [ 12 19 1 0], L_0x7f5fadcca720, L_0x557489aa8970, L_0x557489aa88d0;
L_0x557489aa8e40 .part v0x557489a8aa40_0, 31, 1;
LS_0x557489aa8b50_0_0 .concat [ 1 1 1 1], L_0x557489aa8e40, L_0x557489aa8e40, L_0x557489aa8e40, L_0x557489aa8e40;
LS_0x557489aa8b50_0_4 .concat [ 1 1 1 1], L_0x557489aa8e40, L_0x557489aa8e40, L_0x557489aa8e40, L_0x557489aa8e40;
LS_0x557489aa8b50_0_8 .concat [ 1 1 1 1], L_0x557489aa8e40, L_0x557489aa8e40, L_0x557489aa8e40, L_0x557489aa8e40;
LS_0x557489aa8b50_0_12 .concat [ 1 1 1 1], L_0x557489aa8e40, L_0x557489aa8e40, L_0x557489aa8e40, L_0x557489aa8e40;
LS_0x557489aa8b50_0_16 .concat [ 1 1 1 1], L_0x557489aa8e40, L_0x557489aa8e40, L_0x557489aa8e40, L_0x557489aa8e40;
LS_0x557489aa8b50_0_20 .concat [ 1 0 0 0], L_0x557489aa8e40;
LS_0x557489aa8b50_1_0 .concat [ 4 4 4 4], LS_0x557489aa8b50_0_0, LS_0x557489aa8b50_0_4, LS_0x557489aa8b50_0_8, LS_0x557489aa8b50_0_12;
LS_0x557489aa8b50_1_4 .concat [ 4 1 0 0], LS_0x557489aa8b50_0_16, LS_0x557489aa8b50_0_20;
L_0x557489aa8b50 .concat [ 16 5 0 0], LS_0x557489aa8b50_1_0, LS_0x557489aa8b50_1_4;
L_0x557489aa93c0 .part v0x557489a8aa40_0, 20, 11;
L_0x557489aa8ee0 .concat [ 11 21 0 0], L_0x557489aa93c0, L_0x557489aa8b50;
L_0x557489aa95e0 .part v0x557489a8aa40_0, 31, 1;
LS_0x557489aa9460_0_0 .concat [ 1 1 1 1], L_0x557489aa95e0, L_0x557489aa95e0, L_0x557489aa95e0, L_0x557489aa95e0;
LS_0x557489aa9460_0_4 .concat [ 1 1 1 1], L_0x557489aa95e0, L_0x557489aa95e0, L_0x557489aa95e0, L_0x557489aa95e0;
LS_0x557489aa9460_0_8 .concat [ 1 1 1 1], L_0x557489aa95e0, L_0x557489aa95e0, L_0x557489aa95e0, L_0x557489aa95e0;
LS_0x557489aa9460_0_12 .concat [ 1 1 1 1], L_0x557489aa95e0, L_0x557489aa95e0, L_0x557489aa95e0, L_0x557489aa95e0;
LS_0x557489aa9460_0_16 .concat [ 1 1 1 1], L_0x557489aa95e0, L_0x557489aa95e0, L_0x557489aa95e0, L_0x557489aa95e0;
LS_0x557489aa9460_0_20 .concat [ 1 0 0 0], L_0x557489aa95e0;
LS_0x557489aa9460_1_0 .concat [ 4 4 4 4], LS_0x557489aa9460_0_0, LS_0x557489aa9460_0_4, LS_0x557489aa9460_0_8, LS_0x557489aa9460_0_12;
LS_0x557489aa9460_1_4 .concat [ 4 1 0 0], LS_0x557489aa9460_0_16, LS_0x557489aa9460_0_20;
L_0x557489aa9460 .concat [ 16 5 0 0], LS_0x557489aa9460_1_0, LS_0x557489aa9460_1_4;
L_0x557489aa9a70 .part v0x557489a8aa40_0, 25, 6;
L_0x557489aa9680 .part v0x557489a8aa40_0, 7, 5;
L_0x557489aa9720 .concat [ 5 6 21 0], L_0x557489aa9680, L_0x557489aa9a70, L_0x557489aa9460;
L_0x557489aa9d20 .part v0x557489a8aa40_0, 31, 1;
LS_0x557489aa9dc0_0_0 .concat [ 1 1 1 1], L_0x557489aa9d20, L_0x557489aa9d20, L_0x557489aa9d20, L_0x557489aa9d20;
LS_0x557489aa9dc0_0_4 .concat [ 1 1 1 1], L_0x557489aa9d20, L_0x557489aa9d20, L_0x557489aa9d20, L_0x557489aa9d20;
LS_0x557489aa9dc0_0_8 .concat [ 1 1 1 1], L_0x557489aa9d20, L_0x557489aa9d20, L_0x557489aa9d20, L_0x557489aa9d20;
LS_0x557489aa9dc0_0_12 .concat [ 1 1 1 1], L_0x557489aa9d20, L_0x557489aa9d20, L_0x557489aa9d20, L_0x557489aa9d20;
LS_0x557489aa9dc0_0_16 .concat [ 1 1 1 1], L_0x557489aa9d20, L_0x557489aa9d20, L_0x557489aa9d20, L_0x557489aa9d20;
LS_0x557489aa9dc0_1_0 .concat [ 4 4 4 4], LS_0x557489aa9dc0_0_0, LS_0x557489aa9dc0_0_4, LS_0x557489aa9dc0_0_8, LS_0x557489aa9dc0_0_12;
LS_0x557489aa9dc0_1_4 .concat [ 4 0 0 0], LS_0x557489aa9dc0_0_16;
L_0x557489aa9dc0 .concat [ 16 4 0 0], LS_0x557489aa9dc0_1_0, LS_0x557489aa9dc0_1_4;
L_0x557489aa9f60 .part v0x557489a8aa40_0, 7, 1;
L_0x557489aaa000 .part v0x557489a8aa40_0, 25, 6;
L_0x557489aaa5a0 .part v0x557489a8aa40_0, 8, 4;
LS_0x557489aaa640_0_0 .concat [ 1 4 6 1], L_0x7f5fadcca768, L_0x557489aaa5a0, L_0x557489aaa000, L_0x557489aa9f60;
LS_0x557489aaa640_0_4 .concat [ 20 0 0 0], L_0x557489aa9dc0;
L_0x557489aaa640 .concat [ 12 20 0 0], LS_0x557489aaa640_0_0, LS_0x557489aaa640_0_4;
L_0x557489aaa3d0 .part v0x557489a8aa40_0, 31, 1;
LS_0x557489aaa470_0_0 .concat [ 1 1 1 1], L_0x557489aaa3d0, L_0x557489aaa3d0, L_0x557489aaa3d0, L_0x557489aaa3d0;
LS_0x557489aaa470_0_4 .concat [ 1 1 1 1], L_0x557489aaa3d0, L_0x557489aaa3d0, L_0x557489aaa3d0, L_0x557489aaa3d0;
LS_0x557489aaa470_0_8 .concat [ 1 1 1 1], L_0x557489aaa3d0, L_0x557489aaa3d0, L_0x557489aaa3d0, L_0x557489aaa3d0;
L_0x557489aaa470 .concat [ 4 4 4 0], LS_0x557489aaa470_0_0, LS_0x557489aaa470_0_4, LS_0x557489aaa470_0_8;
L_0x557489aaa870 .part v0x557489a8aa40_0, 12, 8;
L_0x557489aaa910 .part v0x557489a8aa40_0, 20, 1;
L_0x557489aaa9b0 .part v0x557489a8aa40_0, 21, 10;
LS_0x557489aaaca0_0_0 .concat [ 1 10 1 8], L_0x7f5fadcca7b0, L_0x557489aaa9b0, L_0x557489aaa910, L_0x557489aaa870;
LS_0x557489aaaca0_0_4 .concat [ 12 0 0 0], L_0x557489aaa470;
L_0x557489aaaca0 .concat [ 20 12 0 0], LS_0x557489aaaca0_0_0, LS_0x557489aaaca0_0_4;
L_0x557489aaaaa0 .part v0x557489a8aa40_0, 15, 5;
L_0x557489aaab40 .part v0x557489a8aa40_0, 20, 5;
L_0x557489aaabe0 .part v0x557489a8aa40_0, 7, 5;
L_0x557489aab0a0 .part v0x557489a8aa40_0, 12, 3;
L_0x557489aaae80 .part v0x557489a8aa40_0, 25, 7;
L_0x557489aab410 .functor MUXZ 32, L_0x557489aa8ee0, v0x557489a8ba20_0, L_0x557489aab010, C4<>;
L_0x557489aab190 .part v0x557489a8ba20_0, 0, 5;
L_0x557489aab2b0 .part v0x557489a8aa40_0, 20, 5;
L_0x557489aab700 .functor MUXZ 5, L_0x557489aab2b0, L_0x557489aab190, L_0x557489aa7670, C4<>;
L_0x557489aab870 .arith/sum 32, L_0x557489aaaf20, L_0x557489aab410;
L_0x557489aab4b0 .concat [ 32 1 0 0], L_0x557489aab910, L_0x7f5fadcca7f8;
L_0x557489aab5f0 .concat [ 32 1 0 0], L_0x557489aaaf20, L_0x7f5fadcca840;
L_0x557489aabc90 .arith/sum 33, L_0x557489aab4b0, L_0x557489aab5f0;
L_0x557489aabe40 .arith/sum 33, L_0x557489aabc90, L_0x7f5fadcca888;
L_0x557489aaba20 .part L_0x557489aaaf20, 31, 1;
L_0x557489aabac0 .part L_0x557489aab410, 31, 1;
L_0x557489aac210 .part L_0x557489aaaf20, 31, 1;
L_0x557489aac2b0 .part L_0x557489aabe40, 32, 1;
L_0x557489aabf80 .functor MUXZ 1, L_0x557489aac2b0, L_0x557489aac210, L_0x557489aabd30, C4<>;
L_0x557489aac110 .part L_0x557489aabe40, 32, 1;
L_0x557489aac600 .part L_0x557489aabe40, 0, 32;
L_0x557489aac730 .cmp/eq 32, L_0x557489aac600, L_0x7f5fadcca8d0;
L_0x557489aac560 .cmp/eq 3, L_0x557489aab0a0, L_0x7f5fadcca918;
L_0x557489aacb30 .ufunc/vec4 TD_testbench.dut.cpu.flip32, 32, L_0x557489aaaf20 (v0x557489a688b0_0) S_0x557489a32c60;
L_0x557489aac7d0 .functor MUXZ 32, L_0x557489aaaf20, L_0x557489aacb30, L_0x557489aac560, C4<>;
L_0x557489aac910 .part v0x557489a8aa40_0, 30, 1;
L_0x557489aac9b0 .part L_0x557489aaaf20, 31, 1;
L_0x557489aacfc0 .concat [ 32 1 0 0], L_0x557489aac7d0, L_0x557489aaceb0;
L_0x557489aacbd0 .part L_0x557489aab410, 0, 5;
L_0x557489aacc70 .shift/rs 33, L_0x557489aacfc0, L_0x557489aacbd0;
L_0x557489aacdb0 .part L_0x557489aacc70, 0, 32;
L_0x557489aad400 .ufunc/vec4 TD_testbench.dut.cpu.flip32, 32, L_0x557489aacdb0 (v0x557489a688b0_0) S_0x557489a32c60;
L_0x557489aad100 .arith/sum 32, v0x557489a80810_0, L_0x7f5fadcca960;
L_0x557489aad2b0 .functor MUXZ 32, L_0x557489aaa640, L_0x557489aa8cb0, L_0x557489aa8160, C4<>;
L_0x557489aad860 .functor MUXZ 32, L_0x557489aad2b0, L_0x557489aaaca0, L_0x557489aa7f20, C4<>;
L_0x557489aad9f0 .arith/sum 32, v0x557489a80810_0, L_0x557489aad860;
L_0x557489aad5d0 .part L_0x557489aab870, 1, 31;
L_0x557489aad6c0 .concat [ 1 31 0 0], L_0x7f5fadcca9a8, L_0x557489aad5d0;
L_0x557489aade20 .functor MUXZ 32, L_0x557489aad100, L_0x557489aad6c0, L_0x557489aa7d40, C4<>;
L_0x557489aadfb0 .functor MUXZ 32, L_0x557489aade20, L_0x557489aad9f0, L_0x557489aad560, C4<>;
L_0x557489aadbd0 .part L_0x557489aab0a0, 0, 2;
L_0x557489aadc70 .cmp/eq 2, L_0x557489aadbd0, L_0x7f5fadcca9f0;
L_0x557489aae3b0 .part L_0x557489aab0a0, 0, 2;
L_0x557489aae4e0 .cmp/eq 2, L_0x557489aae3b0, L_0x7f5fadccaa38;
L_0x557489aae050 .part v0x557489a8ba20_0, 0, 8;
L_0x557489aae0f0 .part L_0x557489aa61e0, 0, 1;
L_0x557489aae190 .part v0x557489a8ba20_0, 0, 8;
L_0x557489aae2c0 .part v0x557489a8ba20_0, 8, 8;
L_0x557489aae910 .functor MUXZ 8, L_0x557489aae2c0, L_0x557489aae190, L_0x557489aae0f0, C4<>;
L_0x557489aaea00 .part L_0x557489aa61e0, 1, 1;
L_0x557489aae580 .part v0x557489a8ba20_0, 0, 8;
L_0x557489aae620 .part v0x557489a8ba20_0, 16, 8;
L_0x557489aae6c0 .functor MUXZ 8, L_0x557489aae620, L_0x557489aae580, L_0x557489aaea00, C4<>;
L_0x557489aae800 .concat8 [ 8 8 8 8], L_0x557489aae050, L_0x557489aae910, L_0x557489aae6c0, L_0x557489aaf020;
L_0x557489aaeb30 .part L_0x557489aa61e0, 0, 1;
L_0x557489aaebd0 .part v0x557489a8ba20_0, 0, 8;
L_0x557489aaec70 .part L_0x557489aa61e0, 1, 1;
L_0x557489aaed10 .part v0x557489a8ba20_0, 8, 8;
L_0x557489aaedb0 .part v0x557489a8ba20_0, 24, 8;
L_0x557489aaf360 .functor MUXZ 8, L_0x557489aaedb0, L_0x557489aaed10, L_0x557489aaec70, C4<>;
L_0x557489aaf020 .functor MUXZ 8, L_0x557489aaf360, L_0x557489aaebd0, L_0x557489aaeb30, C4<>;
L_0x557489aaf200 .part L_0x557489aa61e0, 1, 1;
L_0x557489aaf2a0 .part L_0x557489aa61e0, 0, 1;
L_0x557489aaf910 .functor MUXZ 4, L_0x7f5fadccaac8, L_0x7f5fadccaa80, L_0x557489aaf2a0, C4<>;
L_0x557489aaf450 .part L_0x557489aa61e0, 0, 1;
L_0x557489aaf4f0 .functor MUXZ 4, L_0x7f5fadccab58, L_0x7f5fadccab10, L_0x557489aaf450, C4<>;
L_0x557489aaf680 .functor MUXZ 4, L_0x557489aaf4f0, L_0x557489aaf910, L_0x557489aaf200, C4<>;
L_0x557489aafe20 .part L_0x557489aa61e0, 1, 1;
L_0x557489aaf9b0 .functor MUXZ 4, L_0x7f5fadccabe8, L_0x7f5fadccaba0, L_0x557489aafe20, C4<>;
L_0x557489aafb40 .functor MUXZ 4, L_0x7f5fadccac30, L_0x557489aaf9b0, L_0x557489aae4e0, C4<>;
L_0x557489aafcd0 .functor MUXZ 4, L_0x557489aafb40, L_0x557489aaf680, L_0x557489aadc70, C4<>;
L_0x557489ab03a0 .concat [ 3 29 0 0], v0x557489a8be80_0, L_0x7f5fadccac78;
L_0x557489aaff10 .cmp/eq 32, L_0x557489ab03a0, L_0x7f5fadccacc0;
L_0x557489ab0050 .concat [ 1 1 1 1], L_0x557489aaff10, L_0x557489aaff10, L_0x557489aaff10, L_0x557489aaff10;
S_0x557489a32c60 .scope function.vec4.s32, "flip32" "flip32" 5 69, 5 69 0, S_0x557489a2ea20;
 .timescale 0 0;
; Variable flip32 is vec4 return value of scope S_0x557489a32c60
v0x557489a688b0_0 .var "x", 31 0;
TD_testbench.dut.cpu.flip32 ;
    %load/vec4 v0x557489a688b0_0;
    %parti/s 1, 0, 2;
    %load/vec4 v0x557489a688b0_0;
    %parti/s 1, 1, 2;
    %concat/vec4; draw_concat_vec4
    %load/vec4 v0x557489a688b0_0;
    %parti/s 1, 2, 3;
    %concat/vec4; draw_concat_vec4
    %load/vec4 v0x557489a688b0_0;
    %parti/s 1, 3, 3;
    %concat/vec4; draw_concat_vec4
    %load/vec4 v0x557489a688b0_0;
    %parti/s 1, 4, 4;
    %concat/vec4; draw_concat_vec4
    %load/vec4 v0x557489a688b0_0;
    %parti/s 1, 5, 4;
    %concat/vec4; draw_concat_vec4
    %load/vec4 v0x557489a688b0_0;
    %parti/s 1, 6, 4;
    %concat/vec4; draw_concat_vec4
    %load/vec4 v0x557489a688b0_0;
    %parti/s 1, 7, 4;
    %concat/vec4; draw_concat_vec4
    %load/vec4 v0x557489a688b0_0;
    %parti/s 1, 8, 5;
    %concat/vec4; draw_concat_vec4
    %load/vec4 v0x557489a688b0_0;
    %parti/s 1, 9, 5;
    %concat/vec4; draw_concat_vec4
    %load/vec4 v0x557489a688b0_0;
    %parti/s 1, 10, 5;
    %concat/vec4; draw_concat_vec4
    %load/vec4 v0x557489a688b0_0;
    %parti/s 1, 11, 5;
    %concat/vec4; draw_concat_vec4
    %load/vec4 v0x557489a688b0_0;
    %parti/s 1, 12, 5;
    %concat/vec4; draw_concat_vec4
    %load/vec4 v0x557489a688b0_0;
    %parti/s 1, 13, 5;
    %concat/vec4; draw_concat_vec4
    %load/vec4 v0x557489a688b0_0;
    %parti/s 1, 14, 5;
    %concat/vec4; draw_concat_vec4
    %load/vec4 v0x557489a688b0_0;
    %parti/s 1, 15, 5;
    %concat/vec4; draw_concat_vec4
    %load/vec4 v0x557489a688b0_0;
    %parti/s 1, 16, 6;
    %concat/vec4; draw_concat_vec4
    %load/vec4 v0x557489a688b0_0;
    %parti/s 1, 17, 6;
    %concat/vec4; draw_concat_vec4
    %load/vec4 v0x557489a688b0_0;
    %parti/s 1, 18, 6;
    %concat/vec4; draw_concat_vec4
    %load/vec4 v0x557489a688b0_0;
    %parti/s 1, 19, 6;
    %concat/vec4; draw_concat_vec4
    %load/vec4 v0x557489a688b0_0;
    %parti/s 1, 20, 6;
    %concat/vec4; draw_concat_vec4
    %load/vec4 v0x557489a688b0_0;
    %parti/s 1, 21, 6;
    %concat/vec4; draw_concat_vec4
    %load/vec4 v0x557489a688b0_0;
    %parti/s 1, 22, 6;
    %concat/vec4; draw_concat_vec4
    %load/vec4 v0x557489a688b0_0;
    %parti/s 1, 23, 6;
    %concat/vec4; draw_concat_vec4
    %load/vec4 v0x557489a688b0_0;
    %parti/s 1, 24, 6;
    %concat/vec4; draw_concat_vec4
    %load/vec4 v0x557489a688b0_0;
    %parti/s 1, 25, 6;
    %concat/vec4; draw_concat_vec4
    %load/vec4 v0x557489a688b0_0;
    %parti/s 1, 26, 6;
    %concat/vec4; draw_concat_vec4
    %load/vec4 v0x557489a688b0_0;
    %parti/s 1, 27, 6;
    %concat/vec4; draw_concat_vec4
    %load/vec4 v0x557489a688b0_0;
    %parti/s 1, 28, 6;
    %concat/vec4; draw_concat_vec4
    %load/vec4 v0x557489a688b0_0;
    %parti/s 1, 29, 6;
    %concat/vec4; draw_concat_vec4
    %load/vec4 v0x557489a688b0_0;
    %parti/s 1, 30, 6;
    %concat/vec4; draw_concat_vec4
    %load/vec4 v0x557489a688b0_0;
    %parti/s 1, 31, 6;
    %concat/vec4; draw_concat_vec4
    %ret/vec4 0, 0, 32;  Assign to flip32 (store_vec4_to_lval)
    %end;
S_0x557489a36c30 .scope module, "gpu" "vga" 4 47, 6 1 0, S_0x557489a2d180;
 .timescale 0 0;
    .port_info 0 /INPUT 1 "clk";
    .port_info 1 /INPUT 1 "reset";
    .port_info 2 /OUTPUT 1 "vga_HS";
    .port_info 3 /OUTPUT 1 "vga_VS";
    .port_info 4 /OUTPUT 1 "vga_DA";
    .port_info 5 /OUTPUT 32 "vaddr";
P_0x557489a8c2c0 .param/l "HBACK" 0 6 4, +C4<00000000000000000000000000110000>;
P_0x557489a8c300 .param/l "HEIGHT" 0 6 3, +C4<00000000000000000000000111100000>;
P_0x557489a8c340 .param/l "HFRONT" 0 6 4, +C4<00000000000000000000000000010000>;
P_0x557489a8c380 .param/l "HPULSEN" 0 6 4, +C4<00000000000000000000000000000001>;
P_0x557489a8c3c0 .param/l "HSYNC" 0 6 4, +C4<00000000000000000000000001100000>;
P_0x557489a8c400 .param/l "VBACK" 0 6 5, +C4<00000000000000000000000000100001>;
P_0x557489a8c440 .param/l "VFRONT" 0 6 5, +C4<00000000000000000000000000001010>;
P_0x557489a8c480 .param/l "VPULSEN" 0 6 5, +C4<00000000000000000000000000000001>;
P_0x557489a8c4c0 .param/l "VSYNC" 0 6 5, +C4<00000000000000000000000000000010>;
P_0x557489a8c500 .param/l "WIDTH" 0 6 3, +C4<00000000000000000000001010000000>;
v0x557489a8ca90_0 .var "CounterX", 9 0;
v0x557489a8cb90_0 .net "CounterXmaxed", 0 0, L_0x557489ab0eb0;  1 drivers
v0x557489a8cc50_0 .var "CounterY", 9 0;
v0x557489a8cd40_0 .net "CounterYmaxed", 0 0, L_0x557489ab10e0;  1 drivers
v0x557489a8ce00_0 .net *"_ivl_0", 31 0, L_0x557489ab0dc0;  1 drivers
L_0x7f5fadccade0 .functor BUFT 1, C4<0000000000000000000000>, C4<0>, C4<0>, C4<0>;
v0x557489a8cf30_0 .net *"_ivl_11", 21 0, L_0x7f5fadccade0;  1 drivers
L_0x7f5fadccae28 .functor BUFT 1, C4<00000000000000000000001000001101>, C4<0>, C4<0>, C4<0>;
v0x557489a8d010_0 .net/2u *"_ivl_12", 31 0, L_0x7f5fadccae28;  1 drivers
v0x557489a8d0f0_0 .net *"_ivl_16", 9 0, L_0x557489ab1310;  1 drivers
v0x557489a8d1d0_0 .net *"_ivl_18", 4 0, L_0x557489ab1220;  1 drivers
L_0x7f5fadccae70 .functor BUFT 1, C4<00000>, C4<0>, C4<0>, C4<0>;
v0x557489a8d2b0_0 .net *"_ivl_20", 4 0, L_0x7f5fadccae70;  1 drivers
v0x557489a8d390_0 .net *"_ivl_24", 9 0, L_0x557489ab1680;  1 drivers
v0x557489a8d470_0 .net *"_ivl_26", 4 0, L_0x557489ab1540;  1 drivers
L_0x7f5fadccaeb8 .functor BUFT 1, C4<00000>, C4<0>, C4<0>, C4<0>;
v0x557489a8d550_0 .net *"_ivl_28", 4 0, L_0x7f5fadccaeb8;  1 drivers
L_0x7f5fadccad50 .functor BUFT 1, C4<0000000000000000000000>, C4<0>, C4<0>, C4<0>;
v0x557489a8d630_0 .net *"_ivl_3", 21 0, L_0x7f5fadccad50;  1 drivers
v0x557489a8d710_0 .net *"_ivl_32", 31 0, L_0x557489ab18b0;  1 drivers
L_0x7f5fadccaf00 .functor BUFT 1, C4<00000000000000000000000000>, C4<0>, C4<0>, C4<0>;
v0x557489a8d7f0_0 .net *"_ivl_35", 25 0, L_0x7f5fadccaf00;  1 drivers
v0x557489a8d8d0_0 .net *"_ivl_36", 31 0, L_0x557489ab19a0;  1 drivers
L_0x7f5fadccaf48 .functor BUFT 1, C4<00000000000000000000000000>, C4<0>, C4<0>, C4<0>;
v0x557489a8d9b0_0 .net *"_ivl_39", 25 0, L_0x7f5fadccaf48;  1 drivers
L_0x7f5fadccad98 .functor BUFT 1, C4<00000000000000000000001100100000>, C4<0>, C4<0>, C4<0>;
v0x557489a8da90_0 .net/2u *"_ivl_4", 31 0, L_0x7f5fadccad98;  1 drivers
v0x557489a8db70_0 .net *"_ivl_40", 31 0, L_0x557489ab1bd0;  1 drivers
v0x557489a8dc50_0 .net *"_ivl_42", 27 0, L_0x557489ab1ae0;  1 drivers
L_0x7f5fadccaf90 .functor BUFT 1, C4<0000>, C4<0>, C4<0>, C4<0>;
v0x557489a8dd30_0 .net *"_ivl_44", 3 0, L_0x7f5fadccaf90;  1 drivers
v0x557489a8de10_0 .net *"_ivl_46", 31 0, L_0x557489ab1d90;  1 drivers
v0x557489a8def0_0 .net *"_ivl_48", 31 0, L_0x557489ab1ed0;  1 drivers
L_0x7f5fadccafd8 .functor BUFT 1, C4<00000000000000000000000000>, C4<0>, C4<0>, C4<0>;
v0x557489a8dfd0_0 .net *"_ivl_51", 25 0, L_0x7f5fadccafd8;  1 drivers
v0x557489a8e0b0_0 .net *"_ivl_52", 31 0, L_0x557489ab2140;  1 drivers
v0x557489a8e190_0 .net *"_ivl_54", 29 0, L_0x557489ab2050;  1 drivers
L_0x7f5fadccb020 .functor BUFT 1, C4<00>, C4<0>, C4<0>, C4<0>;
v0x557489a8e270_0 .net *"_ivl_56", 1 0, L_0x7f5fadccb020;  1 drivers
v0x557489a8e350_0 .net *"_ivl_8", 31 0, L_0x557489ab0ff0;  1 drivers
v0x557489a8e430_0 .net "clk", 0 0, v0x557489a92130_0;  1 drivers
v0x557489a8e4f0_0 .net "col", 5 0, L_0x557489ab17c0;  1 drivers
v0x557489a8e5d0_0 .net "reset", 0 0, L_0x557489a95670;  alias, 1 drivers
v0x557489a8e670_0 .net "row", 5 0, L_0x557489ab1450;  1 drivers
v0x557489a8e730_0 .net "vaddr", 31 0, L_0x557489ab2320;  alias, 1 drivers
v0x557489a8e810_0 .var "vga_DA", 0 0;
v0x557489a8e8d0_0 .var "vga_HS", 0 0;
v0x557489a8e990_0 .var "vga_VS", 0 0;
E_0x557489a8ca30 .event posedge, v0x557489a8b7a0_0, v0x557489a8e430_0;
L_0x557489ab0dc0 .concat [ 10 22 0 0], v0x557489a8ca90_0, L_0x7f5fadccad50;
L_0x557489ab0eb0 .cmp/eq 32, L_0x557489ab0dc0, L_0x7f5fadccad98;
L_0x557489ab0ff0 .concat [ 10 22 0 0], v0x557489a8cc50_0, L_0x7f5fadccade0;
L_0x557489ab10e0 .cmp/eq 32, L_0x557489ab0ff0, L_0x7f5fadccae28;
L_0x557489ab1220 .part v0x557489a8cc50_0, 5, 5;
L_0x557489ab1310 .concat [ 5 5 0 0], L_0x557489ab1220, L_0x7f5fadccae70;
L_0x557489ab1450 .part L_0x557489ab1310, 0, 6;
L_0x557489ab1540 .part v0x557489a8ca90_0, 5, 5;
L_0x557489ab1680 .concat [ 5 5 0 0], L_0x557489ab1540, L_0x7f5fadccaeb8;
L_0x557489ab17c0 .part L_0x557489ab1680, 0, 6;
L_0x557489ab18b0 .concat [ 6 26 0 0], L_0x557489ab17c0, L_0x7f5fadccaf00;
L_0x557489ab19a0 .concat [ 6 26 0 0], L_0x557489ab1450, L_0x7f5fadccaf48;
L_0x557489ab1ae0 .part L_0x557489ab19a0, 0, 28;
L_0x557489ab1bd0 .concat [ 4 28 0 0], L_0x7f5fadccaf90, L_0x557489ab1ae0;
L_0x557489ab1d90 .arith/sum 32, L_0x557489ab18b0, L_0x557489ab1bd0;
L_0x557489ab1ed0 .concat [ 6 26 0 0], L_0x557489ab1450, L_0x7f5fadccafd8;
L_0x557489ab2050 .part L_0x557489ab1ed0, 0, 30;
L_0x557489ab2140 .concat [ 2 30 0 0], L_0x7f5fadccb020, L_0x557489ab2050;
L_0x557489ab2320 .arith/sum 32, L_0x557489ab1d90, L_0x557489ab2140;
S_0x557489a0d050 .scope module, "hex0" "dec7seg" 4 54, 7 1 0, S_0x557489a2d180;
 .timescale 0 0;
    .port_info 0 /INPUT 4 "hex";
    .port_info 1 /OUTPUT 7 "segs";
v0x557489a8ec00_0 .net "hex", 3 0, L_0x557489ab2410;  1 drivers
v0x557489a8ed00_0 .var "segs", 6 0;
E_0x557489a8eb80 .event anyedge, v0x557489a8ec00_0;
S_0x557489a8ee40 .scope module, "hex1" "dec7seg" 4 55, 7 1 0, S_0x557489a2d180;
 .timescale 0 0;
    .port_info 0 /INPUT 4 "hex";
    .port_info 1 /OUTPUT 7 "segs";
v0x557489a8f0e0_0 .net "hex", 3 0, L_0x557489ab2540;  1 drivers
v0x557489a8f1e0_0 .var "segs", 6 0;
E_0x557489a8f060 .event anyedge, v0x557489a8f0e0_0;
S_0x557489a8f320 .scope module, "hex2" "dec7seg" 4 56, 7 1 0, S_0x557489a2d180;
 .timescale 0 0;
    .port_info 0 /INPUT 4 "hex";
    .port_info 1 /OUTPUT 7 "segs";
v0x557489a8f610_0 .net "hex", 3 0, L_0x557489ab2630;  1 drivers
v0x557489a8f710_0 .var "segs", 6 0;
E_0x557489a8f590 .event anyedge, v0x557489a8f610_0;
S_0x557489a8f850 .scope module, "hex3" "dec7seg" 4 57, 7 1 0, S_0x557489a2d180;
 .timescale 0 0;
    .port_info 0 /INPUT 4 "hex";
    .port_info 1 /OUTPUT 7 "segs";
v0x557489a8faf0_0 .net "hex", 3 0, L_0x557489ab2770;  1 drivers
v0x557489a8fbf0_0 .var "segs", 6 0;
E_0x557489a8fa70 .event anyedge, v0x557489a8faf0_0;
S_0x557489a8fd30 .scope module, "hex4" "dec7seg" 4 58, 7 1 0, S_0x557489a2d180;
 .timescale 0 0;
    .port_info 0 /INPUT 4 "hex";
    .port_info 1 /OUTPUT 7 "segs";
v0x557489a8ffd0_0 .net "hex", 3 0, L_0x557489ab2810;  1 drivers
v0x557489a900d0_0 .var "segs", 6 0;
E_0x557489a8ff50 .event anyedge, v0x557489a8ffd0_0;
S_0x557489a90210 .scope module, "hex5" "dec7seg" 4 59, 7 1 0, S_0x557489a2d180;
 .timescale 0 0;
    .port_info 0 /INPUT 4 "hex";
    .port_info 1 /OUTPUT 7 "segs";
v0x557489a904b0_0 .net "hex", 3 0, L_0x557489ab26d0;  1 drivers
v0x557489a905b0_0 .var "segs", 6 0;
E_0x557489a90430 .event anyedge, v0x557489a904b0_0;
S_0x557489a906f0 .scope module, "por" "power_on_reset" 4 37, 8 1 0, S_0x557489a2d180;
 .timescale 0 0;
    .port_info 0 /INPUT 1 "clk";
    .port_info 1 /OUTPUT 1 "reset";
v0x557489a90910_0 .net *"_ivl_1", 0 0, L_0x557489a955d0;  1 drivers
v0x557489a909f0_0 .net "clk", 0 0, L_0x557489a954a0;  alias, 1 drivers
v0x557489a90ab0_0 .var "q", 3 0;
v0x557489a90b80_0 .net "reset", 0 0, L_0x557489a95670;  alias, 1 drivers
L_0x557489a955d0 .reduce/and v0x557489a90ab0_0;
L_0x557489a95670 .reduce/nor L_0x557489a955d0;
S_0x557489a90c60 .scope module, "ram" "mem" 4 44, 9 1 0, S_0x557489a2d180;
 .timescale 0 0;
    .port_info 0 /INPUT 1 "clk";
    .port_info 1 /INPUT 1 "we";
    .port_info 2 /INPUT 32 "a";
    .port_info 3 /INPUT 32 "wd";
    .port_info 4 /OUTPUT 32 "rd";
    .port_info 5 /INPUT 32 "va";
    .port_info 6 /OUTPUT 32 "vd";
    .port_info 7 /INPUT 4 "wm";
v0x557489a90f60 .array "RAM", 255 0, 31 0;
v0x557489a91020_0 .net "a", 31 0, L_0x557489aa7200;  alias, 1 drivers
v0x557489a910e0_0 .net "clk", 0 0, L_0x557489a954a0;  alias, 1 drivers
v0x557489a91200_0 .var "rd", 31 0;
v0x557489a912a0_0 .net "va", 31 0, L_0x557489ab0af0;  1 drivers
v0x557489a91390_0 .var "vd", 31 0;
v0x557489a91470_0 .net "wd", 31 0, L_0x557489aae800;  alias, 1 drivers
v0x557489a91530_0 .net "we", 0 0, L_0x557489aa7480;  alias, 1 drivers
v0x557489a91600_0 .net "wm", 3 0, L_0x557489ab0b90;  1 drivers
    .scope S_0x557489a906f0;
T_1 ;
    %pushi/vec4 0, 0, 4;
    %store/vec4 v0x557489a90ab0_0, 0, 4;
    %end;
    .thread T_1, $init;
    .scope S_0x557489a906f0;
T_2 ;
    %wait E_0x557489a6a490;
    %load/vec4 v0x557489a90ab0_0;
    %concati/vec4 1, 0, 1;
    %pad/u 4;
    %assign/vec4 v0x557489a90ab0_0, 0;
    %jmp T_2;
    .thread T_2;
    .scope S_0x557489a2ea20;
T_3 ;
    %pushi/vec4 0, 0, 32;
    %store/vec4 v0x557489a80810_0, 0, 32;
    %pushi/vec4 0, 0, 3;
    %store/vec4 v0x557489a8be80_0, 0, 3;
    %end;
    .thread T_3, $init;
    .scope S_0x557489a2ea20;
T_4 ;
    %wait E_0x557489a69720;
    %load/vec4 v0x557489a8a880_0;
    %dup/vec4;
    %pushi/vec4 0, 0, 3;
    %cmp/u;
    %jmp/1 T_4.0, 6;
    %dup/vec4;
    %pushi/vec4 1, 0, 3;
    %cmp/u;
    %jmp/1 T_4.1, 6;
    %dup/vec4;
    %pushi/vec4 2, 0, 3;
    %cmp/u;
    %jmp/1 T_4.2, 6;
    %dup/vec4;
    %pushi/vec4 3, 0, 3;
    %cmp/u;
    %jmp/1 T_4.3, 6;
    %dup/vec4;
    %pushi/vec4 4, 0, 3;
    %cmp/u;
    %jmp/1 T_4.4, 6;
    %dup/vec4;
    %pushi/vec4 5, 0, 3;
    %cmp/u;
    %jmp/1 T_4.5, 6;
    %dup/vec4;
    %pushi/vec4 6, 0, 3;
    %cmp/u;
    %jmp/1 T_4.6, 6;
    %dup/vec4;
    %pushi/vec4 7, 0, 3;
    %cmp/u;
    %jmp/1 T_4.7, 6;
    %jmp T_4.8;
T_4.0 ;
    %load/vec4 v0x557489a8a960_0;
    %parti/s 1, 5, 4;
    %load/vec4 v0x557489a8aa40_0;
    %parti/s 1, 5, 4;
    %and;
    %flag_set/vec4 8;
    %jmp/0 T_4.9, 8;
    %load/vec4 v0x557489a8a600_0;
    %parti/s 32, 0, 2;
    %jmp/1 T_4.10, 8;
T_4.9 ; End of true expr.
    %load/vec4 v0x557489a8a6e0_0;
    %jmp/0 T_4.10, 8;
 ; End of false expr.
    %blend;
T_4.10;
    %store/vec4 v0x557489a4d610_0, 0, 32;
    %jmp T_4.8;
T_4.1 ;
    %load/vec4 v0x557489a8b2a0_0;
    %store/vec4 v0x557489a4d610_0, 0, 32;
    %jmp T_4.8;
T_4.2 ;
    %pushi/vec4 0, 0, 31;
    %load/vec4 v0x557489a805d0_0;
    %concat/vec4; draw_concat_vec4
    %store/vec4 v0x557489a4d610_0, 0, 32;
    %jmp T_4.8;
T_4.3 ;
    %pushi/vec4 0, 0, 31;
    %load/vec4 v0x557489a80690_0;
    %concat/vec4; draw_concat_vec4
    %store/vec4 v0x557489a4d610_0, 0, 32;
    %jmp T_4.8;
T_4.4 ;
    %load/vec4 v0x557489a80ef0_0;
    %load/vec4 v0x557489a80fd0_0;
    %xor;
    %store/vec4 v0x557489a4d610_0, 0, 32;
    %jmp T_4.8;
T_4.5 ;
    %load/vec4 v0x557489a8bcc0_0;
    %store/vec4 v0x557489a4d610_0, 0, 32;
    %jmp T_4.8;
T_4.6 ;
    %load/vec4 v0x557489a80ef0_0;
    %load/vec4 v0x557489a80fd0_0;
    %or;
    %store/vec4 v0x557489a4d610_0, 0, 32;
    %jmp T_4.8;
T_4.7 ;
    %load/vec4 v0x557489a80ef0_0;
    %load/vec4 v0x557489a80fd0_0;
    %and;
    %store/vec4 v0x557489a4d610_0, 0, 32;
    %jmp T_4.8;
T_4.8 ;
    %pop/vec4 1;
    %jmp T_4;
    .thread T_4, $push;
    .scope S_0x557489a2ea20;
T_5 ;
    %wait E_0x557489a6aa30;
    %load/vec4 v0x557489a8a880_0;
    %dup/vec4;
    %pushi/vec4 0, 0, 3;
    %cmp/u;
    %jmp/1 T_5.0, 6;
    %dup/vec4;
    %pushi/vec4 1, 0, 3;
    %cmp/u;
    %jmp/1 T_5.1, 6;
    %dup/vec4;
    %pushi/vec4 4, 0, 3;
    %cmp/u;
    %jmp/1 T_5.2, 6;
    %dup/vec4;
    %pushi/vec4 5, 0, 3;
    %cmp/u;
    %jmp/1 T_5.3, 6;
    %dup/vec4;
    %pushi/vec4 6, 0, 3;
    %cmp/u;
    %jmp/1 T_5.4, 6;
    %dup/vec4;
    %pushi/vec4 7, 0, 3;
    %cmp/u;
    %jmp/1 T_5.5, 6;
    %pushi/vec4 0, 0, 1;
    %store/vec4 v0x557489a8bf60_0, 0, 1;
    %jmp T_5.7;
T_5.0 ;
    %load/vec4 v0x557489a80300_0;
    %store/vec4 v0x557489a8bf60_0, 0, 1;
    %jmp T_5.7;
T_5.1 ;
    %load/vec4 v0x557489a80300_0;
    %nor/r;
    %store/vec4 v0x557489a8bf60_0, 0, 1;
    %jmp T_5.7;
T_5.2 ;
    %load/vec4 v0x557489a805d0_0;
    %store/vec4 v0x557489a8bf60_0, 0, 1;
    %jmp T_5.7;
T_5.3 ;
    %load/vec4 v0x557489a805d0_0;
    %nor/r;
    %store/vec4 v0x557489a8bf60_0, 0, 1;
    %jmp T_5.7;
T_5.4 ;
    %load/vec4 v0x557489a80690_0;
    %store/vec4 v0x557489a8bf60_0, 0, 1;
    %jmp T_5.7;
T_5.5 ;
    %load/vec4 v0x557489a80690_0;
    %nor/r;
    %store/vec4 v0x557489a8bf60_0, 0, 1;
    %jmp T_5.7;
T_5.7 ;
    %pop/vec4 1;
    %jmp T_5;
    .thread T_5, $push;
    .scope S_0x557489a2ea20;
T_6 ;
    %wait E_0x557489a6a490;
    %load/vec4 v0x557489a8b7a0_0;
    %flag_set/vec4 8;
    %jmp/0xz  T_6.0, 8;
    %pushi/vec4 0, 0, 32;
    %assign/vec4 v0x557489a80810_0, 0;
    %pushi/vec4 0, 0, 3;
    %assign/vec4 v0x557489a8be80_0, 0;
    %jmp T_6.1;
T_6.0 ;
    %load/vec4 v0x557489a8c100_0;
    %flag_set/vec4 8;
    %jmp/0xz  T_6.2, 8;
    %load/vec4 v0x557489a8c020_0;
    %load/vec4 v0x557489a8b6c0_0;
    %pad/u 7;
    %ix/vec4 3;
    %ix/load 4, 0, 0; Constant delay
    %assign/vec4/a/d v0x557489a80c70, 0, 4;
T_6.2 ;
    %load/vec4 v0x557489a8be80_0;
    %dup/vec4;
    %pushi/vec4 0, 0, 3;
    %cmp/u;
    %jmp/1 T_6.4, 6;
    %dup/vec4;
    %pushi/vec4 1, 0, 3;
    %cmp/u;
    %jmp/1 T_6.5, 6;
    %dup/vec4;
    %pushi/vec4 2, 0, 3;
    %cmp/u;
    %jmp/1 T_6.6, 6;
    %dup/vec4;
    %pushi/vec4 3, 0, 3;
    %cmp/u;
    %jmp/1 T_6.7, 6;
    %dup/vec4;
    %pushi/vec4 4, 0, 3;
    %cmp/u;
    %jmp/1 T_6.8, 6;
    %dup/vec4;
    %pushi/vec4 5, 0, 3;
    %cmp/u;
    %jmp/1 T_6.9, 6;
    %dup/vec4;
    %pushi/vec4 6, 0, 3;
    %cmp/u;
    %jmp/1 T_6.10, 6;
    %jmp T_6.11;
T_6.4 ;
    %pushi/vec4 1, 0, 3;
    %assign/vec4 v0x557489a8be80_0, 0;
    %jmp T_6.11;
T_6.5 ;
    %load/vec4 v0x557489a80b90_0;
    %assign/vec4 v0x557489a8aa40_0, 0;
    %pushi/vec4 2, 0, 3;
    %assign/vec4 v0x557489a8be80_0, 0;
    %jmp T_6.11;
T_6.6 ;
    %load/vec4 v0x557489a8b940_0;
    %cmpi/ne 0, 0, 5;
    %flag_mov 8, 4;
    %jmp/0 T_6.12, 8;
    %load/vec4 v0x557489a8b940_0;
    %pad/u 7;
    %ix/vec4 4;
    %load/vec4a v0x557489a80c70, 4;
    %jmp/1 T_6.13, 8;
T_6.12 ; End of true expr.
    %pushi/vec4 0, 0, 32;
    %jmp/0 T_6.13, 8;
 ; End of false expr.
    %blend;
T_6.13;
    %assign/vec4 v0x557489a8b860_0, 0;
    %load/vec4 v0x557489a8bb00_0;
    %cmpi/ne 0, 0, 5;
    %flag_mov 8, 4;
    %jmp/0 T_6.14, 8;
    %load/vec4 v0x557489a8bb00_0;
    %pad/u 7;
    %ix/vec4 4;
    %load/vec4a v0x557489a80c70, 4;
    %jmp/1 T_6.15, 8;
T_6.14 ; End of true expr.
    %pushi/vec4 0, 0, 32;
    %jmp/0 T_6.15, 8;
 ; End of false expr.
    %blend;
T_6.15;
    %assign/vec4 v0x557489a8ba20_0, 0;
    %pushi/vec4 3, 0, 3;
    %assign/vec4 v0x557489a8be80_0, 0;
    %jmp T_6.11;
T_6.7 ;
    %load/vec4 v0x557489a8b120_0;
    %nor/r;
    %flag_set/vec4 8;
    %jmp/0xz  T_6.16, 8;
    %load/vec4 v0x557489a808f0_0;
    %assign/vec4 v0x557489a80810_0, 0;
T_6.16 ;
    %load/vec4 v0x557489a8b060_0;
    %flag_set/vec4 8;
    %jmp/0 T_6.18, 8;
    %pushi/vec4 4, 0, 32;
    %jmp/1 T_6.19, 8;
T_6.18 ; End of true expr.
    %load/vec4 v0x557489a8b1e0_0;
    %flag_set/vec4 9;
    %jmp/0 T_6.20, 9;
    %pushi/vec4 6, 0, 32;
    %jmp/1 T_6.21, 9;
T_6.20 ; End of true expr.
    %pushi/vec4 0, 0, 32;
    %jmp/0 T_6.21, 9;
 ; End of false expr.
    %blend;
T_6.21;
    %jmp/0 T_6.19, 8;
 ; End of false expr.
    %blend;
T_6.19;
    %pad/s 3;
    %assign/vec4 v0x557489a8be80_0, 0;
    %jmp T_6.11;
T_6.8 ;
    %pushi/vec4 5, 0, 3;
    %assign/vec4 v0x557489a8be80_0, 0;
    %jmp T_6.11;
T_6.9 ;
    %pushi/vec4 0, 0, 3;
    %assign/vec4 v0x557489a8be80_0, 0;
    %jmp T_6.11;
T_6.10 ;
    %pushi/vec4 0, 0, 3;
    %assign/vec4 v0x557489a8be80_0, 0;
    %jmp T_6.11;
T_6.11 ;
    %pop/vec4 1;
T_6.1 ;
    %jmp T_6;
    .thread T_6;
    .scope S_0x557489a90c60;
T_7 ;
    %vpi_call/w 9 13 "$readmemh", "riscv.hex", v0x557489a90f60 {0 0 0};
    %end;
    .thread T_7;
    .scope S_0x557489a90c60;
T_8 ;
    %wait E_0x557489a6a490;
    %load/vec4 v0x557489a91530_0;
    %flag_set/vec4 8;
    %jmp/0xz  T_8.0, 8;
    %load/vec4 v0x557489a91600_0;
    %parti/s 1, 0, 2;
    %flag_set/vec4 8;
    %jmp/0xz  T_8.2, 8;
    %load/vec4 v0x557489a91470_0;
    %parti/s 8, 0, 2;
    %load/vec4 v0x557489a91020_0;
    %parti/s 30, 2, 3;
    %ix/vec4 3;
    %ix/load 4, 0, 0; Constant delay
    %assign/vec4/a/d v0x557489a90f60, 0, 4;
T_8.2 ;
    %load/vec4 v0x557489a91600_0;
    %parti/s 1, 1, 2;
    %flag_set/vec4 8;
    %jmp/0xz  T_8.4, 8;
    %load/vec4 v0x557489a91470_0;
    %parti/s 8, 8, 5;
    %load/vec4 v0x557489a91020_0;
    %parti/s 30, 2, 3;
    %ix/vec4 3;
    %ix/load 4, 8, 0; part off
    %ix/load 5, 0, 0; Constant delay
    %assign/vec4/a/d v0x557489a90f60, 4, 5;
T_8.4 ;
    %load/vec4 v0x557489a91600_0;
    %parti/s 1, 2, 3;
    %flag_set/vec4 8;
    %jmp/0xz  T_8.6, 8;
    %load/vec4 v0x557489a91470_0;
    %parti/s 8, 16, 6;
    %load/vec4 v0x557489a91020_0;
    %parti/s 30, 2, 3;
    %ix/vec4 3;
    %ix/load 4, 16, 0; part off
    %ix/load 5, 0, 0; Constant delay
    %assign/vec4/a/d v0x557489a90f60, 4, 5;
T_8.6 ;
    %load/vec4 v0x557489a91600_0;
    %parti/s 1, 3, 3;
    %flag_set/vec4 8;
    %jmp/0xz  T_8.8, 8;
    %load/vec4 v0x557489a91470_0;
    %parti/s 8, 24, 6;
    %load/vec4 v0x557489a91020_0;
    %parti/s 30, 2, 3;
    %ix/vec4 3;
    %ix/load 4, 24, 0; part off
    %ix/load 5, 0, 0; Constant delay
    %assign/vec4/a/d v0x557489a90f60, 4, 5;
T_8.8 ;
T_8.0 ;
    %load/vec4 v0x557489a91020_0;
    %parti/s 30, 2, 3;
    %ix/vec4 4;
    %load/vec4a v0x557489a90f60, 4;
    %assign/vec4 v0x557489a91200_0, 0;
    %jmp T_8;
    .thread T_8;
    .scope S_0x557489a90c60;
T_9 ;
    %wait E_0x557489a6a490;
    %load/vec4 v0x557489a912a0_0;
    %parti/s 30, 2, 3;
    %ix/vec4 4;
    %load/vec4a v0x557489a90f60, 4;
    %assign/vec4 v0x557489a91390_0, 0;
    %jmp T_9;
    .thread T_9;
    .scope S_0x557489a36c30;
T_10 ;
    %wait E_0x557489a8ca30;
    %load/vec4 v0x557489a8e5d0_0;
    %flag_set/vec4 8;
    %jmp/0xz  T_10.0, 8;
    %pushi/vec4 0, 0, 10;
    %assign/vec4 v0x557489a8ca90_0, 0;
    %pushi/vec4 0, 0, 10;
    %assign/vec4 v0x557489a8cc50_0, 0;
    %jmp T_10.1;
T_10.0 ;
    %load/vec4 v0x557489a8cb90_0;
    %flag_set/vec4 8;
    %jmp/0xz  T_10.2, 8;
    %pushi/vec4 0, 0, 10;
    %assign/vec4 v0x557489a8ca90_0, 0;
    %jmp T_10.3;
T_10.2 ;
    %load/vec4 v0x557489a8ca90_0;
    %addi 1, 0, 10;
    %assign/vec4 v0x557489a8ca90_0, 0;
T_10.3 ;
    %load/vec4 v0x557489a8cb90_0;
    %flag_set/vec4 8;
    %jmp/0xz  T_10.4, 8;
    %load/vec4 v0x557489a8cd40_0;
    %flag_set/vec4 8;
    %jmp/0xz  T_10.6, 8;
    %pushi/vec4 0, 0, 10;
    %assign/vec4 v0x557489a8cc50_0, 0;
    %jmp T_10.7;
T_10.6 ;
    %load/vec4 v0x557489a8cc50_0;
    %addi 1, 0, 10;
    %assign/vec4 v0x557489a8cc50_0, 0;
T_10.7 ;
T_10.4 ;
    %load/vec4 v0x557489a8ca90_0;
    %pad/u 32;
    %cmpi/u 640, 0, 32;
    %flag_get/vec4 5;
    %jmp/0 T_10.8, 5;
    %load/vec4 v0x557489a8cc50_0;
    %pad/u 32;
    %cmpi/u 480, 0, 32;
    %flag_get/vec4 5;
    %and;
T_10.8;
    %assign/vec4 v0x557489a8e810_0, 0;
    %pushi/vec4 1, 0, 1;
    %load/vec4 v0x557489a8ca90_0;
    %pad/u 32;
    %cmpi/u 656, 0, 32;
    %flag_or 5, 4; GT is !LE
    %flag_inv 5;
    %flag_get/vec4 5;
    %jmp/0 T_10.9, 5;
    %load/vec4 v0x557489a8ca90_0;
    %pad/u 32;
    %cmpi/u 752, 0, 32;
    %flag_get/vec4 5;
    %and;
T_10.9;
    %xor;
    %assign/vec4 v0x557489a8e8d0_0, 0;
    %pushi/vec4 1, 0, 1;
    %load/vec4 v0x557489a8cc50_0;
    %pad/u 32;
    %cmpi/u 490, 0, 32;
    %flag_or 5, 4; GT is !LE
    %flag_inv 5;
    %flag_get/vec4 5;
    %jmp/0 T_10.10, 5;
    %load/vec4 v0x557489a8cc50_0;
    %pad/u 32;
    %cmpi/u 492, 0, 32;
    %flag_get/vec4 5;
    %and;
T_10.10;
    %xor;
    %assign/vec4 v0x557489a8e990_0, 0;
T_10.1 ;
    %jmp T_10;
    .thread T_10;
    .scope S_0x557489a0d050;
T_11 ;
    %wait E_0x557489a8eb80;
    %load/vec4 v0x557489a8ec00_0;
    %dup/vec4;
    %pushi/vec4 0, 0, 4;
    %cmp/u;
    %jmp/1 T_11.0, 6;
    %dup/vec4;
    %pushi/vec4 1, 0, 4;
    %cmp/u;
    %jmp/1 T_11.1, 6;
    %dup/vec4;
    %pushi/vec4 2, 0, 4;
    %cmp/u;
    %jmp/1 T_11.2, 6;
    %dup/vec4;
    %pushi/vec4 3, 0, 4;
    %cmp/u;
    %jmp/1 T_11.3, 6;
    %dup/vec4;
    %pushi/vec4 4, 0, 4;
    %cmp/u;
    %jmp/1 T_11.4, 6;
    %dup/vec4;
    %pushi/vec4 5, 0, 4;
    %cmp/u;
    %jmp/1 T_11.5, 6;
    %dup/vec4;
    %pushi/vec4 6, 0, 4;
    %cmp/u;
    %jmp/1 T_11.6, 6;
    %dup/vec4;
    %pushi/vec4 7, 0, 4;
    %cmp/u;
    %jmp/1 T_11.7, 6;
    %dup/vec4;
    %pushi/vec4 8, 0, 4;
    %cmp/u;
    %jmp/1 T_11.8, 6;
    %dup/vec4;
    %pushi/vec4 9, 0, 4;
    %cmp/u;
    %jmp/1 T_11.9, 6;
    %dup/vec4;
    %pushi/vec4 10, 0, 4;
    %cmp/u;
    %jmp/1 T_11.10, 6;
    %dup/vec4;
    %pushi/vec4 11, 0, 4;
    %cmp/u;
    %jmp/1 T_11.11, 6;
    %dup/vec4;
    %pushi/vec4 12, 0, 4;
    %cmp/u;
    %jmp/1 T_11.12, 6;
    %dup/vec4;
    %pushi/vec4 13, 0, 4;
    %cmp/u;
    %jmp/1 T_11.13, 6;
    %dup/vec4;
    %pushi/vec4 14, 0, 4;
    %cmp/u;
    %jmp/1 T_11.14, 6;
    %dup/vec4;
    %pushi/vec4 15, 0, 4;
    %cmp/u;
    %jmp/1 T_11.15, 6;
    %jmp T_11.16;
T_11.0 ;
    %pushi/vec4 64, 0, 7;
    %store/vec4 v0x557489a8ed00_0, 0, 7;
    %jmp T_11.16;
T_11.1 ;
    %pushi/vec4 121, 0, 7;
    %store/vec4 v0x557489a8ed00_0, 0, 7;
    %jmp T_11.16;
T_11.2 ;
    %pushi/vec4 36, 0, 7;
    %store/vec4 v0x557489a8ed00_0, 0, 7;
    %jmp T_11.16;
T_11.3 ;
    %pushi/vec4 48, 0, 7;
    %store/vec4 v0x557489a8ed00_0, 0, 7;
    %jmp T_11.16;
T_11.4 ;
    %pushi/vec4 25, 0, 7;
    %store/vec4 v0x557489a8ed00_0, 0, 7;
    %jmp T_11.16;
T_11.5 ;
    %pushi/vec4 18, 0, 7;
    %store/vec4 v0x557489a8ed00_0, 0, 7;
    %jmp T_11.16;
T_11.6 ;
    %pushi/vec4 2, 0, 7;
    %store/vec4 v0x557489a8ed00_0, 0, 7;
    %jmp T_11.16;
T_11.7 ;
    %pushi/vec4 120, 0, 7;
    %store/vec4 v0x557489a8ed00_0, 0, 7;
    %jmp T_11.16;
T_11.8 ;
    %pushi/vec4 0, 0, 7;
    %store/vec4 v0x557489a8ed00_0, 0, 7;
    %jmp T_11.16;
T_11.9 ;
    %pushi/vec4 16, 0, 7;
    %store/vec4 v0x557489a8ed00_0, 0, 7;
    %jmp T_11.16;
T_11.10 ;
    %pushi/vec4 8, 0, 7;
    %store/vec4 v0x557489a8ed00_0, 0, 7;
    %jmp T_11.16;
T_11.11 ;
    %pushi/vec4 3, 0, 7;
    %store/vec4 v0x557489a8ed00_0, 0, 7;
    %jmp T_11.16;
T_11.12 ;
    %pushi/vec4 70, 0, 7;
    %store/vec4 v0x557489a8ed00_0, 0, 7;
    %jmp T_11.16;
T_11.13 ;
    %pushi/vec4 33, 0, 7;
    %store/vec4 v0x557489a8ed00_0, 0, 7;
    %jmp T_11.16;
T_11.14 ;
    %pushi/vec4 6, 0, 7;
    %store/vec4 v0x557489a8ed00_0, 0, 7;
    %jmp T_11.16;
T_11.15 ;
    %pushi/vec4 14, 0, 7;
    %store/vec4 v0x557489a8ed00_0, 0, 7;
    %jmp T_11.16;
T_11.16 ;
    %pop/vec4 1;
    %jmp T_11;
    .thread T_11, $push;
    .scope S_0x557489a8ee40;
T_12 ;
    %wait E_0x557489a8f060;
    %load/vec4 v0x557489a8f0e0_0;
    %dup/vec4;
    %pushi/vec4 0, 0, 4;
    %cmp/u;
    %jmp/1 T_12.0, 6;
    %dup/vec4;
    %pushi/vec4 1, 0, 4;
    %cmp/u;
    %jmp/1 T_12.1, 6;
    %dup/vec4;
    %pushi/vec4 2, 0, 4;
    %cmp/u;
    %jmp/1 T_12.2, 6;
    %dup/vec4;
    %pushi/vec4 3, 0, 4;
    %cmp/u;
    %jmp/1 T_12.3, 6;
    %dup/vec4;
    %pushi/vec4 4, 0, 4;
    %cmp/u;
    %jmp/1 T_12.4, 6;
    %dup/vec4;
    %pushi/vec4 5, 0, 4;
    %cmp/u;
    %jmp/1 T_12.5, 6;
    %dup/vec4;
    %pushi/vec4 6, 0, 4;
    %cmp/u;
    %jmp/1 T_12.6, 6;
    %dup/vec4;
    %pushi/vec4 7, 0, 4;
    %cmp/u;
    %jmp/1 T_12.7, 6;
    %dup/vec4;
    %pushi/vec4 8, 0, 4;
    %cmp/u;
    %jmp/1 T_12.8, 6;
    %dup/vec4;
    %pushi/vec4 9, 0, 4;
    %cmp/u;
    %jmp/1 T_12.9, 6;
    %dup/vec4;
    %pushi/vec4 10, 0, 4;
    %cmp/u;
    %jmp/1 T_12.10, 6;
    %dup/vec4;
    %pushi/vec4 11, 0, 4;
    %cmp/u;
    %jmp/1 T_12.11, 6;
    %dup/vec4;
    %pushi/vec4 12, 0, 4;
    %cmp/u;
    %jmp/1 T_12.12, 6;
    %dup/vec4;
    %pushi/vec4 13, 0, 4;
    %cmp/u;
    %jmp/1 T_12.13, 6;
    %dup/vec4;
    %pushi/vec4 14, 0, 4;
    %cmp/u;
    %jmp/1 T_12.14, 6;
    %dup/vec4;
    %pushi/vec4 15, 0, 4;
    %cmp/u;
    %jmp/1 T_12.15, 6;
    %jmp T_12.16;
T_12.0 ;
    %pushi/vec4 64, 0, 7;
    %store/vec4 v0x557489a8f1e0_0, 0, 7;
    %jmp T_12.16;
T_12.1 ;
    %pushi/vec4 121, 0, 7;
    %store/vec4 v0x557489a8f1e0_0, 0, 7;
    %jmp T_12.16;
T_12.2 ;
    %pushi/vec4 36, 0, 7;
    %store/vec4 v0x557489a8f1e0_0, 0, 7;
    %jmp T_12.16;
T_12.3 ;
    %pushi/vec4 48, 0, 7;
    %store/vec4 v0x557489a8f1e0_0, 0, 7;
    %jmp T_12.16;
T_12.4 ;
    %pushi/vec4 25, 0, 7;
    %store/vec4 v0x557489a8f1e0_0, 0, 7;
    %jmp T_12.16;
T_12.5 ;
    %pushi/vec4 18, 0, 7;
    %store/vec4 v0x557489a8f1e0_0, 0, 7;
    %jmp T_12.16;
T_12.6 ;
    %pushi/vec4 2, 0, 7;
    %store/vec4 v0x557489a8f1e0_0, 0, 7;
    %jmp T_12.16;
T_12.7 ;
    %pushi/vec4 120, 0, 7;
    %store/vec4 v0x557489a8f1e0_0, 0, 7;
    %jmp T_12.16;
T_12.8 ;
    %pushi/vec4 0, 0, 7;
    %store/vec4 v0x557489a8f1e0_0, 0, 7;
    %jmp T_12.16;
T_12.9 ;
    %pushi/vec4 16, 0, 7;
    %store/vec4 v0x557489a8f1e0_0, 0, 7;
    %jmp T_12.16;
T_12.10 ;
    %pushi/vec4 8, 0, 7;
    %store/vec4 v0x557489a8f1e0_0, 0, 7;
    %jmp T_12.16;
T_12.11 ;
    %pushi/vec4 3, 0, 7;
    %store/vec4 v0x557489a8f1e0_0, 0, 7;
    %jmp T_12.16;
T_12.12 ;
    %pushi/vec4 70, 0, 7;
    %store/vec4 v0x557489a8f1e0_0, 0, 7;
    %jmp T_12.16;
T_12.13 ;
    %pushi/vec4 33, 0, 7;
    %store/vec4 v0x557489a8f1e0_0, 0, 7;
    %jmp T_12.16;
T_12.14 ;
    %pushi/vec4 6, 0, 7;
    %store/vec4 v0x557489a8f1e0_0, 0, 7;
    %jmp T_12.16;
T_12.15 ;
    %pushi/vec4 14, 0, 7;
    %store/vec4 v0x557489a8f1e0_0, 0, 7;
    %jmp T_12.16;
T_12.16 ;
    %pop/vec4 1;
    %jmp T_12;
    .thread T_12, $push;
    .scope S_0x557489a8f320;
T_13 ;
    %wait E_0x557489a8f590;
    %load/vec4 v0x557489a8f610_0;
    %dup/vec4;
    %pushi/vec4 0, 0, 4;
    %cmp/u;
    %jmp/1 T_13.0, 6;
    %dup/vec4;
    %pushi/vec4 1, 0, 4;
    %cmp/u;
    %jmp/1 T_13.1, 6;
    %dup/vec4;
    %pushi/vec4 2, 0, 4;
    %cmp/u;
    %jmp/1 T_13.2, 6;
    %dup/vec4;
    %pushi/vec4 3, 0, 4;
    %cmp/u;
    %jmp/1 T_13.3, 6;
    %dup/vec4;
    %pushi/vec4 4, 0, 4;
    %cmp/u;
    %jmp/1 T_13.4, 6;
    %dup/vec4;
    %pushi/vec4 5, 0, 4;
    %cmp/u;
    %jmp/1 T_13.5, 6;
    %dup/vec4;
    %pushi/vec4 6, 0, 4;
    %cmp/u;
    %jmp/1 T_13.6, 6;
    %dup/vec4;
    %pushi/vec4 7, 0, 4;
    %cmp/u;
    %jmp/1 T_13.7, 6;
    %dup/vec4;
    %pushi/vec4 8, 0, 4;
    %cmp/u;
    %jmp/1 T_13.8, 6;
    %dup/vec4;
    %pushi/vec4 9, 0, 4;
    %cmp/u;
    %jmp/1 T_13.9, 6;
    %dup/vec4;
    %pushi/vec4 10, 0, 4;
    %cmp/u;
    %jmp/1 T_13.10, 6;
    %dup/vec4;
    %pushi/vec4 11, 0, 4;
    %cmp/u;
    %jmp/1 T_13.11, 6;
    %dup/vec4;
    %pushi/vec4 12, 0, 4;
    %cmp/u;
    %jmp/1 T_13.12, 6;
    %dup/vec4;
    %pushi/vec4 13, 0, 4;
    %cmp/u;
    %jmp/1 T_13.13, 6;
    %dup/vec4;
    %pushi/vec4 14, 0, 4;
    %cmp/u;
    %jmp/1 T_13.14, 6;
    %dup/vec4;
    %pushi/vec4 15, 0, 4;
    %cmp/u;
    %jmp/1 T_13.15, 6;
    %jmp T_13.16;
T_13.0 ;
    %pushi/vec4 64, 0, 7;
    %store/vec4 v0x557489a8f710_0, 0, 7;
    %jmp T_13.16;
T_13.1 ;
    %pushi/vec4 121, 0, 7;
    %store/vec4 v0x557489a8f710_0, 0, 7;
    %jmp T_13.16;
T_13.2 ;
    %pushi/vec4 36, 0, 7;
    %store/vec4 v0x557489a8f710_0, 0, 7;
    %jmp T_13.16;
T_13.3 ;
    %pushi/vec4 48, 0, 7;
    %store/vec4 v0x557489a8f710_0, 0, 7;
    %jmp T_13.16;
T_13.4 ;
    %pushi/vec4 25, 0, 7;
    %store/vec4 v0x557489a8f710_0, 0, 7;
    %jmp T_13.16;
T_13.5 ;
    %pushi/vec4 18, 0, 7;
    %store/vec4 v0x557489a8f710_0, 0, 7;
    %jmp T_13.16;
T_13.6 ;
    %pushi/vec4 2, 0, 7;
    %store/vec4 v0x557489a8f710_0, 0, 7;
    %jmp T_13.16;
T_13.7 ;
    %pushi/vec4 120, 0, 7;
    %store/vec4 v0x557489a8f710_0, 0, 7;
    %jmp T_13.16;
T_13.8 ;
    %pushi/vec4 0, 0, 7;
    %store/vec4 v0x557489a8f710_0, 0, 7;
    %jmp T_13.16;
T_13.9 ;
    %pushi/vec4 16, 0, 7;
    %store/vec4 v0x557489a8f710_0, 0, 7;
    %jmp T_13.16;
T_13.10 ;
    %pushi/vec4 8, 0, 7;
    %store/vec4 v0x557489a8f710_0, 0, 7;
    %jmp T_13.16;
T_13.11 ;
    %pushi/vec4 3, 0, 7;
    %store/vec4 v0x557489a8f710_0, 0, 7;
    %jmp T_13.16;
T_13.12 ;
    %pushi/vec4 70, 0, 7;
    %store/vec4 v0x557489a8f710_0, 0, 7;
    %jmp T_13.16;
T_13.13 ;
    %pushi/vec4 33, 0, 7;
    %store/vec4 v0x557489a8f710_0, 0, 7;
    %jmp T_13.16;
T_13.14 ;
    %pushi/vec4 6, 0, 7;
    %store/vec4 v0x557489a8f710_0, 0, 7;
    %jmp T_13.16;
T_13.15 ;
    %pushi/vec4 14, 0, 7;
    %store/vec4 v0x557489a8f710_0, 0, 7;
    %jmp T_13.16;
T_13.16 ;
    %pop/vec4 1;
    %jmp T_13;
    .thread T_13, $push;
    .scope S_0x557489a8f850;
T_14 ;
    %wait E_0x557489a8fa70;
    %load/vec4 v0x557489a8faf0_0;
    %dup/vec4;
    %pushi/vec4 0, 0, 4;
    %cmp/u;
    %jmp/1 T_14.0, 6;
    %dup/vec4;
    %pushi/vec4 1, 0, 4;
    %cmp/u;
    %jmp/1 T_14.1, 6;
    %dup/vec4;
    %pushi/vec4 2, 0, 4;
    %cmp/u;
    %jmp/1 T_14.2, 6;
    %dup/vec4;
    %pushi/vec4 3, 0, 4;
    %cmp/u;
    %jmp/1 T_14.3, 6;
    %dup/vec4;
    %pushi/vec4 4, 0, 4;
    %cmp/u;
    %jmp/1 T_14.4, 6;
    %dup/vec4;
    %pushi/vec4 5, 0, 4;
    %cmp/u;
    %jmp/1 T_14.5, 6;
    %dup/vec4;
    %pushi/vec4 6, 0, 4;
    %cmp/u;
    %jmp/1 T_14.6, 6;
    %dup/vec4;
    %pushi/vec4 7, 0, 4;
    %cmp/u;
    %jmp/1 T_14.7, 6;
    %dup/vec4;
    %pushi/vec4 8, 0, 4;
    %cmp/u;
    %jmp/1 T_14.8, 6;
    %dup/vec4;
    %pushi/vec4 9, 0, 4;
    %cmp/u;
    %jmp/1 T_14.9, 6;
    %dup/vec4;
    %pushi/vec4 10, 0, 4;
    %cmp/u;
    %jmp/1 T_14.10, 6;
    %dup/vec4;
    %pushi/vec4 11, 0, 4;
    %cmp/u;
    %jmp/1 T_14.11, 6;
    %dup/vec4;
    %pushi/vec4 12, 0, 4;
    %cmp/u;
    %jmp/1 T_14.12, 6;
    %dup/vec4;
    %pushi/vec4 13, 0, 4;
    %cmp/u;
    %jmp/1 T_14.13, 6;
    %dup/vec4;
    %pushi/vec4 14, 0, 4;
    %cmp/u;
    %jmp/1 T_14.14, 6;
    %dup/vec4;
    %pushi/vec4 15, 0, 4;
    %cmp/u;
    %jmp/1 T_14.15, 6;
    %jmp T_14.16;
T_14.0 ;
    %pushi/vec4 64, 0, 7;
    %store/vec4 v0x557489a8fbf0_0, 0, 7;
    %jmp T_14.16;
T_14.1 ;
    %pushi/vec4 121, 0, 7;
    %store/vec4 v0x557489a8fbf0_0, 0, 7;
    %jmp T_14.16;
T_14.2 ;
    %pushi/vec4 36, 0, 7;
    %store/vec4 v0x557489a8fbf0_0, 0, 7;
    %jmp T_14.16;
T_14.3 ;
    %pushi/vec4 48, 0, 7;
    %store/vec4 v0x557489a8fbf0_0, 0, 7;
    %jmp T_14.16;
T_14.4 ;
    %pushi/vec4 25, 0, 7;
    %store/vec4 v0x557489a8fbf0_0, 0, 7;
    %jmp T_14.16;
T_14.5 ;
    %pushi/vec4 18, 0, 7;
    %store/vec4 v0x557489a8fbf0_0, 0, 7;
    %jmp T_14.16;
T_14.6 ;
    %pushi/vec4 2, 0, 7;
    %store/vec4 v0x557489a8fbf0_0, 0, 7;
    %jmp T_14.16;
T_14.7 ;
    %pushi/vec4 120, 0, 7;
    %store/vec4 v0x557489a8fbf0_0, 0, 7;
    %jmp T_14.16;
T_14.8 ;
    %pushi/vec4 0, 0, 7;
    %store/vec4 v0x557489a8fbf0_0, 0, 7;
    %jmp T_14.16;
T_14.9 ;
    %pushi/vec4 16, 0, 7;
    %store/vec4 v0x557489a8fbf0_0, 0, 7;
    %jmp T_14.16;
T_14.10 ;
    %pushi/vec4 8, 0, 7;
    %store/vec4 v0x557489a8fbf0_0, 0, 7;
    %jmp T_14.16;
T_14.11 ;
    %pushi/vec4 3, 0, 7;
    %store/vec4 v0x557489a8fbf0_0, 0, 7;
    %jmp T_14.16;
T_14.12 ;
    %pushi/vec4 70, 0, 7;
    %store/vec4 v0x557489a8fbf0_0, 0, 7;
    %jmp T_14.16;
T_14.13 ;
    %pushi/vec4 33, 0, 7;
    %store/vec4 v0x557489a8fbf0_0, 0, 7;
    %jmp T_14.16;
T_14.14 ;
    %pushi/vec4 6, 0, 7;
    %store/vec4 v0x557489a8fbf0_0, 0, 7;
    %jmp T_14.16;
T_14.15 ;
    %pushi/vec4 14, 0, 7;
    %store/vec4 v0x557489a8fbf0_0, 0, 7;
    %jmp T_14.16;
T_14.16 ;
    %pop/vec4 1;
    %jmp T_14;
    .thread T_14, $push;
    .scope S_0x557489a8fd30;
T_15 ;
    %wait E_0x557489a8ff50;
    %load/vec4 v0x557489a8ffd0_0;
    %dup/vec4;
    %pushi/vec4 0, 0, 4;
    %cmp/u;
    %jmp/1 T_15.0, 6;
    %dup/vec4;
    %pushi/vec4 1, 0, 4;
    %cmp/u;
    %jmp/1 T_15.1, 6;
    %dup/vec4;
    %pushi/vec4 2, 0, 4;
    %cmp/u;
    %jmp/1 T_15.2, 6;
    %dup/vec4;
    %pushi/vec4 3, 0, 4;
    %cmp/u;
    %jmp/1 T_15.3, 6;
    %dup/vec4;
    %pushi/vec4 4, 0, 4;
    %cmp/u;
    %jmp/1 T_15.4, 6;
    %dup/vec4;
    %pushi/vec4 5, 0, 4;
    %cmp/u;
    %jmp/1 T_15.5, 6;
    %dup/vec4;
    %pushi/vec4 6, 0, 4;
    %cmp/u;
    %jmp/1 T_15.6, 6;
    %dup/vec4;
    %pushi/vec4 7, 0, 4;
    %cmp/u;
    %jmp/1 T_15.7, 6;
    %dup/vec4;
    %pushi/vec4 8, 0, 4;
    %cmp/u;
    %jmp/1 T_15.8, 6;
    %dup/vec4;
    %pushi/vec4 9, 0, 4;
    %cmp/u;
    %jmp/1 T_15.9, 6;
    %dup/vec4;
    %pushi/vec4 10, 0, 4;
    %cmp/u;
    %jmp/1 T_15.10, 6;
    %dup/vec4;
    %pushi/vec4 11, 0, 4;
    %cmp/u;
    %jmp/1 T_15.11, 6;
    %dup/vec4;
    %pushi/vec4 12, 0, 4;
    %cmp/u;
    %jmp/1 T_15.12, 6;
    %dup/vec4;
    %pushi/vec4 13, 0, 4;
    %cmp/u;
    %jmp/1 T_15.13, 6;
    %dup/vec4;
    %pushi/vec4 14, 0, 4;
    %cmp/u;
    %jmp/1 T_15.14, 6;
    %dup/vec4;
    %pushi/vec4 15, 0, 4;
    %cmp/u;
    %jmp/1 T_15.15, 6;
    %jmp T_15.16;
T_15.0 ;
    %pushi/vec4 64, 0, 7;
    %store/vec4 v0x557489a900d0_0, 0, 7;
    %jmp T_15.16;
T_15.1 ;
    %pushi/vec4 121, 0, 7;
    %store/vec4 v0x557489a900d0_0, 0, 7;
    %jmp T_15.16;
T_15.2 ;
    %pushi/vec4 36, 0, 7;
    %store/vec4 v0x557489a900d0_0, 0, 7;
    %jmp T_15.16;
T_15.3 ;
    %pushi/vec4 48, 0, 7;
    %store/vec4 v0x557489a900d0_0, 0, 7;
    %jmp T_15.16;
T_15.4 ;
    %pushi/vec4 25, 0, 7;
    %store/vec4 v0x557489a900d0_0, 0, 7;
    %jmp T_15.16;
T_15.5 ;
    %pushi/vec4 18, 0, 7;
    %store/vec4 v0x557489a900d0_0, 0, 7;
    %jmp T_15.16;
T_15.6 ;
    %pushi/vec4 2, 0, 7;
    %store/vec4 v0x557489a900d0_0, 0, 7;
    %jmp T_15.16;
T_15.7 ;
    %pushi/vec4 120, 0, 7;
    %store/vec4 v0x557489a900d0_0, 0, 7;
    %jmp T_15.16;
T_15.8 ;
    %pushi/vec4 0, 0, 7;
    %store/vec4 v0x557489a900d0_0, 0, 7;
    %jmp T_15.16;
T_15.9 ;
    %pushi/vec4 16, 0, 7;
    %store/vec4 v0x557489a900d0_0, 0, 7;
    %jmp T_15.16;
T_15.10 ;
    %pushi/vec4 8, 0, 7;
    %store/vec4 v0x557489a900d0_0, 0, 7;
    %jmp T_15.16;
T_15.11 ;
    %pushi/vec4 3, 0, 7;
    %store/vec4 v0x557489a900d0_0, 0, 7;
    %jmp T_15.16;
T_15.12 ;
    %pushi/vec4 70, 0, 7;
    %store/vec4 v0x557489a900d0_0, 0, 7;
    %jmp T_15.16;
T_15.13 ;
    %pushi/vec4 33, 0, 7;
    %store/vec4 v0x557489a900d0_0, 0, 7;
    %jmp T_15.16;
T_15.14 ;
    %pushi/vec4 6, 0, 7;
    %store/vec4 v0x557489a900d0_0, 0, 7;
    %jmp T_15.16;
T_15.15 ;
    %pushi/vec4 14, 0, 7;
    %store/vec4 v0x557489a900d0_0, 0, 7;
    %jmp T_15.16;
T_15.16 ;
    %pop/vec4 1;
    %jmp T_15;
    .thread T_15, $push;
    .scope S_0x557489a90210;
T_16 ;
    %wait E_0x557489a90430;
    %load/vec4 v0x557489a904b0_0;
    %dup/vec4;
    %pushi/vec4 0, 0, 4;
    %cmp/u;
    %jmp/1 T_16.0, 6;
    %dup/vec4;
    %pushi/vec4 1, 0, 4;
    %cmp/u;
    %jmp/1 T_16.1, 6;
    %dup/vec4;
    %pushi/vec4 2, 0, 4;
    %cmp/u;
    %jmp/1 T_16.2, 6;
    %dup/vec4;
    %pushi/vec4 3, 0, 4;
    %cmp/u;
    %jmp/1 T_16.3, 6;
    %dup/vec4;
    %pushi/vec4 4, 0, 4;
    %cmp/u;
    %jmp/1 T_16.4, 6;
    %dup/vec4;
    %pushi/vec4 5, 0, 4;
    %cmp/u;
    %jmp/1 T_16.5, 6;
    %dup/vec4;
    %pushi/vec4 6, 0, 4;
    %cmp/u;
    %jmp/1 T_16.6, 6;
    %dup/vec4;
    %pushi/vec4 7, 0, 4;
    %cmp/u;
    %jmp/1 T_16.7, 6;
    %dup/vec4;
    %pushi/vec4 8, 0, 4;
    %cmp/u;
    %jmp/1 T_16.8, 6;
    %dup/vec4;
    %pushi/vec4 9, 0, 4;
    %cmp/u;
    %jmp/1 T_16.9, 6;
    %dup/vec4;
    %pushi/vec4 10, 0, 4;
    %cmp/u;
    %jmp/1 T_16.10, 6;
    %dup/vec4;
    %pushi/vec4 11, 0, 4;
    %cmp/u;
    %jmp/1 T_16.11, 6;
    %dup/vec4;
    %pushi/vec4 12, 0, 4;
    %cmp/u;
    %jmp/1 T_16.12, 6;
    %dup/vec4;
    %pushi/vec4 13, 0, 4;
    %cmp/u;
    %jmp/1 T_16.13, 6;
    %dup/vec4;
    %pushi/vec4 14, 0, 4;
    %cmp/u;
    %jmp/1 T_16.14, 6;
    %dup/vec4;
    %pushi/vec4 15, 0, 4;
    %cmp/u;
    %jmp/1 T_16.15, 6;
    %jmp T_16.16;
T_16.0 ;
    %pushi/vec4 64, 0, 7;
    %store/vec4 v0x557489a905b0_0, 0, 7;
    %jmp T_16.16;
T_16.1 ;
    %pushi/vec4 121, 0, 7;
    %store/vec4 v0x557489a905b0_0, 0, 7;
    %jmp T_16.16;
T_16.2 ;
    %pushi/vec4 36, 0, 7;
    %store/vec4 v0x557489a905b0_0, 0, 7;
    %jmp T_16.16;
T_16.3 ;
    %pushi/vec4 48, 0, 7;
    %store/vec4 v0x557489a905b0_0, 0, 7;
    %jmp T_16.16;
T_16.4 ;
    %pushi/vec4 25, 0, 7;
    %store/vec4 v0x557489a905b0_0, 0, 7;
    %jmp T_16.16;
T_16.5 ;
    %pushi/vec4 18, 0, 7;
    %store/vec4 v0x557489a905b0_0, 0, 7;
    %jmp T_16.16;
T_16.6 ;
    %pushi/vec4 2, 0, 7;
    %store/vec4 v0x557489a905b0_0, 0, 7;
    %jmp T_16.16;
T_16.7 ;
    %pushi/vec4 120, 0, 7;
    %store/vec4 v0x557489a905b0_0, 0, 7;
    %jmp T_16.16;
T_16.8 ;
    %pushi/vec4 0, 0, 7;
    %store/vec4 v0x557489a905b0_0, 0, 7;
    %jmp T_16.16;
T_16.9 ;
    %pushi/vec4 16, 0, 7;
    %store/vec4 v0x557489a905b0_0, 0, 7;
    %jmp T_16.16;
T_16.10 ;
    %pushi/vec4 8, 0, 7;
    %store/vec4 v0x557489a905b0_0, 0, 7;
    %jmp T_16.16;
T_16.11 ;
    %pushi/vec4 3, 0, 7;
    %store/vec4 v0x557489a905b0_0, 0, 7;
    %jmp T_16.16;
T_16.12 ;
    %pushi/vec4 70, 0, 7;
    %store/vec4 v0x557489a905b0_0, 0, 7;
    %jmp T_16.16;
T_16.13 ;
    %pushi/vec4 33, 0, 7;
    %store/vec4 v0x557489a905b0_0, 0, 7;
    %jmp T_16.16;
T_16.14 ;
    %pushi/vec4 6, 0, 7;
    %store/vec4 v0x557489a905b0_0, 0, 7;
    %jmp T_16.16;
T_16.15 ;
    %pushi/vec4 14, 0, 7;
    %store/vec4 v0x557489a905b0_0, 0, 7;
    %jmp T_16.16;
T_16.16 ;
    %pop/vec4 1;
    %jmp T_16;
    .thread T_16, $push;
    .scope S_0x557489a2d180;
T_17 ;
    %pushi/vec4 0, 0, 1;
    %store/vec4 v0x557489a92130_0, 0, 1;
    %pushi/vec4 0, 0, 32;
    %store/vec4 v0x557489a93b60_0, 0, 32;
    %end;
    .thread T_17, $init;
    .scope S_0x557489a2d180;
T_18 ;
    %wait E_0x557489984f20;
    %load/vec4 v0x557489a92130_0;
    %inv;
    %assign/vec4 v0x557489a92130_0, 0;
    %jmp T_18;
    .thread T_18;
    .scope S_0x557489a2d180;
T_19 ;
    %wait E_0x557489984f20;
    %load/vec4 v0x557489a93b60_0;
    %addi 1, 0, 32;
    %assign/vec4 v0x557489a93b60_0, 0;
    %jmp T_19;
    .thread T_19;
    .scope S_0x557489a2d180;
T_20 ;
    %wait E_0x557489a6a490;
    %load/vec4 v0x557489a93f80_0;
    %load/vec4 v0x557489a93e00_0;
    %and;
    %flag_set/vec4 8;
    %jmp/0xz  T_20.0, 8;
    %load/vec4 v0x557489a93a00_0;
    %parti/s 1, 2, 3;
    %flag_set/vec4 8;
    %jmp/0xz  T_20.2, 8;
    %load/vec4 v0x557489a94460_0;
    %pad/u 10;
    %assign/vec4 v0x557489a91d80_0, 0;
T_20.2 ;
    %load/vec4 v0x557489a93a00_0;
    %parti/s 1, 3, 3;
    %flag_set/vec4 8;
    %jmp/0xz  T_20.4, 8;
    %load/vec4 v0x557489a94460_0;
    %pad/u 24;
    %assign/vec4 v0x557489a93d20_0, 0;
T_20.4 ;
T_20.0 ;
    %jmp T_20;
    .thread T_20;
    .scope S_0x557489a59e10;
T_21 ;
    %vpi_call/w 3 13 "$dumpfile", "dump.vcd" {0 0 0};
    %vpi_call/w 3 13 "$dumpvars", 32'sb00000000000000000000000000000000 {0 0 0};
    %vpi_call/w 3 14 "$monitor", "%5t vaddr=%h vdata=%h vbyte=%b R=%b G=%b B=%b", $time, v0x557489a94220_0, v0x557489a943a0_0, v0x557489a942e0_0, v0x557489a92440_0, v0x557489a922d0_0, v0x557489a91f90_0 {0 0 0};
    %delay 1500, 0;
    %vpi_call/w 3 16 "$writememh", "riscv.out", v0x557489a90f60 {0 0 0};
    %vpi_call/w 3 17 "$writememh", "cpu_regs.out", v0x557489a80c70 {0 0 0};
    %vpi_call/w 3 18 "$finish" {0 0 0};
    %end;
    .thread T_21;
    .scope S_0x557489a59e10;
T_22 ;
    %pushi/vec4 1, 0, 1;
    %assign/vec4 v0x557489a94810_0, 0;
    %delay 5, 0;
    %pushi/vec4 0, 0, 1;
    %assign/vec4 v0x557489a94810_0, 0;
    %delay 5, 0;
    %jmp T_22;
    .thread T_22;
# The file index is used to find the file name in the following table.
:file_names 10;
    "N/A";
    "<interactive>";
    "-";
    "testbench.sv";
    "top.sv";
    "riscvmulti.sv";
    "vga.sv";
    "dec7seg.sv";
    "power_on_reset.sv";
    "mem.sv";
