Info: *******************************************************************
Info: Running Quartus Prime Shell
    Info: Version 24.1std.0 Build 1077 03/04/2025 SC Lite Edition
    Info: Copyright (C) 2025  Altera Corporation. All rights reserved.
    Info: Your use of Altera Corporation's design tools, logic functions 
    Info: and other software and tools, and any partner logic 
    Info: functions, and any output files from any of the foregoing 
    Info: (including device programming or simulation files), and any 
    Info: associated documentation or information are expressly subject 
    Info: to the terms and conditions of the Altera Program License 
    Info: Subscription Agreement, the Altera Quartus Prime License Agreement,
    Info: the Altera IP License Agreement, or other applicable license
    Info: agreement, including, without limitation, that your use is for
    Info: the sole purpose of programming logic devices manufactured by
    Info: Altera and sold by Altera or its authorized distributors.  Please
    Info: refer to the Altera Software License Subscription Agreements 
    Info: on the Quartus Prime software download page.
    Info: Processing started: Wed Dec  3 09:00:21 2025
Info: Command: quartus_sh --64bit --determine_smart_action 10-riscv-vga
Info: Quartus(args): 10-riscv-vga
Info: SMART_ACTION = SOURCE
Info (23030): Evaluation of Tcl script /opt/intelFPGA/24.1/quartus/common/tcl/internal/qsh_smart.tcl was successful
Info: Quartus Prime Shell was successful. 0 errors, 0 warnings
    Info: Peak virtual memory: 462 megabytes
    Info: Processing ended: Wed Dec  3 09:00:21 2025
    Info: Elapsed time: 00:00:00
    Info: Total CPU time (on all processors): 00:00:00
