#! /usr/bin/vvp
:ivl_version "12.0 (stable)" "(v12_0-dirty)";
:ivl_delay_selection "TYPICAL";
:vpi_time_precision + 0;
:vpi_module "/usr/lib/ivl/system.vpi";
:vpi_module "/usr/lib/ivl/vhdl_sys.vpi";
:vpi_module "/usr/lib/ivl/vhdl_textio.vpi";
:vpi_module "/usr/lib/ivl/v2005_math.vpi";
:vpi_module "/usr/lib/ivl/va_math.vpi";
:vpi_module "/usr/lib/ivl/v2009.vpi";
S_0x560195396890 .scope package, "$unit" "$unit" 2 1;
 .timescale 0 0;
S_0x560195384e50 .scope module, "testbench" "testbench" 3 1;
 .timescale 0 0;
v0x5601953c0d60_0 .var "clk", 0 0;
v0x5601953c0e20_0 .net "leds", 9 0, v0x5601953be340_0;  1 drivers
S_0x560195354600 .scope module, "dut" "top" 3 5, 4 1 0, S_0x560195384e50;
 .timescale 0 0;
    .port_info 0 /INPUT 1 "CLOCK_50";
    .port_info 1 /INPUT 10 "SW";
    .port_info 2 /OUTPUT 10 "LEDR";
    .port_info 3 /OUTPUT 7 "HEX5";
    .port_info 4 /OUTPUT 7 "HEX4";
    .port_info 5 /OUTPUT 7 "HEX3";
    .port_info 6 /OUTPUT 7 "HEX2";
    .port_info 7 /OUTPUT 7 "HEX1";
    .port_info 8 /OUTPUT 7 "HEX0";
    .port_info 9 /OUTPUT 4 "VGA_R";
    .port_info 10 /OUTPUT 4 "VGA_G";
    .port_info 11 /OUTPUT 4 "VGA_B";
    .port_info 12 /OUTPUT 1 "VGA_HS";
    .port_info 13 /OUTPUT 1 "VGA_VS";
    .port_info 14 /OUTPUT 1 "VGA_CLK";
    .port_info 15 /OUTPUT 1 "VGA_BLANK_N";
    .port_info 16 /OUTPUT 1 "VGA_SYNC_N";
P_0x560195382ac0 .param/l "IO_HEX_bit" 1 4 49, +C4<00000000000000000000000000000011>;
P_0x560195382b00 .param/l "IO_LEDS_bit" 1 4 48, +C4<00000000000000000000000000000010>;
P_0x560195382b40 .param/l "VGA_BITS" 0 4 1, +C4<00000000000000000000000000000100>;
v0x5601953bdd60_0 .net "CLOCK_50", 0 0, v0x5601953c0d60_0;  1 drivers
v0x5601953bde40_0 .net "HEX0", 6 0, v0x5601953bb2d0_0;  1 drivers
v0x5601953bdf30_0 .net "HEX1", 6 0, v0x5601953bb7b0_0;  1 drivers
v0x5601953be030_0 .net "HEX2", 6 0, v0x5601953bbce0_0;  1 drivers
v0x5601953be100_0 .net "HEX3", 6 0, v0x5601953bc1c0_0;  1 drivers
v0x5601953be1a0_0 .net "HEX4", 6 0, v0x5601953bc6a0_0;  1 drivers
v0x5601953be270_0 .net "HEX5", 6 0, v0x5601953bcb80_0;  1 drivers
v0x5601953be340_0 .var "LEDR", 9 0;
o0x7f1af6eabb88 .functor BUFZ 10, C4<zzzzzzzzzz>; HiZ drive
v0x5601953be3e0_0 .net "SW", 9 0, o0x7f1af6eabb88;  0 drivers
v0x5601953be550_0 .net "VGA_B", 3 0, L_0x5601953e0c60;  1 drivers
L_0x7f1af6aaa0b0 .functor BUFT 1, C4<1>, C4<0>, C4<0>, C4<0>;
v0x5601953be630_0 .net "VGA_BLANK_N", 0 0, L_0x7f1af6aaa0b0;  1 drivers
v0x5601953be6f0_0 .var "VGA_CLK", 0 0;
v0x5601953be7c0_0 .net "VGA_DA", 0 0, v0x5601953bade0_0;  1 drivers
v0x5601953be890_0 .net "VGA_G", 3 0, L_0x5601953e0bc0;  1 drivers
v0x5601953be930_0 .net "VGA_HS", 0 0, v0x5601953baea0_0;  1 drivers
v0x5601953bea00_0 .net "VGA_R", 3 0, L_0x5601953e0680;  1 drivers
L_0x7f1af6aaa0f8 .functor BUFT 1, C4<0>, C4<0>, C4<0>, C4<0>;
v0x5601953beac0_0 .net "VGA_SYNC_N", 0 0, L_0x7f1af6aaa0f8;  1 drivers
v0x5601953beb80_0 .net "VGA_VS", 0 0, v0x5601953baf60_0;  1 drivers
v0x5601953bec50_0 .net *"_ivl_1", 0 0, L_0x5601953c0ec0;  1 drivers
v0x5601953bed10_0 .net *"_ivl_11", 0 0, L_0x5601953c1400;  1 drivers
v0x5601953bedf0_0 .net *"_ivl_13", 7 0, L_0x5601953c14e0;  1 drivers
v0x5601953beed0_0 .net *"_ivl_15", 7 0, L_0x5601953c1610;  1 drivers
v0x5601953befb0_0 .net *"_ivl_16", 7 0, L_0x5601953c1700;  1 drivers
L_0x7f1af6aa9c30 .functor BUFT 1, C4<00000000000000000000001000000000>, C4<0>, C4<0>, C4<0>;
v0x5601953bf090_0 .net/2u *"_ivl_22", 31 0, L_0x7f1af6aa9c30;  1 drivers
v0x5601953bf170_0 .net *"_ivl_3", 0 0, L_0x5601953c0fb0;  1 drivers
v0x5601953bf250_0 .net *"_ivl_45", 1 0, L_0x5601953e04a0;  1 drivers
v0x5601953bf330_0 .net *"_ivl_46", 3 0, L_0x5601953e0730;  1 drivers
L_0x7f1af6aa9fd8 .functor BUFT 1, C4<0000>, C4<0>, C4<0>, C4<0>;
v0x5601953bf410_0 .net/2u *"_ivl_48", 3 0, L_0x7f1af6aa9fd8;  1 drivers
v0x5601953bf4f0_0 .net *"_ivl_5", 7 0, L_0x5601953c1050;  1 drivers
v0x5601953bf5d0_0 .net *"_ivl_53", 1 0, L_0x5601953e0a00;  1 drivers
v0x5601953bf6b0_0 .net *"_ivl_54", 3 0, L_0x5601953e0820;  1 drivers
L_0x7f1af6aaa020 .functor BUFT 1, C4<0000>, C4<0>, C4<0>, C4<0>;
v0x5601953bf790_0 .net/2u *"_ivl_56", 3 0, L_0x7f1af6aaa020;  1 drivers
v0x5601953bf870_0 .net *"_ivl_61", 1 0, L_0x5601953e0d40;  1 drivers
v0x5601953bfb60_0 .net *"_ivl_62", 3 0, L_0x5601953e0e70;  1 drivers
L_0x7f1af6aaa068 .functor BUFT 1, C4<0000>, C4<0>, C4<0>, C4<0>;
v0x5601953bfc40_0 .net/2u *"_ivl_64", 3 0, L_0x7f1af6aaa068;  1 drivers
v0x5601953bfd20_0 .net *"_ivl_7", 7 0, L_0x5601953c1170;  1 drivers
v0x5601953bfe00_0 .net *"_ivl_8", 7 0, L_0x5601953c1240;  1 drivers
v0x5601953bfee0_0 .net "addr", 31 0, L_0x5601953d3bf0;  1 drivers
v0x5601953bffa0_0 .net "clk", 0 0, L_0x5601953c1990;  1 drivers
v0x5601953c0040_0 .var/i "counter", 31 0;
L_0x7f1af6aa9f90 .functor BUFT 1, C4<00>, C4<0>, C4<0>, C4<0>;
v0x5601953c0120_0 .net "fill", 1 0, L_0x7f1af6aa9f90;  1 drivers
v0x5601953c0200_0 .var "hex_digits", 23 0;
v0x5601953c02e0_0 .net "isIO", 0 0, L_0x5601953dff70;  1 drivers
v0x5601953c03a0_0 .net "isRAM", 0 0, L_0x5601953e0010;  1 drivers
v0x5601953c0460_0 .net "memwrite", 0 0, L_0x5601953d3e30;  1 drivers
v0x5601953c0550_0 .net "readdata", 31 0, v0x5601953bd7d0_0;  1 drivers
v0x5601953c0660_0 .net "reset", 0 0, L_0x5601953c1b60;  1 drivers
v0x5601953c0700_0 .net "vaddr", 31 0, L_0x5601953dfe80;  1 drivers
v0x5601953c07c0_0 .net "vbyte", 7 0, L_0x5601953c17f0;  1 drivers
v0x5601953c0880_0 .net "vdata", 31 0, v0x5601953bd960_0;  1 drivers
v0x5601953c0940_0 .net "writedata", 31 0, L_0x5601953dcbf0;  1 drivers
v0x5601953c0a30_0 .net "writemask", 3 0, L_0x5601953de060;  1 drivers
E_0x5601952a7f20 .event posedge, v0x5601953bdd60_0;
L_0x5601953c0ec0 .part L_0x5601953dfe80, 1, 1;
L_0x5601953c0fb0 .part L_0x5601953dfe80, 0, 1;
L_0x5601953c1050 .part v0x5601953bd960_0, 24, 8;
L_0x5601953c1170 .part v0x5601953bd960_0, 16, 8;
L_0x5601953c1240 .functor MUXZ 8, L_0x5601953c1170, L_0x5601953c1050, L_0x5601953c0fb0, C4<>;
L_0x5601953c1400 .part L_0x5601953dfe80, 0, 1;
L_0x5601953c14e0 .part v0x5601953bd960_0, 8, 8;
L_0x5601953c1610 .part v0x5601953bd960_0, 0, 8;
L_0x5601953c1700 .functor MUXZ 8, L_0x5601953c1610, L_0x5601953c14e0, L_0x5601953c1400, C4<>;
L_0x5601953c17f0 .functor MUXZ 8, L_0x5601953c1700, L_0x5601953c1240, L_0x5601953c0ec0, C4<>;
L_0x5601953c1990 .part v0x5601953c0040_0, 0, 1;
L_0x5601953de150 .arith/sum 32, L_0x7f1af6aa9c30, L_0x5601953dfe80;
L_0x5601953dff70 .part L_0x5601953d3bf0, 8, 1;
L_0x5601953e0010 .reduce/nor L_0x5601953dff70;
L_0x5601953e00b0 .part v0x5601953c0200_0, 0, 4;
L_0x5601953e0150 .part v0x5601953c0200_0, 4, 4;
L_0x5601953e02d0 .part v0x5601953c0200_0, 8, 4;
L_0x5601953e0370 .part v0x5601953c0200_0, 12, 4;
L_0x5601953e0540 .part v0x5601953c0200_0, 16, 4;
L_0x5601953e05e0 .part v0x5601953c0200_0, 20, 4;
L_0x5601953e04a0 .part L_0x5601953c17f0, 4, 2;
L_0x5601953e0730 .concat [ 2 2 0 0], L_0x7f1af6aa9f90, L_0x5601953e04a0;
L_0x5601953e0680 .functor MUXZ 4, L_0x7f1af6aa9fd8, L_0x5601953e0730, v0x5601953bade0_0, C4<>;
L_0x5601953e0a00 .part L_0x5601953c17f0, 2, 2;
L_0x5601953e0820 .concat [ 2 2 0 0], L_0x7f1af6aa9f90, L_0x5601953e0a00;
L_0x5601953e0bc0 .functor MUXZ 4, L_0x7f1af6aaa020, L_0x5601953e0820, v0x5601953bade0_0, C4<>;
L_0x5601953e0d40 .part L_0x5601953c17f0, 0, 2;
L_0x5601953e0e70 .concat [ 2 2 0 0], L_0x7f1af6aa9f90, L_0x5601953e0d40;
L_0x5601953e0c60 .functor MUXZ 4, L_0x7f1af6aaa068, L_0x5601953e0e70, v0x5601953bade0_0, C4<>;
S_0x560195355ea0 .scope module, "cpu" "riscvmulti" 4 37, 5 1 0, S_0x560195354600;
 .timescale 0 0;
    .port_info 0 /INPUT 1 "clk";
    .port_info 1 /INPUT 1 "reset";
    .port_info 2 /OUTPUT 32 "Address";
    .port_info 3 /OUTPUT 32 "WriteData";
    .port_info 4 /OUTPUT 1 "MemWrite";
    .port_info 5 /INPUT 32 "ReadData";
    .port_info 6 /OUTPUT 4 "writemask";
P_0x56019537ce10 .param/l "EXECUTE" 1 5 177, +C4<00000000000000000000000000000011>;
P_0x56019537ce50 .param/l "FETCH_INSTR" 1 5 174, +C4<00000000000000000000000000000000>;
P_0x56019537ce90 .param/l "FETCH_REGS" 1 5 176, +C4<00000000000000000000000000000010>;
P_0x56019537ced0 .param/l "LOAD" 1 5 178, +C4<00000000000000000000000000000100>;
P_0x56019537cf10 .param/l "STORE" 1 5 180, +C4<00000000000000000000000000000110>;
P_0x56019537cf50 .param/l "WAIT_DATA" 1 5 179, +C4<00000000000000000000000000000101>;
P_0x56019537cf90 .param/l "WAIT_INSTR" 1 5 175, +C4<00000000000000000000000000000001>;
L_0x560195392980 .functor OR 1, L_0x5601953d3d80, L_0x5601953d3fc0, C4<0>, C4<0>;
L_0x5601953938f0 .functor OR 1, L_0x560195392980, L_0x5601953d44c0, C4<0>, C4<0>;
L_0x5601953787b0 .functor OR 1, L_0x5601953938f0, L_0x5601953d46e0, C4<0>, C4<0>;
L_0x560195378bc0 .functor OR 1, L_0x5601953787b0, L_0x5601953d48c0, C4<0>, C4<0>;
L_0x560195334230 .functor OR 1, L_0x560195378bc0, L_0x5601953d4ab0, C4<0>, C4<0>;
L_0x5601953941d0 .functor AND 1, L_0x5601953d1d40, L_0x560195334230, C4<1>, C4<1>;
L_0x5601953d24d0 .functor OR 1, L_0x5601953941d0, L_0x5601953d2360, C4<0>, C4<0>;
L_0x5601953d28a0 .functor OR 1, L_0x5601953d46e0, L_0x5601953d44c0, C4<0>, C4<0>;
L_0x5601953d3080 .functor OR 1, L_0x5601953d3310, L_0x5601953d3680, C4<0>, C4<0>;
L_0x5601953d3140 .functor OR 1, L_0x5601953d3080, L_0x5601953d39c0, C4<0>, C4<0>;
L_0x5601953d7910 .functor BUFZ 32, v0x5601953b7d50_0, C4<00000000000000000000000000000000>, C4<00000000000000000000000000000000>, C4<00000000000000000000000000000000>;
L_0x5601953d79d0 .functor OR 1, L_0x5601953d3d80, L_0x5601953d4260, C4<0>, C4<0>;
L_0x5601953d83a0 .functor NOT 32, L_0x5601953d7e20, C4<00000000000000000000000000000000>, C4<00000000000000000000000000000000>, C4<00000000000000000000000000000000>;
L_0x5601953d8190 .functor XOR 1, L_0x5601953d8690, L_0x5601953d8aa0, C4<0>, C4<0>;
L_0x5601953d7a90 .functor AND 1, L_0x5601953d9190, L_0x5601953d9230, C4<1>, C4<1>;
L_0x5601953d9dd0 .functor AND 1, L_0x5601953d4260, v0x5601953b8450_0, C4<1>, C4<1>;
L_0x5601953da340 .functor OR 1, L_0x5601953d9dd0, L_0x5601953d46e0, C4<0>, C4<0>;
L_0x5601953db510 .functor AND 1, L_0x5601953db660, L_0x5601953db3d0, C4<1>, C4<1>;
v0x5601953788d0_0 .var "ALUResult", 31 0;
v0x560195378ce0_0 .net "Address", 31 0, L_0x5601953d3bf0;  alias, 1 drivers
v0x560195334390_0 .net "Bimm", 31 0, L_0x5601953d70b0;  1 drivers
v0x5601953aba30_0 .net "EQ", 0 0, L_0x5601953d8ca0;  1 drivers
v0x5601953abaf0_0 .net "Iimm", 31 0, L_0x5601953d5890;  1 drivers
v0x5601953abc20_0 .net "Jimm", 31 0, L_0x5601953d7420;  1 drivers
v0x5601953abd00_0 .net "LOAD_byte", 7 0, L_0x5601953daf20;  1 drivers
v0x5601953abde0_0 .net "LOAD_data", 31 0, L_0x5601953dbac0;  1 drivers
v0x5601953abec0_0 .net "LOAD_halfword", 15 0, L_0x5601953dab50;  1 drivers
v0x5601953abfa0_0 .net "LOAD_sign", 0 0, L_0x5601953db510;  1 drivers
v0x5601953ac060_0 .net "LT", 0 0, L_0x5601953d8900;  1 drivers
v0x5601953ac120_0 .net "LTU", 0 0, L_0x5601953d8f20;  1 drivers
v0x5601953ac1e0_0 .net "LoadStoreAddress", 31 0, L_0x5601953d2fe0;  1 drivers
v0x5601953ac2c0_0 .net "MemWrite", 0 0, L_0x5601953d3e30;  alias, 1 drivers
v0x5601953ac380_0 .var "PC", 31 0;
v0x5601953ac460_0 .net "PCNext", 31 0, L_0x5601953da1a0;  1 drivers
v0x5601953ac540_0 .net "PCTarget", 31 0, L_0x5601953d9bf0;  1 drivers
v0x5601953ac620_0 .net "PCplus4", 31 0, L_0x5601953d9d30;  1 drivers
v0x5601953ac700_0 .net "ReadData", 31 0, v0x5601953bd7d0_0;  alias, 1 drivers
v0x5601953ac7e0 .array "RegisterBank", 31 0, 31 0;
v0x5601953ac8a0_0 .net "Simm", 31 0, L_0x5601953d6460;  1 drivers
v0x5601953ac980_0 .net "SrcA", 31 0, L_0x5601953d7910;  1 drivers
v0x5601953aca60_0 .net "SrcB", 31 0, L_0x5601953d7e20;  1 drivers
v0x5601953acb40_0 .net "Uimm", 31 0, L_0x5601953d5400;  1 drivers
v0x5601953acc20_0 .net "WriteData", 31 0, L_0x5601953dcbf0;  alias, 1 drivers
v0x5601953acd00_0 .net *"_ivl_0", 31 0, L_0x5601953c1c90;  1 drivers
v0x5601953acde0_0 .net *"_ivl_103", 6 0, L_0x5601953d4420;  1 drivers
L_0x7f1af6aa9498 .functor BUFT 1, C4<1100011>, C4<0>, C4<0>, C4<0>;
v0x5601953acec0_0 .net/2u *"_ivl_104", 6 0, L_0x7f1af6aa9498;  1 drivers
v0x5601953acfa0_0 .net *"_ivl_109", 6 0, L_0x5601953d4640;  1 drivers
v0x5601953ad080_0 .net *"_ivl_11", 0 0, L_0x5601953938f0;  1 drivers
L_0x7f1af6aa94e0 .functor BUFT 1, C4<1100111>, C4<0>, C4<0>, C4<0>;
v0x5601953ad140_0 .net/2u *"_ivl_110", 6 0, L_0x7f1af6aa94e0;  1 drivers
v0x5601953ad220_0 .net *"_ivl_115", 6 0, L_0x5601953d4820;  1 drivers
L_0x7f1af6aa9528 .functor BUFT 1, C4<1101111>, C4<0>, C4<0>, C4<0>;
v0x5601953ad300_0 .net/2u *"_ivl_116", 6 0, L_0x7f1af6aa9528;  1 drivers
v0x5601953ad5f0_0 .net *"_ivl_121", 6 0, L_0x5601953d4a10;  1 drivers
L_0x7f1af6aa9570 .functor BUFT 1, C4<0010111>, C4<0>, C4<0>, C4<0>;
v0x5601953ad6d0_0 .net/2u *"_ivl_122", 6 0, L_0x7f1af6aa9570;  1 drivers
v0x5601953ad7b0_0 .net *"_ivl_127", 6 0, L_0x5601953d4c10;  1 drivers
L_0x7f1af6aa95b8 .functor BUFT 1, C4<0110111>, C4<0>, C4<0>, C4<0>;
v0x5601953ad890_0 .net/2u *"_ivl_128", 6 0, L_0x7f1af6aa95b8;  1 drivers
v0x5601953ad970_0 .net *"_ivl_13", 0 0, L_0x5601953787b0;  1 drivers
v0x5601953ada30_0 .net *"_ivl_133", 6 0, L_0x5601953d4e20;  1 drivers
L_0x7f1af6aa9600 .functor BUFT 1, C4<0000011>, C4<0>, C4<0>, C4<0>;
v0x5601953adb10_0 .net/2u *"_ivl_134", 6 0, L_0x7f1af6aa9600;  1 drivers
v0x5601953adbf0_0 .net *"_ivl_139", 6 0, L_0x5601953d5040;  1 drivers
L_0x7f1af6aa9648 .functor BUFT 1, C4<0100011>, C4<0>, C4<0>, C4<0>;
v0x5601953adcd0_0 .net/2u *"_ivl_140", 6 0, L_0x7f1af6aa9648;  1 drivers
v0x5601953addb0_0 .net *"_ivl_145", 6 0, L_0x5601953d52c0;  1 drivers
L_0x7f1af6aa9690 .functor BUFT 1, C4<1110011>, C4<0>, C4<0>, C4<0>;
v0x5601953ade90_0 .net/2u *"_ivl_146", 6 0, L_0x7f1af6aa9690;  1 drivers
v0x5601953adf70_0 .net *"_ivl_15", 0 0, L_0x560195378bc0;  1 drivers
v0x5601953ae030_0 .net *"_ivl_151", 0 0, L_0x5601953d54b0;  1 drivers
v0x5601953ae110_0 .net *"_ivl_153", 18 0, L_0x5601953d5360;  1 drivers
L_0x7f1af6aa96d8 .functor BUFT 1, C4<000000000000>, C4<0>, C4<0>, C4<0>;
v0x5601953ae1f0_0 .net/2u *"_ivl_154", 11 0, L_0x7f1af6aa96d8;  1 drivers
v0x5601953ae2d0_0 .net *"_ivl_159", 0 0, L_0x5601953d5550;  1 drivers
v0x5601953ae3b0_0 .net *"_ivl_160", 20 0, L_0x5601953d55f0;  1 drivers
v0x5601953ae490_0 .net *"_ivl_163", 10 0, L_0x5601953d57f0;  1 drivers
v0x5601953ae570_0 .net *"_ivl_167", 0 0, L_0x5601953d5d90;  1 drivers
v0x5601953ae650_0 .net *"_ivl_168", 20 0, L_0x5601953d5e30;  1 drivers
v0x5601953ae730_0 .net *"_ivl_17", 0 0, L_0x560195334230;  1 drivers
v0x5601953ae7f0_0 .net *"_ivl_171", 5 0, L_0x5601953d5fb0;  1 drivers
v0x5601953ae8d0_0 .net *"_ivl_173", 4 0, L_0x5601953d6050;  1 drivers
v0x5601953ae9b0_0 .net *"_ivl_177", 0 0, L_0x5601953d69c0;  1 drivers
v0x5601953aea90_0 .net *"_ivl_178", 19 0, L_0x5601953d6810;  1 drivers
v0x5601953aeb70_0 .net *"_ivl_181", 0 0, L_0x5601953d6e30;  1 drivers
v0x5601953aec50_0 .net *"_ivl_183", 5 0, L_0x5601953d6a60;  1 drivers
v0x5601953aed30_0 .net *"_ivl_185", 3 0, L_0x5601953d6b00;  1 drivers
L_0x7f1af6aa9720 .functor BUFT 1, C4<0>, C4<0>, C4<0>, C4<0>;
v0x5601953aee10_0 .net/2u *"_ivl_186", 0 0, L_0x7f1af6aa9720;  1 drivers
v0x5601953aeef0_0 .net *"_ivl_19", 0 0, L_0x5601953941d0;  1 drivers
v0x5601953aefb0_0 .net *"_ivl_191", 0 0, L_0x5601953d7240;  1 drivers
v0x5601953af090_0 .net *"_ivl_192", 11 0, L_0x5601953d6ed0;  1 drivers
v0x5601953af580_0 .net *"_ivl_195", 7 0, L_0x5601953d74d0;  1 drivers
v0x5601953af660_0 .net *"_ivl_197", 0 0, L_0x5601953d72e0;  1 drivers
v0x5601953af740_0 .net *"_ivl_199", 9 0, L_0x5601953d7380;  1 drivers
v0x5601953af820_0 .net *"_ivl_20", 31 0, L_0x5601953d2220;  1 drivers
L_0x7f1af6aa9768 .functor BUFT 1, C4<0>, C4<0>, C4<0>, C4<0>;
v0x5601953af900_0 .net/2u *"_ivl_200", 0 0, L_0x7f1af6aa9768;  1 drivers
v0x5601953af9e0_0 .net *"_ivl_216", 0 0, L_0x5601953d79d0;  1 drivers
v0x5601953afac0_0 .net *"_ivl_221", 4 0, L_0x5601953d7f10;  1 drivers
v0x5601953afba0_0 .net *"_ivl_223", 4 0, L_0x5601953d7be0;  1 drivers
L_0x7f1af6aa97b0 .functor BUFT 1, C4<1>, C4<0>, C4<0>, C4<0>;
v0x5601953afc80_0 .net/2u *"_ivl_228", 0 0, L_0x7f1af6aa97b0;  1 drivers
L_0x7f1af6aa90a8 .functor BUFT 1, C4<00000000000000000000000000000>, C4<0>, C4<0>, C4<0>;
v0x5601953afd60_0 .net *"_ivl_23", 28 0, L_0x7f1af6aa90a8;  1 drivers
v0x5601953afe40_0 .net *"_ivl_230", 31 0, L_0x5601953d83a0;  1 drivers
v0x5601953aff20_0 .net *"_ivl_232", 32 0, L_0x5601953d8410;  1 drivers
L_0x7f1af6aa97f8 .functor BUFT 1, C4<0>, C4<0>, C4<0>, C4<0>;
v0x5601953b0000_0 .net/2u *"_ivl_234", 0 0, L_0x7f1af6aa97f8;  1 drivers
v0x5601953b00e0_0 .net *"_ivl_236", 32 0, L_0x5601953d8000;  1 drivers
v0x5601953b01c0_0 .net *"_ivl_238", 32 0, L_0x5601953d80f0;  1 drivers
L_0x7f1af6aa90f0 .functor BUFT 1, C4<00000000000000000000000000000101>, C4<0>, C4<0>, C4<0>;
v0x5601953b02a0_0 .net/2u *"_ivl_24", 31 0, L_0x7f1af6aa90f0;  1 drivers
L_0x7f1af6aa9840 .functor BUFT 1, C4<000000000000000000000000000000001>, C4<0>, C4<0>, C4<0>;
v0x5601953b0380_0 .net/2u *"_ivl_240", 32 0, L_0x7f1af6aa9840;  1 drivers
v0x5601953b0460_0 .net *"_ivl_245", 0 0, L_0x5601953d8690;  1 drivers
v0x5601953b0540_0 .net *"_ivl_247", 0 0, L_0x5601953d8aa0;  1 drivers
v0x5601953b0620_0 .net *"_ivl_248", 0 0, L_0x5601953d8190;  1 drivers
v0x5601953b0700_0 .net *"_ivl_251", 0 0, L_0x5601953d8bd0;  1 drivers
v0x5601953b07e0_0 .net *"_ivl_253", 0 0, L_0x5601953d8810;  1 drivers
v0x5601953b08c0_0 .net *"_ivl_259", 31 0, L_0x5601953d8fc0;  1 drivers
v0x5601953b09a0_0 .net *"_ivl_26", 0 0, L_0x5601953d2360;  1 drivers
L_0x7f1af6aa9888 .functor BUFT 1, C4<00000000000000000000000000000000>, C4<0>, C4<0>, C4<0>;
v0x5601953b0a60_0 .net/2u *"_ivl_260", 31 0, L_0x7f1af6aa9888;  1 drivers
L_0x7f1af6aa98d0 .functor BUFT 1, C4<001>, C4<0>, C4<0>, C4<0>;
v0x5601953b0b40_0 .net/2u *"_ivl_264", 2 0, L_0x7f1af6aa98d0;  1 drivers
v0x5601953b0c20_0 .net *"_ivl_266", 0 0, L_0x5601953d8dc0;  1 drivers
v0x5601953b0ce0_0 .net *"_ivl_269", 31 0, L_0x5601953d93c0;  1 drivers
v0x5601953b0dc0_0 .net *"_ivl_273", 0 0, L_0x5601953d9190;  1 drivers
v0x5601953b0ea0_0 .net *"_ivl_275", 0 0, L_0x5601953d9230;  1 drivers
v0x5601953b0f80_0 .net *"_ivl_276", 0 0, L_0x5601953d7a90;  1 drivers
v0x5601953b1060_0 .net *"_ivl_278", 32 0, L_0x5601953d97f0;  1 drivers
v0x5601953b1140_0 .net *"_ivl_281", 4 0, L_0x5601953d9930;  1 drivers
v0x5601953b1220_0 .net *"_ivl_282", 32 0, L_0x5601953d9500;  1 drivers
L_0x7f1af6aa9918 .functor BUFT 1, C4<00000000000000000000000000000100>, C4<0>, C4<0>, C4<0>;
v0x5601953b1300_0 .net/2u *"_ivl_288", 31 0, L_0x7f1af6aa9918;  1 drivers
v0x5601953b13e0_0 .net *"_ivl_292", 31 0, L_0x5601953d99d0;  1 drivers
v0x5601953b14c0_0 .net *"_ivl_294", 31 0, L_0x5601953d9a70;  1 drivers
v0x5601953b15a0_0 .net *"_ivl_299", 0 0, L_0x5601953d9dd0;  1 drivers
L_0x7f1af6aa9018 .functor BUFT 1, C4<00000000000000000000000000000>, C4<0>, C4<0>, C4<0>;
v0x5601953b1660_0 .net *"_ivl_3", 28 0, L_0x7f1af6aa9018;  1 drivers
v0x5601953b1740_0 .net *"_ivl_30", 31 0, L_0x5601953d25e0;  1 drivers
v0x5601953b1820_0 .net *"_ivl_301", 0 0, L_0x5601953da340;  1 drivers
v0x5601953b18e0_0 .net *"_ivl_303", 30 0, L_0x5601953da400;  1 drivers
L_0x7f1af6aa9960 .functor BUFT 1, C4<0>, C4<0>, C4<0>, C4<0>;
v0x5601953b19c0_0 .net/2u *"_ivl_304", 0 0, L_0x7f1af6aa9960;  1 drivers
v0x5601953b1aa0_0 .net *"_ivl_306", 31 0, L_0x5601953d9f30;  1 drivers
v0x5601953b1b80_0 .net *"_ivl_308", 31 0, L_0x5601953da070;  1 drivers
v0x5601953b1c60_0 .net *"_ivl_313", 1 0, L_0x5601953da8e0;  1 drivers
L_0x7f1af6aa99a8 .functor BUFT 1, C4<00>, C4<0>, C4<0>, C4<0>;
v0x5601953b1d40_0 .net/2u *"_ivl_314", 1 0, L_0x7f1af6aa99a8;  1 drivers
v0x5601953b1e20_0 .net *"_ivl_319", 1 0, L_0x5601953da630;  1 drivers
L_0x7f1af6aa99f0 .functor BUFT 1, C4<01>, C4<0>, C4<0>, C4<0>;
v0x5601953b1f00_0 .net/2u *"_ivl_320", 1 0, L_0x7f1af6aa99f0;  1 drivers
v0x5601953b1fe0_0 .net *"_ivl_325", 0 0, L_0x5601953dad40;  1 drivers
v0x5601953b20c0_0 .net *"_ivl_327", 15 0, L_0x5601953da980;  1 drivers
v0x5601953b21a0_0 .net *"_ivl_329", 15 0, L_0x5601953daa20;  1 drivers
L_0x7f1af6aa9138 .functor BUFT 1, C4<00000000000000000000000000000>, C4<0>, C4<0>, C4<0>;
v0x5601953b2280_0 .net *"_ivl_33", 28 0, L_0x7f1af6aa9138;  1 drivers
v0x5601953b2360_0 .net *"_ivl_333", 0 0, L_0x5601953db170;  1 drivers
v0x5601953b2440_0 .net *"_ivl_335", 7 0, L_0x5601953dade0;  1 drivers
v0x5601953b2520_0 .net *"_ivl_337", 7 0, L_0x5601953dae80;  1 drivers
L_0x7f1af6aa9180 .functor BUFT 1, C4<00000000000000000000000000000101>, C4<0>, C4<0>, C4<0>;
v0x5601953b2600_0 .net/2u *"_ivl_34", 31 0, L_0x7f1af6aa9180;  1 drivers
v0x5601953b26e0_0 .net *"_ivl_341", 0 0, L_0x5601953db0b0;  1 drivers
v0x5601953b27c0_0 .net *"_ivl_343", 0 0, L_0x5601953db660;  1 drivers
v0x5601953b2880_0 .net *"_ivl_345", 0 0, L_0x5601953db700;  1 drivers
v0x5601953b2960_0 .net *"_ivl_347", 0 0, L_0x5601953db2a0;  1 drivers
v0x5601953b2a40_0 .net *"_ivl_348", 0 0, L_0x5601953db3d0;  1 drivers
v0x5601953b2b20_0 .net *"_ivl_352", 23 0, L_0x5601953dbc70;  1 drivers
v0x5601953b2c00_0 .net *"_ivl_354", 31 0, L_0x5601953dc080;  1 drivers
v0x5601953b34f0_0 .net *"_ivl_356", 15 0, L_0x5601953db7f0;  1 drivers
v0x5601953b35d0_0 .net *"_ivl_358", 31 0, L_0x5601953db890;  1 drivers
v0x5601953b36b0_0 .net *"_ivl_36", 0 0, L_0x5601953d2720;  1 drivers
v0x5601953b3770_0 .net *"_ivl_360", 31 0, L_0x5601953db980;  1 drivers
v0x5601953b3850_0 .net *"_ivl_367", 7 0, L_0x5601953dc120;  1 drivers
v0x5601953b3930_0 .net *"_ivl_371", 0 0, L_0x5601953dc1c0;  1 drivers
v0x5601953b3a10_0 .net *"_ivl_373", 7 0, L_0x5601953dc260;  1 drivers
v0x5601953b3af0_0 .net *"_ivl_375", 7 0, L_0x5601953dc390;  1 drivers
v0x5601953b3bd0_0 .net *"_ivl_376", 7 0, L_0x5601953dc430;  1 drivers
v0x5601953b3cb0_0 .net *"_ivl_381", 0 0, L_0x5601953dcdf0;  1 drivers
v0x5601953b3d90_0 .net *"_ivl_383", 7 0, L_0x5601953dc920;  1 drivers
v0x5601953b3e70_0 .net *"_ivl_385", 7 0, L_0x5601953dc9c0;  1 drivers
v0x5601953b3f50_0 .net *"_ivl_386", 7 0, L_0x5601953dca60;  1 drivers
v0x5601953b4030_0 .net *"_ivl_39", 0 0, L_0x5601953d28a0;  1 drivers
v0x5601953b40f0_0 .net *"_ivl_392", 0 0, L_0x5601953dce90;  1 drivers
v0x5601953b41d0_0 .net *"_ivl_394", 7 0, L_0x5601953dcf30;  1 drivers
v0x5601953b42b0_0 .net *"_ivl_396", 0 0, L_0x5601953dcfd0;  1 drivers
v0x5601953b4390_0 .net *"_ivl_398", 7 0, L_0x5601953dd180;  1 drivers
L_0x7f1af6aa9060 .functor BUFT 1, C4<00000000000000000000000000000011>, C4<0>, C4<0>, C4<0>;
v0x5601953b4470_0 .net/2u *"_ivl_4", 31 0, L_0x7f1af6aa9060;  1 drivers
v0x5601953b4550_0 .net *"_ivl_40", 31 0, L_0x5601953d2a00;  1 drivers
v0x5601953b4630_0 .net *"_ivl_400", 7 0, L_0x5601953dd220;  1 drivers
v0x5601953b4710_0 .net *"_ivl_401", 7 0, L_0x5601953dd7b0;  1 drivers
v0x5601953b47f0_0 .net *"_ivl_403", 7 0, L_0x5601953dd420;  1 drivers
v0x5601953b48d0_0 .net *"_ivl_406", 0 0, L_0x5601953dd600;  1 drivers
v0x5601953b49b0_0 .net *"_ivl_408", 0 0, L_0x5601953dd6a0;  1 drivers
L_0x7f1af6aa9a38 .functor BUFT 1, C4<1000>, C4<0>, C4<0>, C4<0>;
v0x5601953b4a90_0 .net/2u *"_ivl_409", 3 0, L_0x7f1af6aa9a38;  1 drivers
L_0x7f1af6aa9a80 .functor BUFT 1, C4<0100>, C4<0>, C4<0>, C4<0>;
v0x5601953b4b70_0 .net/2u *"_ivl_411", 3 0, L_0x7f1af6aa9a80;  1 drivers
v0x5601953b4c50_0 .net *"_ivl_413", 3 0, L_0x5601953ddcf0;  1 drivers
v0x5601953b4d30_0 .net *"_ivl_416", 0 0, L_0x5601953dd8f0;  1 drivers
L_0x7f1af6aa9ac8 .functor BUFT 1, C4<0010>, C4<0>, C4<0>, C4<0>;
v0x5601953b4e10_0 .net/2u *"_ivl_417", 3 0, L_0x7f1af6aa9ac8;  1 drivers
L_0x7f1af6aa9b10 .functor BUFT 1, C4<0001>, C4<0>, C4<0>, C4<0>;
v0x5601953b4ef0_0 .net/2u *"_ivl_419", 3 0, L_0x7f1af6aa9b10;  1 drivers
v0x5601953b4fd0_0 .net *"_ivl_42", 31 0, L_0x5601953d2af0;  1 drivers
v0x5601953b50b0_0 .net *"_ivl_421", 3 0, L_0x5601953dd990;  1 drivers
v0x5601953b5190_0 .net *"_ivl_423", 3 0, L_0x5601953ddb20;  1 drivers
v0x5601953b5270_0 .net *"_ivl_426", 0 0, L_0x5601953de250;  1 drivers
L_0x7f1af6aa9b58 .functor BUFT 1, C4<1100>, C4<0>, C4<0>, C4<0>;
v0x5601953b5350_0 .net/2u *"_ivl_427", 3 0, L_0x7f1af6aa9b58;  1 drivers
L_0x7f1af6aa9ba0 .functor BUFT 1, C4<0011>, C4<0>, C4<0>, C4<0>;
v0x5601953b5430_0 .net/2u *"_ivl_429", 3 0, L_0x7f1af6aa9ba0;  1 drivers
v0x5601953b5510_0 .net *"_ivl_431", 3 0, L_0x5601953ddd90;  1 drivers
L_0x7f1af6aa9be8 .functor BUFT 1, C4<1111>, C4<0>, C4<0>, C4<0>;
v0x5601953b55f0_0 .net/2u *"_ivl_433", 3 0, L_0x7f1af6aa9be8;  1 drivers
v0x5601953b56d0_0 .net *"_ivl_435", 3 0, L_0x5601953ddf20;  1 drivers
v0x5601953b57b0_0 .net *"_ivl_44", 31 0, L_0x5601953d2c80;  1 drivers
v0x5601953b5890_0 .net *"_ivl_48", 31 0, L_0x5601953d2f10;  1 drivers
v0x5601953b5970_0 .net *"_ivl_52", 31 0, L_0x5601953d31b0;  1 drivers
L_0x7f1af6aa91c8 .functor BUFT 1, C4<00000000000000000000000000000>, C4<0>, C4<0>, C4<0>;
v0x5601953b5a50_0 .net *"_ivl_55", 28 0, L_0x7f1af6aa91c8;  1 drivers
L_0x7f1af6aa9210 .functor BUFT 1, C4<00000000000000000000000000000100>, C4<0>, C4<0>, C4<0>;
v0x5601953b5b30_0 .net/2u *"_ivl_56", 31 0, L_0x7f1af6aa9210;  1 drivers
v0x5601953b5c10_0 .net *"_ivl_58", 0 0, L_0x5601953d3310;  1 drivers
v0x5601953b5cd0_0 .net *"_ivl_6", 0 0, L_0x5601953d1d40;  1 drivers
v0x5601953b5d90_0 .net *"_ivl_60", 31 0, L_0x5601953d3500;  1 drivers
L_0x7f1af6aa9258 .functor BUFT 1, C4<00000000000000000000000000000>, C4<0>, C4<0>, C4<0>;
v0x5601953b5e70_0 .net *"_ivl_63", 28 0, L_0x7f1af6aa9258;  1 drivers
L_0x7f1af6aa92a0 .functor BUFT 1, C4<00000000000000000000000000000101>, C4<0>, C4<0>, C4<0>;
v0x5601953b5f50_0 .net/2u *"_ivl_64", 31 0, L_0x7f1af6aa92a0;  1 drivers
v0x5601953b6030_0 .net *"_ivl_66", 0 0, L_0x5601953d3680;  1 drivers
v0x5601953b60f0_0 .net *"_ivl_69", 0 0, L_0x5601953d3080;  1 drivers
v0x5601953b61b0_0 .net *"_ivl_70", 31 0, L_0x5601953d38d0;  1 drivers
L_0x7f1af6aa92e8 .functor BUFT 1, C4<00000000000000000000000000000>, C4<0>, C4<0>, C4<0>;
v0x5601953b6290_0 .net *"_ivl_73", 28 0, L_0x7f1af6aa92e8;  1 drivers
L_0x7f1af6aa9330 .functor BUFT 1, C4<00000000000000000000000000000110>, C4<0>, C4<0>, C4<0>;
v0x5601953b6370_0 .net/2u *"_ivl_74", 31 0, L_0x7f1af6aa9330;  1 drivers
v0x5601953b6450_0 .net *"_ivl_76", 0 0, L_0x5601953d39c0;  1 drivers
v0x5601953b6510_0 .net *"_ivl_79", 0 0, L_0x5601953d3140;  1 drivers
v0x5601953b65d0_0 .net *"_ivl_82", 31 0, L_0x5601953d3ce0;  1 drivers
L_0x7f1af6aa9378 .functor BUFT 1, C4<00000000000000000000000000000>, C4<0>, C4<0>, C4<0>;
v0x5601953b66b0_0 .net *"_ivl_85", 28 0, L_0x7f1af6aa9378;  1 drivers
L_0x7f1af6aa93c0 .functor BUFT 1, C4<00000000000000000000000000000110>, C4<0>, C4<0>, C4<0>;
v0x5601953b6790_0 .net/2u *"_ivl_86", 31 0, L_0x7f1af6aa93c0;  1 drivers
v0x5601953b6870_0 .net *"_ivl_9", 0 0, L_0x560195392980;  1 drivers
v0x5601953b6930_0 .net *"_ivl_91", 6 0, L_0x5601953d3f20;  1 drivers
L_0x7f1af6aa9408 .functor BUFT 1, C4<0110011>, C4<0>, C4<0>, C4<0>;
v0x5601953b6a10_0 .net/2u *"_ivl_92", 6 0, L_0x7f1af6aa9408;  1 drivers
v0x5601953b6af0_0 .net *"_ivl_97", 6 0, L_0x5601953d4170;  1 drivers
L_0x7f1af6aa9450 .functor BUFT 1, C4<0010011>, C4<0>, C4<0>, C4<0>;
v0x5601953b6bd0_0 .net/2u *"_ivl_98", 6 0, L_0x7f1af6aa9450;  1 drivers
v0x5601953b6cb0_0 .net "aluMinus", 32 0, L_0x5601953d8550;  1 drivers
v0x5601953b6d90_0 .net "aluPlus", 31 0, L_0x5601953d8260;  1 drivers
v0x5601953b6e70_0 .net "clk", 0 0, L_0x5601953c1990;  alias, 1 drivers
v0x5601953b6f30_0 .net "funct3", 2 0, L_0x5601953d76b0;  1 drivers
v0x5601953b7010_0 .net "funct7", 6 0, L_0x5601953d7b40;  1 drivers
v0x5601953b70f0_0 .var "instr", 31 0;
v0x5601953b71d0_0 .net "isALUimm", 0 0, L_0x5601953d3fc0;  1 drivers
v0x5601953b7290_0 .net "isALUreg", 0 0, L_0x5601953d3d80;  1 drivers
v0x5601953b7350_0 .net "isAUIPC", 0 0, L_0x5601953d48c0;  1 drivers
v0x5601953b7410_0 .net "isBranch", 0 0, L_0x5601953d4260;  1 drivers
v0x5601953b74d0_0 .net "isJAL", 0 0, L_0x5601953d46e0;  1 drivers
v0x5601953b7590_0 .net "isJALR", 0 0, L_0x5601953d44c0;  1 drivers
v0x5601953b7650_0 .net "isLUI", 0 0, L_0x5601953d4ab0;  1 drivers
v0x5601953b7710_0 .net "isLoad", 0 0, L_0x5601953d4cb0;  1 drivers
v0x5601953b77d0_0 .net "isSYSTEM", 0 0, L_0x5601953d50e0;  1 drivers
v0x5601953b7890_0 .net "isStore", 0 0, L_0x5601953d4ec0;  1 drivers
v0x5601953b7950_0 .net "leftshift", 31 0, L_0x5601953d9730;  1 drivers
v0x5601953b7a30_0 .net "mem_byteAccess", 0 0, L_0x5601953da4f0;  1 drivers
v0x5601953b7af0_0 .net "mem_halfwordAccess", 0 0, L_0x5601953da760;  1 drivers
v0x5601953b7bb0_0 .net "rdId_A3", 4 0, L_0x5601953d7610;  1 drivers
v0x5601953b7c90_0 .net "reset", 0 0, L_0x5601953c1b60;  alias, 1 drivers
v0x5601953b7d50_0 .var "rs1", 31 0;
v0x5601953b7e30_0 .net "rs1Id_A1", 4 0, L_0x5601953d7870;  1 drivers
v0x5601953b7f10_0 .var "rs2", 31 0;
v0x5601953b7ff0_0 .net "rs2Id_A2", 4 0, L_0x5601953d7570;  1 drivers
v0x5601953b80d0_0 .net "shamt", 4 0, L_0x5601953d7c80;  1 drivers
v0x5601953b81b0_0 .net "shifter", 31 0, L_0x5601953d9640;  1 drivers
v0x5601953b8290_0 .net "shifter_in", 31 0, L_0x5601953d9460;  1 drivers
v0x5601953b8370_0 .var "state", 2 0;
v0x5601953b8450_0 .var "takeBranch", 0 0;
v0x5601953b8510_0 .net "writeBackData", 31 0, L_0x5601953d2dc0;  1 drivers
v0x5601953b85f0_0 .net "writeBackEn", 0 0, L_0x5601953d24d0;  1 drivers
v0x5601953b86b0_0 .net "writemask", 3 0, L_0x5601953de060;  alias, 1 drivers
E_0x5601953953a0 .event posedge, v0x5601953b6e70_0;
E_0x560195395320 .event anyedge, v0x5601953b6f30_0, v0x5601953aba30_0, v0x5601953ac060_0, v0x5601953ac120_0;
E_0x560195394330/0 .event anyedge, v0x5601953b6f30_0, v0x5601953b7010_0, v0x5601953b70f0_0, v0x5601953b6cb0_0;
E_0x560195394330/1 .event anyedge, v0x5601953b6d90_0, v0x5601953b7950_0, v0x5601953ac060_0, v0x5601953ac120_0;
E_0x560195394330/2 .event anyedge, v0x5601953ac980_0, v0x5601953aca60_0, v0x5601953b81b0_0;
E_0x560195394330 .event/or E_0x560195394330/0, E_0x560195394330/1, E_0x560195394330/2;
L_0x5601953c1c90 .concat [ 3 29 0 0], v0x5601953b8370_0, L_0x7f1af6aa9018;
L_0x5601953d1d40 .cmp/eq 32, L_0x5601953c1c90, L_0x7f1af6aa9060;
L_0x5601953d2220 .concat [ 3 29 0 0], v0x5601953b8370_0, L_0x7f1af6aa90a8;
L_0x5601953d2360 .cmp/eq 32, L_0x5601953d2220, L_0x7f1af6aa90f0;
L_0x5601953d25e0 .concat [ 3 29 0 0], v0x5601953b8370_0, L_0x7f1af6aa9138;
L_0x5601953d2720 .cmp/eq 32, L_0x5601953d25e0, L_0x7f1af6aa9180;
L_0x5601953d2a00 .functor MUXZ 32, v0x5601953788d0_0, L_0x5601953d9d30, L_0x5601953d28a0, C4<>;
L_0x5601953d2af0 .functor MUXZ 32, L_0x5601953d2a00, L_0x5601953d9bf0, L_0x5601953d48c0, C4<>;
L_0x5601953d2c80 .functor MUXZ 32, L_0x5601953d2af0, L_0x5601953d5400, L_0x5601953d4ab0, C4<>;
L_0x5601953d2dc0 .functor MUXZ 32, L_0x5601953d2c80, L_0x5601953dbac0, L_0x5601953d2720, C4<>;
L_0x5601953d2f10 .functor MUXZ 32, L_0x5601953d5890, L_0x5601953d6460, L_0x5601953d4ec0, C4<>;
L_0x5601953d2fe0 .arith/sum 32, v0x5601953b7d50_0, L_0x5601953d2f10;
L_0x5601953d31b0 .concat [ 3 29 0 0], v0x5601953b8370_0, L_0x7f1af6aa91c8;
L_0x5601953d3310 .cmp/eq 32, L_0x5601953d31b0, L_0x7f1af6aa9210;
L_0x5601953d3500 .concat [ 3 29 0 0], v0x5601953b8370_0, L_0x7f1af6aa9258;
L_0x5601953d3680 .cmp/eq 32, L_0x5601953d3500, L_0x7f1af6aa92a0;
L_0x5601953d38d0 .concat [ 3 29 0 0], v0x5601953b8370_0, L_0x7f1af6aa92e8;
L_0x5601953d39c0 .cmp/eq 32, L_0x5601953d38d0, L_0x7f1af6aa9330;
L_0x5601953d3bf0 .functor MUXZ 32, v0x5601953ac380_0, L_0x5601953d2fe0, L_0x5601953d3140, C4<>;
L_0x5601953d3ce0 .concat [ 3 29 0 0], v0x5601953b8370_0, L_0x7f1af6aa9378;
L_0x5601953d3e30 .cmp/eq 32, L_0x5601953d3ce0, L_0x7f1af6aa93c0;
L_0x5601953d3f20 .part v0x5601953b70f0_0, 0, 7;
L_0x5601953d3d80 .cmp/eq 7, L_0x5601953d3f20, L_0x7f1af6aa9408;
L_0x5601953d4170 .part v0x5601953b70f0_0, 0, 7;
L_0x5601953d3fc0 .cmp/eq 7, L_0x5601953d4170, L_0x7f1af6aa9450;
L_0x5601953d4420 .part v0x5601953b70f0_0, 0, 7;
L_0x5601953d4260 .cmp/eq 7, L_0x5601953d4420, L_0x7f1af6aa9498;
L_0x5601953d4640 .part v0x5601953b70f0_0, 0, 7;
L_0x5601953d44c0 .cmp/eq 7, L_0x5601953d4640, L_0x7f1af6aa94e0;
L_0x5601953d4820 .part v0x5601953b70f0_0, 0, 7;
L_0x5601953d46e0 .cmp/eq 7, L_0x5601953d4820, L_0x7f1af6aa9528;
L_0x5601953d4a10 .part v0x5601953b70f0_0, 0, 7;
L_0x5601953d48c0 .cmp/eq 7, L_0x5601953d4a10, L_0x7f1af6aa9570;
L_0x5601953d4c10 .part v0x5601953b70f0_0, 0, 7;
L_0x5601953d4ab0 .cmp/eq 7, L_0x5601953d4c10, L_0x7f1af6aa95b8;
L_0x5601953d4e20 .part v0x5601953b70f0_0, 0, 7;
L_0x5601953d4cb0 .cmp/eq 7, L_0x5601953d4e20, L_0x7f1af6aa9600;
L_0x5601953d5040 .part v0x5601953b70f0_0, 0, 7;
L_0x5601953d4ec0 .cmp/eq 7, L_0x5601953d5040, L_0x7f1af6aa9648;
L_0x5601953d52c0 .part v0x5601953b70f0_0, 0, 7;
L_0x5601953d50e0 .cmp/eq 7, L_0x5601953d52c0, L_0x7f1af6aa9690;
L_0x5601953d54b0 .part v0x5601953b70f0_0, 31, 1;
L_0x5601953d5360 .part v0x5601953b70f0_0, 12, 19;
L_0x5601953d5400 .concat [ 12 19 1 0], L_0x7f1af6aa96d8, L_0x5601953d5360, L_0x5601953d54b0;
L_0x5601953d5550 .part v0x5601953b70f0_0, 31, 1;
LS_0x5601953d55f0_0_0 .concat [ 1 1 1 1], L_0x5601953d5550, L_0x5601953d5550, L_0x5601953d5550, L_0x5601953d5550;
LS_0x5601953d55f0_0_4 .concat [ 1 1 1 1], L_0x5601953d5550, L_0x5601953d5550, L_0x5601953d5550, L_0x5601953d5550;
LS_0x5601953d55f0_0_8 .concat [ 1 1 1 1], L_0x5601953d5550, L_0x5601953d5550, L_0x5601953d5550, L_0x5601953d5550;
LS_0x5601953d55f0_0_12 .concat [ 1 1 1 1], L_0x5601953d5550, L_0x5601953d5550, L_0x5601953d5550, L_0x5601953d5550;
LS_0x5601953d55f0_0_16 .concat [ 1 1 1 1], L_0x5601953d5550, L_0x5601953d5550, L_0x5601953d5550, L_0x5601953d5550;
LS_0x5601953d55f0_0_20 .concat [ 1 0 0 0], L_0x5601953d5550;
LS_0x5601953d55f0_1_0 .concat [ 4 4 4 4], LS_0x5601953d55f0_0_0, LS_0x5601953d55f0_0_4, LS_0x5601953d55f0_0_8, LS_0x5601953d55f0_0_12;
LS_0x5601953d55f0_1_4 .concat [ 4 1 0 0], LS_0x5601953d55f0_0_16, LS_0x5601953d55f0_0_20;
L_0x5601953d55f0 .concat [ 16 5 0 0], LS_0x5601953d55f0_1_0, LS_0x5601953d55f0_1_4;
L_0x5601953d57f0 .part v0x5601953b70f0_0, 20, 11;
L_0x5601953d5890 .concat [ 11 21 0 0], L_0x5601953d57f0, L_0x5601953d55f0;
L_0x5601953d5d90 .part v0x5601953b70f0_0, 31, 1;
LS_0x5601953d5e30_0_0 .concat [ 1 1 1 1], L_0x5601953d5d90, L_0x5601953d5d90, L_0x5601953d5d90, L_0x5601953d5d90;
LS_0x5601953d5e30_0_4 .concat [ 1 1 1 1], L_0x5601953d5d90, L_0x5601953d5d90, L_0x5601953d5d90, L_0x5601953d5d90;
LS_0x5601953d5e30_0_8 .concat [ 1 1 1 1], L_0x5601953d5d90, L_0x5601953d5d90, L_0x5601953d5d90, L_0x5601953d5d90;
LS_0x5601953d5e30_0_12 .concat [ 1 1 1 1], L_0x5601953d5d90, L_0x5601953d5d90, L_0x5601953d5d90, L_0x5601953d5d90;
LS_0x5601953d5e30_0_16 .concat [ 1 1 1 1], L_0x5601953d5d90, L_0x5601953d5d90, L_0x5601953d5d90, L_0x5601953d5d90;
LS_0x5601953d5e30_0_20 .concat [ 1 0 0 0], L_0x5601953d5d90;
LS_0x5601953d5e30_1_0 .concat [ 4 4 4 4], LS_0x5601953d5e30_0_0, LS_0x5601953d5e30_0_4, LS_0x5601953d5e30_0_8, LS_0x5601953d5e30_0_12;
LS_0x5601953d5e30_1_4 .concat [ 4 1 0 0], LS_0x5601953d5e30_0_16, LS_0x5601953d5e30_0_20;
L_0x5601953d5e30 .concat [ 16 5 0 0], LS_0x5601953d5e30_1_0, LS_0x5601953d5e30_1_4;
L_0x5601953d5fb0 .part v0x5601953b70f0_0, 25, 6;
L_0x5601953d6050 .part v0x5601953b70f0_0, 7, 5;
L_0x5601953d6460 .concat [ 5 6 21 0], L_0x5601953d6050, L_0x5601953d5fb0, L_0x5601953d5e30;
L_0x5601953d69c0 .part v0x5601953b70f0_0, 31, 1;
LS_0x5601953d6810_0_0 .concat [ 1 1 1 1], L_0x5601953d69c0, L_0x5601953d69c0, L_0x5601953d69c0, L_0x5601953d69c0;
LS_0x5601953d6810_0_4 .concat [ 1 1 1 1], L_0x5601953d69c0, L_0x5601953d69c0, L_0x5601953d69c0, L_0x5601953d69c0;
LS_0x5601953d6810_0_8 .concat [ 1 1 1 1], L_0x5601953d69c0, L_0x5601953d69c0, L_0x5601953d69c0, L_0x5601953d69c0;
LS_0x5601953d6810_0_12 .concat [ 1 1 1 1], L_0x5601953d69c0, L_0x5601953d69c0, L_0x5601953d69c0, L_0x5601953d69c0;
LS_0x5601953d6810_0_16 .concat [ 1 1 1 1], L_0x5601953d69c0, L_0x5601953d69c0, L_0x5601953d69c0, L_0x5601953d69c0;
LS_0x5601953d6810_1_0 .concat [ 4 4 4 4], LS_0x5601953d6810_0_0, LS_0x5601953d6810_0_4, LS_0x5601953d6810_0_8, LS_0x5601953d6810_0_12;
LS_0x5601953d6810_1_4 .concat [ 4 0 0 0], LS_0x5601953d6810_0_16;
L_0x5601953d6810 .concat [ 16 4 0 0], LS_0x5601953d6810_1_0, LS_0x5601953d6810_1_4;
L_0x5601953d6e30 .part v0x5601953b70f0_0, 7, 1;
L_0x5601953d6a60 .part v0x5601953b70f0_0, 25, 6;
L_0x5601953d6b00 .part v0x5601953b70f0_0, 8, 4;
LS_0x5601953d70b0_0_0 .concat [ 1 4 6 1], L_0x7f1af6aa9720, L_0x5601953d6b00, L_0x5601953d6a60, L_0x5601953d6e30;
LS_0x5601953d70b0_0_4 .concat [ 20 0 0 0], L_0x5601953d6810;
L_0x5601953d70b0 .concat [ 12 20 0 0], LS_0x5601953d70b0_0_0, LS_0x5601953d70b0_0_4;
L_0x5601953d7240 .part v0x5601953b70f0_0, 31, 1;
LS_0x5601953d6ed0_0_0 .concat [ 1 1 1 1], L_0x5601953d7240, L_0x5601953d7240, L_0x5601953d7240, L_0x5601953d7240;
LS_0x5601953d6ed0_0_4 .concat [ 1 1 1 1], L_0x5601953d7240, L_0x5601953d7240, L_0x5601953d7240, L_0x5601953d7240;
LS_0x5601953d6ed0_0_8 .concat [ 1 1 1 1], L_0x5601953d7240, L_0x5601953d7240, L_0x5601953d7240, L_0x5601953d7240;
L_0x5601953d6ed0 .concat [ 4 4 4 0], LS_0x5601953d6ed0_0_0, LS_0x5601953d6ed0_0_4, LS_0x5601953d6ed0_0_8;
L_0x5601953d74d0 .part v0x5601953b70f0_0, 12, 8;
L_0x5601953d72e0 .part v0x5601953b70f0_0, 20, 1;
L_0x5601953d7380 .part v0x5601953b70f0_0, 21, 10;
LS_0x5601953d7420_0_0 .concat [ 1 10 1 8], L_0x7f1af6aa9768, L_0x5601953d7380, L_0x5601953d72e0, L_0x5601953d74d0;
LS_0x5601953d7420_0_4 .concat [ 12 0 0 0], L_0x5601953d6ed0;
L_0x5601953d7420 .concat [ 20 12 0 0], LS_0x5601953d7420_0_0, LS_0x5601953d7420_0_4;
L_0x5601953d7870 .part v0x5601953b70f0_0, 15, 5;
L_0x5601953d7570 .part v0x5601953b70f0_0, 20, 5;
L_0x5601953d7610 .part v0x5601953b70f0_0, 7, 5;
L_0x5601953d76b0 .part v0x5601953b70f0_0, 12, 3;
L_0x5601953d7b40 .part v0x5601953b70f0_0, 25, 7;
L_0x5601953d7e20 .functor MUXZ 32, L_0x5601953d5890, v0x5601953b7f10_0, L_0x5601953d79d0, C4<>;
L_0x5601953d7f10 .part v0x5601953b7f10_0, 0, 5;
L_0x5601953d7be0 .part v0x5601953b70f0_0, 20, 5;
L_0x5601953d7c80 .functor MUXZ 5, L_0x5601953d7be0, L_0x5601953d7f10, L_0x5601953d3d80, C4<>;
L_0x5601953d8260 .arith/sum 32, L_0x5601953d7910, L_0x5601953d7e20;
L_0x5601953d8410 .concat [ 32 1 0 0], L_0x5601953d83a0, L_0x7f1af6aa97b0;
L_0x5601953d8000 .concat [ 32 1 0 0], L_0x5601953d7910, L_0x7f1af6aa97f8;
L_0x5601953d80f0 .arith/sum 33, L_0x5601953d8410, L_0x5601953d8000;
L_0x5601953d8550 .arith/sum 33, L_0x5601953d80f0, L_0x7f1af6aa9840;
L_0x5601953d8690 .part L_0x5601953d7910, 31, 1;
L_0x5601953d8aa0 .part L_0x5601953d7e20, 31, 1;
L_0x5601953d8bd0 .part L_0x5601953d7910, 31, 1;
L_0x5601953d8810 .part L_0x5601953d8550, 32, 1;
L_0x5601953d8900 .functor MUXZ 1, L_0x5601953d8810, L_0x5601953d8bd0, L_0x5601953d8190, C4<>;
L_0x5601953d8f20 .part L_0x5601953d8550, 32, 1;
L_0x5601953d8fc0 .part L_0x5601953d8550, 0, 32;
L_0x5601953d8ca0 .cmp/eq 32, L_0x5601953d8fc0, L_0x7f1af6aa9888;
L_0x5601953d8dc0 .cmp/eq 3, L_0x5601953d76b0, L_0x7f1af6aa98d0;
L_0x5601953d93c0 .ufunc/vec4 TD_testbench.dut.cpu.flip32, 32, L_0x5601953d7910 (v0x560195393a10_0) S_0x56019535a0e0;
L_0x5601953d9460 .functor MUXZ 32, L_0x5601953d7910, L_0x5601953d93c0, L_0x5601953d8dc0, C4<>;
L_0x5601953d9190 .part v0x5601953b70f0_0, 30, 1;
L_0x5601953d9230 .part L_0x5601953d7910, 31, 1;
L_0x5601953d97f0 .concat [ 32 1 0 0], L_0x5601953d9460, L_0x5601953d7a90;
L_0x5601953d9930 .part L_0x5601953d7e20, 0, 5;
L_0x5601953d9500 .shift/rs 33, L_0x5601953d97f0, L_0x5601953d9930;
L_0x5601953d9640 .part L_0x5601953d9500, 0, 32;
L_0x5601953d9730 .ufunc/vec4 TD_testbench.dut.cpu.flip32, 32, L_0x5601953d9640 (v0x560195393a10_0) S_0x56019535a0e0;
L_0x5601953d9d30 .arith/sum 32, v0x5601953ac380_0, L_0x7f1af6aa9918;
L_0x5601953d99d0 .functor MUXZ 32, L_0x5601953d70b0, L_0x5601953d5400, L_0x5601953d48c0, C4<>;
L_0x5601953d9a70 .functor MUXZ 32, L_0x5601953d99d0, L_0x5601953d7420, L_0x5601953d46e0, C4<>;
L_0x5601953d9bf0 .arith/sum 32, v0x5601953ac380_0, L_0x5601953d9a70;
L_0x5601953da400 .part L_0x5601953d8260, 1, 31;
L_0x5601953d9f30 .concat [ 1 31 0 0], L_0x7f1af6aa9960, L_0x5601953da400;
L_0x5601953da070 .functor MUXZ 32, L_0x5601953d9d30, L_0x5601953d9f30, L_0x5601953d44c0, C4<>;
L_0x5601953da1a0 .functor MUXZ 32, L_0x5601953da070, L_0x5601953d9bf0, L_0x5601953da340, C4<>;
L_0x5601953da8e0 .part L_0x5601953d76b0, 0, 2;
L_0x5601953da4f0 .cmp/eq 2, L_0x5601953da8e0, L_0x7f1af6aa99a8;
L_0x5601953da630 .part L_0x5601953d76b0, 0, 2;
L_0x5601953da760 .cmp/eq 2, L_0x5601953da630, L_0x7f1af6aa99f0;
L_0x5601953dad40 .part L_0x5601953d2fe0, 1, 1;
L_0x5601953da980 .part v0x5601953bd7d0_0, 16, 16;
L_0x5601953daa20 .part v0x5601953bd7d0_0, 0, 16;
L_0x5601953dab50 .functor MUXZ 16, L_0x5601953daa20, L_0x5601953da980, L_0x5601953dad40, C4<>;
L_0x5601953db170 .part L_0x5601953d2fe0, 0, 1;
L_0x5601953dade0 .part L_0x5601953dab50, 8, 8;
L_0x5601953dae80 .part L_0x5601953dab50, 0, 8;
L_0x5601953daf20 .functor MUXZ 8, L_0x5601953dae80, L_0x5601953dade0, L_0x5601953db170, C4<>;
L_0x5601953db0b0 .part L_0x5601953d76b0, 2, 1;
L_0x5601953db660 .reduce/nor L_0x5601953db0b0;
L_0x5601953db700 .part L_0x5601953daf20, 7, 1;
L_0x5601953db2a0 .part L_0x5601953dab50, 15, 1;
L_0x5601953db3d0 .functor MUXZ 1, L_0x5601953db2a0, L_0x5601953db700, L_0x5601953da4f0, C4<>;
LS_0x5601953dbc70_0_0 .concat [ 1 1 1 1], L_0x5601953db510, L_0x5601953db510, L_0x5601953db510, L_0x5601953db510;
LS_0x5601953dbc70_0_4 .concat [ 1 1 1 1], L_0x5601953db510, L_0x5601953db510, L_0x5601953db510, L_0x5601953db510;
LS_0x5601953dbc70_0_8 .concat [ 1 1 1 1], L_0x5601953db510, L_0x5601953db510, L_0x5601953db510, L_0x5601953db510;
LS_0x5601953dbc70_0_12 .concat [ 1 1 1 1], L_0x5601953db510, L_0x5601953db510, L_0x5601953db510, L_0x5601953db510;
LS_0x5601953dbc70_0_16 .concat [ 1 1 1 1], L_0x5601953db510, L_0x5601953db510, L_0x5601953db510, L_0x5601953db510;
LS_0x5601953dbc70_0_20 .concat [ 1 1 1 1], L_0x5601953db510, L_0x5601953db510, L_0x5601953db510, L_0x5601953db510;
LS_0x5601953dbc70_1_0 .concat [ 4 4 4 4], LS_0x5601953dbc70_0_0, LS_0x5601953dbc70_0_4, LS_0x5601953dbc70_0_8, LS_0x5601953dbc70_0_12;
LS_0x5601953dbc70_1_4 .concat [ 4 4 0 0], LS_0x5601953dbc70_0_16, LS_0x5601953dbc70_0_20;
L_0x5601953dbc70 .concat [ 16 8 0 0], LS_0x5601953dbc70_1_0, LS_0x5601953dbc70_1_4;
L_0x5601953dc080 .concat [ 8 24 0 0], L_0x5601953daf20, L_0x5601953dbc70;
LS_0x5601953db7f0_0_0 .concat [ 1 1 1 1], L_0x5601953db510, L_0x5601953db510, L_0x5601953db510, L_0x5601953db510;
LS_0x5601953db7f0_0_4 .concat [ 1 1 1 1], L_0x5601953db510, L_0x5601953db510, L_0x5601953db510, L_0x5601953db510;
LS_0x5601953db7f0_0_8 .concat [ 1 1 1 1], L_0x5601953db510, L_0x5601953db510, L_0x5601953db510, L_0x5601953db510;
LS_0x5601953db7f0_0_12 .concat [ 1 1 1 1], L_0x5601953db510, L_0x5601953db510, L_0x5601953db510, L_0x5601953db510;
L_0x5601953db7f0 .concat [ 4 4 4 4], LS_0x5601953db7f0_0_0, LS_0x5601953db7f0_0_4, LS_0x5601953db7f0_0_8, LS_0x5601953db7f0_0_12;
L_0x5601953db890 .concat [ 16 16 0 0], L_0x5601953dab50, L_0x5601953db7f0;
L_0x5601953db980 .functor MUXZ 32, v0x5601953bd7d0_0, L_0x5601953db890, L_0x5601953da760, C4<>;
L_0x5601953dbac0 .functor MUXZ 32, L_0x5601953db980, L_0x5601953dc080, L_0x5601953da4f0, C4<>;
L_0x5601953dc120 .part v0x5601953b7f10_0, 0, 8;
L_0x5601953dc1c0 .part L_0x5601953d2fe0, 0, 1;
L_0x5601953dc260 .part v0x5601953b7f10_0, 0, 8;
L_0x5601953dc390 .part v0x5601953b7f10_0, 8, 8;
L_0x5601953dc430 .functor MUXZ 8, L_0x5601953dc390, L_0x5601953dc260, L_0x5601953dc1c0, C4<>;
L_0x5601953dcdf0 .part L_0x5601953d2fe0, 1, 1;
L_0x5601953dc920 .part v0x5601953b7f10_0, 0, 8;
L_0x5601953dc9c0 .part v0x5601953b7f10_0, 16, 8;
L_0x5601953dca60 .functor MUXZ 8, L_0x5601953dc9c0, L_0x5601953dc920, L_0x5601953dcdf0, C4<>;
L_0x5601953dcbf0 .concat8 [ 8 8 8 8], L_0x5601953dc120, L_0x5601953dc430, L_0x5601953dca60, L_0x5601953dd420;
L_0x5601953dce90 .part L_0x5601953d2fe0, 0, 1;
L_0x5601953dcf30 .part v0x5601953b7f10_0, 0, 8;
L_0x5601953dcfd0 .part L_0x5601953d2fe0, 1, 1;
L_0x5601953dd180 .part v0x5601953b7f10_0, 8, 8;
L_0x5601953dd220 .part v0x5601953b7f10_0, 24, 8;
L_0x5601953dd7b0 .functor MUXZ 8, L_0x5601953dd220, L_0x5601953dd180, L_0x5601953dcfd0, C4<>;
L_0x5601953dd420 .functor MUXZ 8, L_0x5601953dd7b0, L_0x5601953dcf30, L_0x5601953dce90, C4<>;
L_0x5601953dd600 .part L_0x5601953d2fe0, 1, 1;
L_0x5601953dd6a0 .part L_0x5601953d2fe0, 0, 1;
L_0x5601953ddcf0 .functor MUXZ 4, L_0x7f1af6aa9a80, L_0x7f1af6aa9a38, L_0x5601953dd6a0, C4<>;
L_0x5601953dd8f0 .part L_0x5601953d2fe0, 0, 1;
L_0x5601953dd990 .functor MUXZ 4, L_0x7f1af6aa9b10, L_0x7f1af6aa9ac8, L_0x5601953dd8f0, C4<>;
L_0x5601953ddb20 .functor MUXZ 4, L_0x5601953dd990, L_0x5601953ddcf0, L_0x5601953dd600, C4<>;
L_0x5601953de250 .part L_0x5601953d2fe0, 1, 1;
L_0x5601953ddd90 .functor MUXZ 4, L_0x7f1af6aa9ba0, L_0x7f1af6aa9b58, L_0x5601953de250, C4<>;
L_0x5601953ddf20 .functor MUXZ 4, L_0x7f1af6aa9be8, L_0x5601953ddd90, L_0x5601953da760, C4<>;
L_0x5601953de060 .functor MUXZ 4, L_0x5601953ddf20, L_0x5601953ddb20, L_0x5601953da4f0, C4<>;
S_0x56019535a0e0 .scope function.vec4.s32, "flip32" "flip32" 5 73, 5 73 0, S_0x560195355ea0;
 .timescale 0 0;
; Variable flip32 is vec4 return value of scope S_0x56019535a0e0
v0x560195393a10_0 .var "x", 31 0;
TD_testbench.dut.cpu.flip32 ;
    %load/vec4 v0x560195393a10_0;
    %parti/s 1, 0, 2;
    %load/vec4 v0x560195393a10_0;
    %parti/s 1, 1, 2;
    %concat/vec4; draw_concat_vec4
    %load/vec4 v0x560195393a10_0;
    %parti/s 1, 2, 3;
    %concat/vec4; draw_concat_vec4
    %load/vec4 v0x560195393a10_0;
    %parti/s 1, 3, 3;
    %concat/vec4; draw_concat_vec4
    %load/vec4 v0x560195393a10_0;
    %parti/s 1, 4, 4;
    %concat/vec4; draw_concat_vec4
    %load/vec4 v0x560195393a10_0;
    %parti/s 1, 5, 4;
    %concat/vec4; draw_concat_vec4
    %load/vec4 v0x560195393a10_0;
    %parti/s 1, 6, 4;
    %concat/vec4; draw_concat_vec4
    %load/vec4 v0x560195393a10_0;
    %parti/s 1, 7, 4;
    %concat/vec4; draw_concat_vec4
    %load/vec4 v0x560195393a10_0;
    %parti/s 1, 8, 5;
    %concat/vec4; draw_concat_vec4
    %load/vec4 v0x560195393a10_0;
    %parti/s 1, 9, 5;
    %concat/vec4; draw_concat_vec4
    %load/vec4 v0x560195393a10_0;
    %parti/s 1, 10, 5;
    %concat/vec4; draw_concat_vec4
    %load/vec4 v0x560195393a10_0;
    %parti/s 1, 11, 5;
    %concat/vec4; draw_concat_vec4
    %load/vec4 v0x560195393a10_0;
    %parti/s 1, 12, 5;
    %concat/vec4; draw_concat_vec4
    %load/vec4 v0x560195393a10_0;
    %parti/s 1, 13, 5;
    %concat/vec4; draw_concat_vec4
    %load/vec4 v0x560195393a10_0;
    %parti/s 1, 14, 5;
    %concat/vec4; draw_concat_vec4
    %load/vec4 v0x560195393a10_0;
    %parti/s 1, 15, 5;
    %concat/vec4; draw_concat_vec4
    %load/vec4 v0x560195393a10_0;
    %parti/s 1, 16, 6;
    %concat/vec4; draw_concat_vec4
    %load/vec4 v0x560195393a10_0;
    %parti/s 1, 17, 6;
    %concat/vec4; draw_concat_vec4
    %load/vec4 v0x560195393a10_0;
    %parti/s 1, 18, 6;
    %concat/vec4; draw_concat_vec4
    %load/vec4 v0x560195393a10_0;
    %parti/s 1, 19, 6;
    %concat/vec4; draw_concat_vec4
    %load/vec4 v0x560195393a10_0;
    %parti/s 1, 20, 6;
    %concat/vec4; draw_concat_vec4
    %load/vec4 v0x560195393a10_0;
    %parti/s 1, 21, 6;
    %concat/vec4; draw_concat_vec4
    %load/vec4 v0x560195393a10_0;
    %parti/s 1, 22, 6;
    %concat/vec4; draw_concat_vec4
    %load/vec4 v0x560195393a10_0;
    %parti/s 1, 23, 6;
    %concat/vec4; draw_concat_vec4
    %load/vec4 v0x560195393a10_0;
    %parti/s 1, 24, 6;
    %concat/vec4; draw_concat_vec4
    %load/vec4 v0x560195393a10_0;
    %parti/s 1, 25, 6;
    %concat/vec4; draw_concat_vec4
    %load/vec4 v0x560195393a10_0;
    %parti/s 1, 26, 6;
    %concat/vec4; draw_concat_vec4
    %load/vec4 v0x560195393a10_0;
    %parti/s 1, 27, 6;
    %concat/vec4; draw_concat_vec4
    %load/vec4 v0x560195393a10_0;
    %parti/s 1, 28, 6;
    %concat/vec4; draw_concat_vec4
    %load/vec4 v0x560195393a10_0;
    %parti/s 1, 29, 6;
    %concat/vec4; draw_concat_vec4
    %load/vec4 v0x560195393a10_0;
    %parti/s 1, 30, 6;
    %concat/vec4; draw_concat_vec4
    %load/vec4 v0x560195393a10_0;
    %parti/s 1, 31, 6;
    %concat/vec4; draw_concat_vec4
    %ret/vec4 0, 0, 32;  Assign to flip32 (store_vec4_to_lval)
    %end;
S_0x56019535e0b0 .scope module, "gpu" "vga" 4 43, 6 1 0, S_0x560195354600;
 .timescale 0 0;
    .port_info 0 /INPUT 1 "clk";
    .port_info 1 /INPUT 1 "reset";
    .port_info 2 /OUTPUT 1 "vga_HS";
    .port_info 3 /OUTPUT 1 "vga_VS";
    .port_info 4 /OUTPUT 1 "vga_DA";
    .port_info 5 /OUTPUT 32 "vaddr";
P_0x5601953b8890 .param/l "HBACK" 0 6 4, +C4<00000000000000000000000000110000>;
P_0x5601953b88d0 .param/l "HEIGHT" 0 6 3, +C4<00000000000000000000000111100000>;
P_0x5601953b8910 .param/l "HFRONT" 0 6 4, +C4<00000000000000000000000000010000>;
P_0x5601953b8950 .param/l "HPULSEN" 0 6 4, +C4<00000000000000000000000000000001>;
P_0x5601953b8990 .param/l "HSYNC" 0 6 4, +C4<00000000000000000000000001100000>;
P_0x5601953b89d0 .param/l "VBACK" 0 6 5, +C4<00000000000000000000000000100001>;
P_0x5601953b8a10 .param/l "VFRONT" 0 6 5, +C4<00000000000000000000000000001010>;
P_0x5601953b8a50 .param/l "VPULSEN" 0 6 5, +C4<00000000000000000000000000000001>;
P_0x5601953b8a90 .param/l "VSYNC" 0 6 5, +C4<00000000000000000000000000000010>;
P_0x5601953b8ad0 .param/l "WIDTH" 0 6 3, +C4<00000000000000000000001010000000>;
v0x5601953b9060_0 .var "CounterX", 9 0;
v0x5601953b9160_0 .net "CounterXmaxed", 0 0, L_0x5601953de9a0;  1 drivers
v0x5601953b9220_0 .var "CounterY", 9 0;
v0x5601953b9310_0 .net "CounterYmaxed", 0 0, L_0x5601953debd0;  1 drivers
v0x5601953b93d0_0 .net *"_ivl_0", 31 0, L_0x5601953de8b0;  1 drivers
L_0x7f1af6aa9d08 .functor BUFT 1, C4<0000000000000000000000>, C4<0>, C4<0>, C4<0>;
v0x5601953b9500_0 .net *"_ivl_11", 21 0, L_0x7f1af6aa9d08;  1 drivers
L_0x7f1af6aa9d50 .functor BUFT 1, C4<00000000000000000000001000001101>, C4<0>, C4<0>, C4<0>;
v0x5601953b95e0_0 .net/2u *"_ivl_12", 31 0, L_0x7f1af6aa9d50;  1 drivers
v0x5601953b96c0_0 .net *"_ivl_16", 9 0, L_0x5601953dee00;  1 drivers
v0x5601953b97a0_0 .net *"_ivl_18", 4 0, L_0x5601953ded10;  1 drivers
L_0x7f1af6aa9d98 .functor BUFT 1, C4<00000>, C4<0>, C4<0>, C4<0>;
v0x5601953b9880_0 .net *"_ivl_20", 4 0, L_0x7f1af6aa9d98;  1 drivers
v0x5601953b9960_0 .net *"_ivl_24", 9 0, L_0x5601953df170;  1 drivers
v0x5601953b9a40_0 .net *"_ivl_26", 4 0, L_0x5601953df030;  1 drivers
L_0x7f1af6aa9de0 .functor BUFT 1, C4<00000>, C4<0>, C4<0>, C4<0>;
v0x5601953b9b20_0 .net *"_ivl_28", 4 0, L_0x7f1af6aa9de0;  1 drivers
L_0x7f1af6aa9c78 .functor BUFT 1, C4<0000000000000000000000>, C4<0>, C4<0>, C4<0>;
v0x5601953b9c00_0 .net *"_ivl_3", 21 0, L_0x7f1af6aa9c78;  1 drivers
v0x5601953b9ce0_0 .net *"_ivl_32", 31 0, L_0x5601953df3a0;  1 drivers
L_0x7f1af6aa9e28 .functor BUFT 1, C4<00000000000000000000000000>, C4<0>, C4<0>, C4<0>;
v0x5601953b9dc0_0 .net *"_ivl_35", 25 0, L_0x7f1af6aa9e28;  1 drivers
v0x5601953b9ea0_0 .net *"_ivl_36", 31 0, L_0x5601953df490;  1 drivers
L_0x7f1af6aa9e70 .functor BUFT 1, C4<00000000000000000000000000>, C4<0>, C4<0>, C4<0>;
v0x5601953b9f80_0 .net *"_ivl_39", 25 0, L_0x7f1af6aa9e70;  1 drivers
L_0x7f1af6aa9cc0 .functor BUFT 1, C4<00000000000000000000001100100000>, C4<0>, C4<0>, C4<0>;
v0x5601953ba060_0 .net/2u *"_ivl_4", 31 0, L_0x7f1af6aa9cc0;  1 drivers
v0x5601953ba140_0 .net *"_ivl_40", 31 0, L_0x5601953df730;  1 drivers
v0x5601953ba220_0 .net *"_ivl_42", 27 0, L_0x5601953df640;  1 drivers
L_0x7f1af6aa9eb8 .functor BUFT 1, C4<0000>, C4<0>, C4<0>, C4<0>;
v0x5601953ba300_0 .net *"_ivl_44", 3 0, L_0x7f1af6aa9eb8;  1 drivers
v0x5601953ba3e0_0 .net *"_ivl_46", 31 0, L_0x5601953df8f0;  1 drivers
v0x5601953ba4c0_0 .net *"_ivl_48", 31 0, L_0x5601953dfa30;  1 drivers
L_0x7f1af6aa9f00 .functor BUFT 1, C4<00000000000000000000000000>, C4<0>, C4<0>, C4<0>;
v0x5601953ba5a0_0 .net *"_ivl_51", 25 0, L_0x7f1af6aa9f00;  1 drivers
v0x5601953ba680_0 .net *"_ivl_52", 31 0, L_0x5601953dfca0;  1 drivers
v0x5601953ba760_0 .net *"_ivl_54", 29 0, L_0x5601953dfbb0;  1 drivers
L_0x7f1af6aa9f48 .functor BUFT 1, C4<00>, C4<0>, C4<0>, C4<0>;
v0x5601953ba840_0 .net *"_ivl_56", 1 0, L_0x7f1af6aa9f48;  1 drivers
v0x5601953ba920_0 .net *"_ivl_8", 31 0, L_0x5601953deae0;  1 drivers
v0x5601953baa00_0 .net "clk", 0 0, v0x5601953be6f0_0;  1 drivers
v0x5601953baac0_0 .net "col", 5 0, L_0x5601953df2b0;  1 drivers
v0x5601953baba0_0 .net "reset", 0 0, L_0x5601953c1b60;  alias, 1 drivers
v0x5601953bac40_0 .net "row", 5 0, L_0x5601953def40;  1 drivers
v0x5601953bad00_0 .net "vaddr", 31 0, L_0x5601953dfe80;  alias, 1 drivers
v0x5601953bade0_0 .var "vga_DA", 0 0;
v0x5601953baea0_0 .var "vga_HS", 0 0;
v0x5601953baf60_0 .var "vga_VS", 0 0;
E_0x5601953b9000 .event posedge, v0x5601953b7c90_0, v0x5601953baa00_0;
L_0x5601953de8b0 .concat [ 10 22 0 0], v0x5601953b9060_0, L_0x7f1af6aa9c78;
L_0x5601953de9a0 .cmp/eq 32, L_0x5601953de8b0, L_0x7f1af6aa9cc0;
L_0x5601953deae0 .concat [ 10 22 0 0], v0x5601953b9220_0, L_0x7f1af6aa9d08;
L_0x5601953debd0 .cmp/eq 32, L_0x5601953deae0, L_0x7f1af6aa9d50;
L_0x5601953ded10 .part v0x5601953b9220_0, 5, 5;
L_0x5601953dee00 .concat [ 5 5 0 0], L_0x5601953ded10, L_0x7f1af6aa9d98;
L_0x5601953def40 .part L_0x5601953dee00, 0, 6;
L_0x5601953df030 .part v0x5601953b9060_0, 5, 5;
L_0x5601953df170 .concat [ 5 5 0 0], L_0x5601953df030, L_0x7f1af6aa9de0;
L_0x5601953df2b0 .part L_0x5601953df170, 0, 6;
L_0x5601953df3a0 .concat [ 6 26 0 0], L_0x5601953df2b0, L_0x7f1af6aa9e28;
L_0x5601953df490 .concat [ 6 26 0 0], L_0x5601953def40, L_0x7f1af6aa9e70;
L_0x5601953df640 .part L_0x5601953df490, 0, 28;
L_0x5601953df730 .concat [ 4 28 0 0], L_0x7f1af6aa9eb8, L_0x5601953df640;
L_0x5601953df8f0 .arith/sum 32, L_0x5601953df3a0, L_0x5601953df730;
L_0x5601953dfa30 .concat [ 6 26 0 0], L_0x5601953def40, L_0x7f1af6aa9f00;
L_0x5601953dfbb0 .part L_0x5601953dfa30, 0, 30;
L_0x5601953dfca0 .concat [ 2 30 0 0], L_0x7f1af6aa9f48, L_0x5601953dfbb0;
L_0x5601953dfe80 .arith/sum 32, L_0x5601953df8f0, L_0x5601953dfca0;
S_0x5601953335b0 .scope module, "hex0" "dec7seg" 4 51, 7 1 0, S_0x560195354600;
 .timescale 0 0;
    .port_info 0 /INPUT 4 "hex";
    .port_info 1 /OUTPUT 7 "segs";
v0x5601953bb1d0_0 .net "hex", 3 0, L_0x5601953e00b0;  1 drivers
v0x5601953bb2d0_0 .var "segs", 6 0;
E_0x5601953bb150 .event anyedge, v0x5601953bb1d0_0;
S_0x5601953bb410 .scope module, "hex1" "dec7seg" 4 52, 7 1 0, S_0x560195354600;
 .timescale 0 0;
    .port_info 0 /INPUT 4 "hex";
    .port_info 1 /OUTPUT 7 "segs";
v0x5601953bb6b0_0 .net "hex", 3 0, L_0x5601953e0150;  1 drivers
v0x5601953bb7b0_0 .var "segs", 6 0;
E_0x5601953bb630 .event anyedge, v0x5601953bb6b0_0;
S_0x5601953bb8f0 .scope module, "hex2" "dec7seg" 4 53, 7 1 0, S_0x560195354600;
 .timescale 0 0;
    .port_info 0 /INPUT 4 "hex";
    .port_info 1 /OUTPUT 7 "segs";
v0x5601953bbbe0_0 .net "hex", 3 0, L_0x5601953e02d0;  1 drivers
v0x5601953bbce0_0 .var "segs", 6 0;
E_0x5601953bbb60 .event anyedge, v0x5601953bbbe0_0;
S_0x5601953bbe20 .scope module, "hex3" "dec7seg" 4 54, 7 1 0, S_0x560195354600;
 .timescale 0 0;
    .port_info 0 /INPUT 4 "hex";
    .port_info 1 /OUTPUT 7 "segs";
v0x5601953bc0c0_0 .net "hex", 3 0, L_0x5601953e0370;  1 drivers
v0x5601953bc1c0_0 .var "segs", 6 0;
E_0x5601953bc040 .event anyedge, v0x5601953bc0c0_0;
S_0x5601953bc300 .scope module, "hex4" "dec7seg" 4 55, 7 1 0, S_0x560195354600;
 .timescale 0 0;
    .port_info 0 /INPUT 4 "hex";
    .port_info 1 /OUTPUT 7 "segs";
v0x5601953bc5a0_0 .net "hex", 3 0, L_0x5601953e0540;  1 drivers
v0x5601953bc6a0_0 .var "segs", 6 0;
E_0x5601953bc520 .event anyedge, v0x5601953bc5a0_0;
S_0x5601953bc7e0 .scope module, "hex5" "dec7seg" 4 56, 7 1 0, S_0x560195354600;
 .timescale 0 0;
    .port_info 0 /INPUT 4 "hex";
    .port_info 1 /OUTPUT 7 "segs";
v0x5601953bca80_0 .net "hex", 3 0, L_0x5601953e05e0;  1 drivers
v0x5601953bcb80_0 .var "segs", 6 0;
E_0x5601953bca00 .event anyedge, v0x5601953bca80_0;
S_0x5601953bccc0 .scope module, "por" "power_on_reset" 4 34, 8 1 0, S_0x560195354600;
 .timescale 0 0;
    .port_info 0 /INPUT 1 "clk";
    .port_info 1 /OUTPUT 1 "reset";
v0x5601953bcee0_0 .net *"_ivl_1", 0 0, L_0x5601953c1ac0;  1 drivers
v0x5601953bcfc0_0 .net "clk", 0 0, L_0x5601953c1990;  alias, 1 drivers
v0x5601953bd080_0 .var "q", 3 0;
v0x5601953bd150_0 .net "reset", 0 0, L_0x5601953c1b60;  alias, 1 drivers
L_0x5601953c1ac0 .reduce/and v0x5601953bd080_0;
L_0x5601953c1b60 .reduce/nor L_0x5601953c1ac0;
S_0x5601953bd230 .scope module, "ram" "mem" 4 40, 9 1 0, S_0x560195354600;
 .timescale 0 0;
    .port_info 0 /INPUT 1 "clk";
    .port_info 1 /INPUT 1 "we";
    .port_info 2 /INPUT 32 "a";
    .port_info 3 /INPUT 32 "wd";
    .port_info 4 /OUTPUT 32 "rd";
    .port_info 5 /INPUT 32 "va";
    .port_info 6 /OUTPUT 32 "vd";
    .port_info 7 /INPUT 4 "wm";
v0x5601953bd530 .array "RAM", 255 0, 31 0;
v0x5601953bd5f0_0 .net "a", 31 0, L_0x5601953d3bf0;  alias, 1 drivers
v0x5601953bd6b0_0 .net "clk", 0 0, L_0x5601953c1990;  alias, 1 drivers
v0x5601953bd7d0_0 .var "rd", 31 0;
v0x5601953bd870_0 .net "va", 31 0, L_0x5601953de150;  1 drivers
v0x5601953bd960_0 .var "vd", 31 0;
v0x5601953bda40_0 .net "wd", 31 0, L_0x5601953dcbf0;  alias, 1 drivers
v0x5601953bdb00_0 .net "we", 0 0, L_0x5601953d3e30;  alias, 1 drivers
v0x5601953bdbd0_0 .net "wm", 3 0, L_0x5601953de060;  alias, 1 drivers
    .scope S_0x5601953bccc0;
T_1 ;
    %pushi/vec4 0, 0, 4;
    %store/vec4 v0x5601953bd080_0, 0, 4;
    %end;
    .thread T_1, $init;
    .scope S_0x5601953bccc0;
T_2 ;
    %wait E_0x5601953953a0;
    %load/vec4 v0x5601953bd080_0;
    %concati/vec4 1, 0, 1;
    %pad/u 4;
    %assign/vec4 v0x5601953bd080_0, 0;
    %jmp T_2;
    .thread T_2;
    .scope S_0x560195355ea0;
T_3 ;
    %pushi/vec4 0, 0, 32;
    %store/vec4 v0x5601953ac380_0, 0, 32;
    %pushi/vec4 0, 0, 3;
    %store/vec4 v0x5601953b8370_0, 0, 3;
    %end;
    .thread T_3, $init;
    .scope S_0x560195355ea0;
T_4 ;
    %wait E_0x560195394330;
    %load/vec4 v0x5601953b6f30_0;
    %dup/vec4;
    %pushi/vec4 0, 0, 3;
    %cmp/u;
    %jmp/1 T_4.0, 6;
    %dup/vec4;
    %pushi/vec4 1, 0, 3;
    %cmp/u;
    %jmp/1 T_4.1, 6;
    %dup/vec4;
    %pushi/vec4 2, 0, 3;
    %cmp/u;
    %jmp/1 T_4.2, 6;
    %dup/vec4;
    %pushi/vec4 3, 0, 3;
    %cmp/u;
    %jmp/1 T_4.3, 6;
    %dup/vec4;
    %pushi/vec4 4, 0, 3;
    %cmp/u;
    %jmp/1 T_4.4, 6;
    %dup/vec4;
    %pushi/vec4 5, 0, 3;
    %cmp/u;
    %jmp/1 T_4.5, 6;
    %dup/vec4;
    %pushi/vec4 6, 0, 3;
    %cmp/u;
    %jmp/1 T_4.6, 6;
    %dup/vec4;
    %pushi/vec4 7, 0, 3;
    %cmp/u;
    %jmp/1 T_4.7, 6;
    %jmp T_4.8;
T_4.0 ;
    %load/vec4 v0x5601953b7010_0;
    %parti/s 1, 5, 4;
    %load/vec4 v0x5601953b70f0_0;
    %parti/s 1, 5, 4;
    %and;
    %flag_set/vec4 8;
    %jmp/0 T_4.9, 8;
    %load/vec4 v0x5601953b6cb0_0;
    %parti/s 32, 0, 2;
    %jmp/1 T_4.10, 8;
T_4.9 ; End of true expr.
    %load/vec4 v0x5601953b6d90_0;
    %jmp/0 T_4.10, 8;
 ; End of false expr.
    %blend;
T_4.10;
    %store/vec4 v0x5601953788d0_0, 0, 32;
    %jmp T_4.8;
T_4.1 ;
    %load/vec4 v0x5601953b7950_0;
    %store/vec4 v0x5601953788d0_0, 0, 32;
    %jmp T_4.8;
T_4.2 ;
    %pushi/vec4 0, 0, 31;
    %load/vec4 v0x5601953ac060_0;
    %concat/vec4; draw_concat_vec4
    %store/vec4 v0x5601953788d0_0, 0, 32;
    %jmp T_4.8;
T_4.3 ;
    %pushi/vec4 0, 0, 31;
    %load/vec4 v0x5601953ac120_0;
    %concat/vec4; draw_concat_vec4
    %store/vec4 v0x5601953788d0_0, 0, 32;
    %jmp T_4.8;
T_4.4 ;
    %load/vec4 v0x5601953ac980_0;
    %load/vec4 v0x5601953aca60_0;
    %xor;
    %store/vec4 v0x5601953788d0_0, 0, 32;
    %jmp T_4.8;
T_4.5 ;
    %load/vec4 v0x5601953b81b0_0;
    %store/vec4 v0x5601953788d0_0, 0, 32;
    %jmp T_4.8;
T_4.6 ;
    %load/vec4 v0x5601953ac980_0;
    %load/vec4 v0x5601953aca60_0;
    %or;
    %store/vec4 v0x5601953788d0_0, 0, 32;
    %jmp T_4.8;
T_4.7 ;
    %load/vec4 v0x5601953ac980_0;
    %load/vec4 v0x5601953aca60_0;
    %and;
    %store/vec4 v0x5601953788d0_0, 0, 32;
    %jmp T_4.8;
T_4.8 ;
    %pop/vec4 1;
    %jmp T_4;
    .thread T_4, $push;
    .scope S_0x560195355ea0;
T_5 ;
    %wait E_0x560195395320;
    %load/vec4 v0x5601953b6f30_0;
    %dup/vec4;
    %pushi/vec4 0, 0, 3;
    %cmp/u;
    %jmp/1 T_5.0, 6;
    %dup/vec4;
    %pushi/vec4 1, 0, 3;
    %cmp/u;
    %jmp/1 T_5.1, 6;
    %dup/vec4;
    %pushi/vec4 4, 0, 3;
    %cmp/u;
    %jmp/1 T_5.2, 6;
    %dup/vec4;
    %pushi/vec4 5, 0, 3;
    %cmp/u;
    %jmp/1 T_5.3, 6;
    %dup/vec4;
    %pushi/vec4 6, 0, 3;
    %cmp/u;
    %jmp/1 T_5.4, 6;
    %dup/vec4;
    %pushi/vec4 7, 0, 3;
    %cmp/u;
    %jmp/1 T_5.5, 6;
    %pushi/vec4 0, 0, 1;
    %store/vec4 v0x5601953b8450_0, 0, 1;
    %jmp T_5.7;
T_5.0 ;
    %load/vec4 v0x5601953aba30_0;
    %store/vec4 v0x5601953b8450_0, 0, 1;
    %jmp T_5.7;
T_5.1 ;
    %load/vec4 v0x5601953aba30_0;
    %nor/r;
    %store/vec4 v0x5601953b8450_0, 0, 1;
    %jmp T_5.7;
T_5.2 ;
    %load/vec4 v0x5601953ac060_0;
    %store/vec4 v0x5601953b8450_0, 0, 1;
    %jmp T_5.7;
T_5.3 ;
    %load/vec4 v0x5601953ac060_0;
    %nor/r;
    %store/vec4 v0x5601953b8450_0, 0, 1;
    %jmp T_5.7;
T_5.4 ;
    %load/vec4 v0x5601953ac120_0;
    %store/vec4 v0x5601953b8450_0, 0, 1;
    %jmp T_5.7;
T_5.5 ;
    %load/vec4 v0x5601953ac120_0;
    %nor/r;
    %store/vec4 v0x5601953b8450_0, 0, 1;
    %jmp T_5.7;
T_5.7 ;
    %pop/vec4 1;
    %jmp T_5;
    .thread T_5, $push;
    .scope S_0x560195355ea0;
T_6 ;
    %wait E_0x5601953953a0;
    %load/vec4 v0x5601953b7c90_0;
    %flag_set/vec4 8;
    %jmp/0xz  T_6.0, 8;
    %pushi/vec4 0, 0, 32;
    %assign/vec4 v0x5601953ac380_0, 0;
    %pushi/vec4 0, 0, 3;
    %assign/vec4 v0x5601953b8370_0, 0;
    %jmp T_6.1;
T_6.0 ;
    %load/vec4 v0x5601953b85f0_0;
    %flag_set/vec4 8;
    %jmp/0xz  T_6.2, 8;
    %load/vec4 v0x5601953b8510_0;
    %load/vec4 v0x5601953b7bb0_0;
    %pad/u 7;
    %ix/vec4 3;
    %ix/load 4, 0, 0; Constant delay
    %assign/vec4/a/d v0x5601953ac7e0, 0, 4;
T_6.2 ;
    %load/vec4 v0x5601953b8370_0;
    %dup/vec4;
    %pushi/vec4 0, 0, 3;
    %cmp/u;
    %jmp/1 T_6.4, 6;
    %dup/vec4;
    %pushi/vec4 1, 0, 3;
    %cmp/u;
    %jmp/1 T_6.5, 6;
    %dup/vec4;
    %pushi/vec4 2, 0, 3;
    %cmp/u;
    %jmp/1 T_6.6, 6;
    %dup/vec4;
    %pushi/vec4 3, 0, 3;
    %cmp/u;
    %jmp/1 T_6.7, 6;
    %dup/vec4;
    %pushi/vec4 4, 0, 3;
    %cmp/u;
    %jmp/1 T_6.8, 6;
    %dup/vec4;
    %pushi/vec4 5, 0, 3;
    %cmp/u;
    %jmp/1 T_6.9, 6;
    %dup/vec4;
    %pushi/vec4 6, 0, 3;
    %cmp/u;
    %jmp/1 T_6.10, 6;
    %jmp T_6.11;
T_6.4 ;
    %pushi/vec4 1, 0, 3;
    %assign/vec4 v0x5601953b8370_0, 0;
    %jmp T_6.11;
T_6.5 ;
    %load/vec4 v0x5601953ac700_0;
    %assign/vec4 v0x5601953b70f0_0, 0;
    %pushi/vec4 2, 0, 3;
    %assign/vec4 v0x5601953b8370_0, 0;
    %jmp T_6.11;
T_6.6 ;
    %load/vec4 v0x5601953b7e30_0;
    %cmpi/ne 0, 0, 5;
    %flag_mov 8, 4;
    %jmp/0 T_6.12, 8;
    %load/vec4 v0x5601953b7e30_0;
    %pad/u 7;
    %ix/vec4 4;
    %load/vec4a v0x5601953ac7e0, 4;
    %jmp/1 T_6.13, 8;
T_6.12 ; End of true expr.
    %pushi/vec4 0, 0, 32;
    %jmp/0 T_6.13, 8;
 ; End of false expr.
    %blend;
T_6.13;
    %assign/vec4 v0x5601953b7d50_0, 0;
    %load/vec4 v0x5601953b7ff0_0;
    %cmpi/ne 0, 0, 5;
    %flag_mov 8, 4;
    %jmp/0 T_6.14, 8;
    %load/vec4 v0x5601953b7ff0_0;
    %pad/u 7;
    %ix/vec4 4;
    %load/vec4a v0x5601953ac7e0, 4;
    %jmp/1 T_6.15, 8;
T_6.14 ; End of true expr.
    %pushi/vec4 0, 0, 32;
    %jmp/0 T_6.15, 8;
 ; End of false expr.
    %blend;
T_6.15;
    %assign/vec4 v0x5601953b7f10_0, 0;
    %pushi/vec4 3, 0, 3;
    %assign/vec4 v0x5601953b8370_0, 0;
    %jmp T_6.11;
T_6.7 ;
    %load/vec4 v0x5601953b77d0_0;
    %nor/r;
    %flag_set/vec4 8;
    %jmp/0xz  T_6.16, 8;
    %load/vec4 v0x5601953ac460_0;
    %assign/vec4 v0x5601953ac380_0, 0;
T_6.16 ;
    %load/vec4 v0x5601953b7710_0;
    %flag_set/vec4 8;
    %jmp/0 T_6.18, 8;
    %pushi/vec4 4, 0, 32;
    %jmp/1 T_6.19, 8;
T_6.18 ; End of true expr.
    %load/vec4 v0x5601953b7890_0;
    %flag_set/vec4 9;
    %jmp/0 T_6.20, 9;
    %pushi/vec4 6, 0, 32;
    %jmp/1 T_6.21, 9;
T_6.20 ; End of true expr.
    %pushi/vec4 0, 0, 32;
    %jmp/0 T_6.21, 9;
 ; End of false expr.
    %blend;
T_6.21;
    %jmp/0 T_6.19, 8;
 ; End of false expr.
    %blend;
T_6.19;
    %pad/s 3;
    %assign/vec4 v0x5601953b8370_0, 0;
    %jmp T_6.11;
T_6.8 ;
    %pushi/vec4 5, 0, 3;
    %assign/vec4 v0x5601953b8370_0, 0;
    %jmp T_6.11;
T_6.9 ;
    %pushi/vec4 0, 0, 3;
    %assign/vec4 v0x5601953b8370_0, 0;
    %jmp T_6.11;
T_6.10 ;
    %pushi/vec4 0, 0, 3;
    %assign/vec4 v0x5601953b8370_0, 0;
    %jmp T_6.11;
T_6.11 ;
    %pop/vec4 1;
T_6.1 ;
    %jmp T_6;
    .thread T_6;
    .scope S_0x5601953bd230;
T_7 ;
    %vpi_call/w 9 12 "$readmemh", "riscv.hex", v0x5601953bd530 {0 0 0};
    %end;
    .thread T_7;
    .scope S_0x5601953bd230;
T_8 ;
    %wait E_0x5601953953a0;
    %load/vec4 v0x5601953bdb00_0;
    %flag_set/vec4 8;
    %jmp/0xz  T_8.0, 8;
    %load/vec4 v0x5601953bdbd0_0;
    %parti/s 1, 0, 2;
    %flag_set/vec4 8;
    %jmp/0xz  T_8.2, 8;
    %load/vec4 v0x5601953bda40_0;
    %parti/s 8, 0, 2;
    %load/vec4 v0x5601953bd5f0_0;
    %parti/s 30, 2, 3;
    %ix/vec4 3;
    %ix/load 4, 0, 0; Constant delay
    %assign/vec4/a/d v0x5601953bd530, 0, 4;
T_8.2 ;
    %load/vec4 v0x5601953bdbd0_0;
    %parti/s 1, 1, 2;
    %flag_set/vec4 8;
    %jmp/0xz  T_8.4, 8;
    %load/vec4 v0x5601953bda40_0;
    %parti/s 8, 8, 5;
    %load/vec4 v0x5601953bd5f0_0;
    %parti/s 30, 2, 3;
    %ix/vec4 3;
    %ix/load 4, 8, 0; part off
    %ix/load 5, 0, 0; Constant delay
    %assign/vec4/a/d v0x5601953bd530, 4, 5;
T_8.4 ;
    %load/vec4 v0x5601953bdbd0_0;
    %parti/s 1, 2, 3;
    %flag_set/vec4 8;
    %jmp/0xz  T_8.6, 8;
    %load/vec4 v0x5601953bda40_0;
    %parti/s 8, 16, 6;
    %load/vec4 v0x5601953bd5f0_0;
    %parti/s 30, 2, 3;
    %ix/vec4 3;
    %ix/load 4, 16, 0; part off
    %ix/load 5, 0, 0; Constant delay
    %assign/vec4/a/d v0x5601953bd530, 4, 5;
T_8.6 ;
    %load/vec4 v0x5601953bdbd0_0;
    %parti/s 1, 3, 3;
    %flag_set/vec4 8;
    %jmp/0xz  T_8.8, 8;
    %load/vec4 v0x5601953bda40_0;
    %parti/s 8, 24, 6;
    %load/vec4 v0x5601953bd5f0_0;
    %parti/s 30, 2, 3;
    %ix/vec4 3;
    %ix/load 4, 24, 0; part off
    %ix/load 5, 0, 0; Constant delay
    %assign/vec4/a/d v0x5601953bd530, 4, 5;
T_8.8 ;
T_8.0 ;
    %load/vec4 v0x5601953bda40_0;
    %load/vec4 v0x5601953bd5f0_0;
    %parti/s 30, 2, 3;
    %ix/vec4 3;
    %ix/load 4, 0, 0; Constant delay
    %assign/vec4/a/d v0x5601953bd530, 0, 4;
    %load/vec4 v0x5601953bd5f0_0;
    %parti/s 30, 2, 3;
    %ix/vec4 4;
    %load/vec4a v0x5601953bd530, 4;
    %assign/vec4 v0x5601953bd7d0_0, 0;
    %jmp T_8;
    .thread T_8;
    .scope S_0x5601953bd230;
T_9 ;
    %wait E_0x5601953953a0;
    %load/vec4 v0x5601953bd870_0;
    %parti/s 30, 2, 3;
    %ix/vec4 4;
    %load/vec4a v0x5601953bd530, 4;
    %assign/vec4 v0x5601953bd960_0, 0;
    %jmp T_9;
    .thread T_9;
    .scope S_0x56019535e0b0;
T_10 ;
    %wait E_0x5601953b9000;
    %load/vec4 v0x5601953baba0_0;
    %flag_set/vec4 8;
    %jmp/0xz  T_10.0, 8;
    %pushi/vec4 0, 0, 10;
    %assign/vec4 v0x5601953b9060_0, 0;
    %pushi/vec4 0, 0, 10;
    %assign/vec4 v0x5601953b9220_0, 0;
    %jmp T_10.1;
T_10.0 ;
    %load/vec4 v0x5601953b9160_0;
    %flag_set/vec4 8;
    %jmp/0xz  T_10.2, 8;
    %pushi/vec4 0, 0, 10;
    %assign/vec4 v0x5601953b9060_0, 0;
    %jmp T_10.3;
T_10.2 ;
    %load/vec4 v0x5601953b9060_0;
    %addi 1, 0, 10;
    %assign/vec4 v0x5601953b9060_0, 0;
T_10.3 ;
    %load/vec4 v0x5601953b9160_0;
    %flag_set/vec4 8;
    %jmp/0xz  T_10.4, 8;
    %load/vec4 v0x5601953b9310_0;
    %flag_set/vec4 8;
    %jmp/0xz  T_10.6, 8;
    %pushi/vec4 0, 0, 10;
    %assign/vec4 v0x5601953b9220_0, 0;
    %jmp T_10.7;
T_10.6 ;
    %load/vec4 v0x5601953b9220_0;
    %addi 1, 0, 10;
    %assign/vec4 v0x5601953b9220_0, 0;
T_10.7 ;
T_10.4 ;
    %load/vec4 v0x5601953b9060_0;
    %pad/u 32;
    %cmpi/u 640, 0, 32;
    %flag_get/vec4 5;
    %jmp/0 T_10.8, 5;
    %load/vec4 v0x5601953b9220_0;
    %pad/u 32;
    %cmpi/u 480, 0, 32;
    %flag_get/vec4 5;
    %and;
T_10.8;
    %assign/vec4 v0x5601953bade0_0, 0;
    %pushi/vec4 1, 0, 1;
    %load/vec4 v0x5601953b9060_0;
    %pad/u 32;
    %cmpi/u 656, 0, 32;
    %flag_or 5, 4; GT is !LE
    %flag_inv 5;
    %flag_get/vec4 5;
    %jmp/0 T_10.9, 5;
    %load/vec4 v0x5601953b9060_0;
    %pad/u 32;
    %cmpi/u 752, 0, 32;
    %flag_get/vec4 5;
    %and;
T_10.9;
    %xor;
    %assign/vec4 v0x5601953baea0_0, 0;
    %pushi/vec4 1, 0, 1;
    %load/vec4 v0x5601953b9220_0;
    %pad/u 32;
    %cmpi/u 490, 0, 32;
    %flag_or 5, 4; GT is !LE
    %flag_inv 5;
    %flag_get/vec4 5;
    %jmp/0 T_10.10, 5;
    %load/vec4 v0x5601953b9220_0;
    %pad/u 32;
    %cmpi/u 492, 0, 32;
    %flag_get/vec4 5;
    %and;
T_10.10;
    %xor;
    %assign/vec4 v0x5601953baf60_0, 0;
T_10.1 ;
    %jmp T_10;
    .thread T_10;
    .scope S_0x5601953335b0;
T_11 ;
    %wait E_0x5601953bb150;
    %load/vec4 v0x5601953bb1d0_0;
    %dup/vec4;
    %pushi/vec4 0, 0, 4;
    %cmp/u;
    %jmp/1 T_11.0, 6;
    %dup/vec4;
    %pushi/vec4 1, 0, 4;
    %cmp/u;
    %jmp/1 T_11.1, 6;
    %dup/vec4;
    %pushi/vec4 2, 0, 4;
    %cmp/u;
    %jmp/1 T_11.2, 6;
    %dup/vec4;
    %pushi/vec4 3, 0, 4;
    %cmp/u;
    %jmp/1 T_11.3, 6;
    %dup/vec4;
    %pushi/vec4 4, 0, 4;
    %cmp/u;
    %jmp/1 T_11.4, 6;
    %dup/vec4;
    %pushi/vec4 5, 0, 4;
    %cmp/u;
    %jmp/1 T_11.5, 6;
    %dup/vec4;
    %pushi/vec4 6, 0, 4;
    %cmp/u;
    %jmp/1 T_11.6, 6;
    %dup/vec4;
    %pushi/vec4 7, 0, 4;
    %cmp/u;
    %jmp/1 T_11.7, 6;
    %dup/vec4;
    %pushi/vec4 8, 0, 4;
    %cmp/u;
    %jmp/1 T_11.8, 6;
    %dup/vec4;
    %pushi/vec4 9, 0, 4;
    %cmp/u;
    %jmp/1 T_11.9, 6;
    %dup/vec4;
    %pushi/vec4 10, 0, 4;
    %cmp/u;
    %jmp/1 T_11.10, 6;
    %dup/vec4;
    %pushi/vec4 11, 0, 4;
    %cmp/u;
    %jmp/1 T_11.11, 6;
    %dup/vec4;
    %pushi/vec4 12, 0, 4;
    %cmp/u;
    %jmp/1 T_11.12, 6;
    %dup/vec4;
    %pushi/vec4 13, 0, 4;
    %cmp/u;
    %jmp/1 T_11.13, 6;
    %dup/vec4;
    %pushi/vec4 14, 0, 4;
    %cmp/u;
    %jmp/1 T_11.14, 6;
    %dup/vec4;
    %pushi/vec4 15, 0, 4;
    %cmp/u;
    %jmp/1 T_11.15, 6;
    %jmp T_11.16;
T_11.0 ;
    %pushi/vec4 64, 0, 7;
    %store/vec4 v0x5601953bb2d0_0, 0, 7;
    %jmp T_11.16;
T_11.1 ;
    %pushi/vec4 121, 0, 7;
    %store/vec4 v0x5601953bb2d0_0, 0, 7;
    %jmp T_11.16;
T_11.2 ;
    %pushi/vec4 36, 0, 7;
    %store/vec4 v0x5601953bb2d0_0, 0, 7;
    %jmp T_11.16;
T_11.3 ;
    %pushi/vec4 48, 0, 7;
    %store/vec4 v0x5601953bb2d0_0, 0, 7;
    %jmp T_11.16;
T_11.4 ;
    %pushi/vec4 25, 0, 7;
    %store/vec4 v0x5601953bb2d0_0, 0, 7;
    %jmp T_11.16;
T_11.5 ;
    %pushi/vec4 18, 0, 7;
    %store/vec4 v0x5601953bb2d0_0, 0, 7;
    %jmp T_11.16;
T_11.6 ;
    %pushi/vec4 2, 0, 7;
    %store/vec4 v0x5601953bb2d0_0, 0, 7;
    %jmp T_11.16;
T_11.7 ;
    %pushi/vec4 120, 0, 7;
    %store/vec4 v0x5601953bb2d0_0, 0, 7;
    %jmp T_11.16;
T_11.8 ;
    %pushi/vec4 0, 0, 7;
    %store/vec4 v0x5601953bb2d0_0, 0, 7;
    %jmp T_11.16;
T_11.9 ;
    %pushi/vec4 16, 0, 7;
    %store/vec4 v0x5601953bb2d0_0, 0, 7;
    %jmp T_11.16;
T_11.10 ;
    %pushi/vec4 8, 0, 7;
    %store/vec4 v0x5601953bb2d0_0, 0, 7;
    %jmp T_11.16;
T_11.11 ;
    %pushi/vec4 3, 0, 7;
    %store/vec4 v0x5601953bb2d0_0, 0, 7;
    %jmp T_11.16;
T_11.12 ;
    %pushi/vec4 70, 0, 7;
    %store/vec4 v0x5601953bb2d0_0, 0, 7;
    %jmp T_11.16;
T_11.13 ;
    %pushi/vec4 33, 0, 7;
    %store/vec4 v0x5601953bb2d0_0, 0, 7;
    %jmp T_11.16;
T_11.14 ;
    %pushi/vec4 6, 0, 7;
    %store/vec4 v0x5601953bb2d0_0, 0, 7;
    %jmp T_11.16;
T_11.15 ;
    %pushi/vec4 14, 0, 7;
    %store/vec4 v0x5601953bb2d0_0, 0, 7;
    %jmp T_11.16;
T_11.16 ;
    %pop/vec4 1;
    %jmp T_11;
    .thread T_11, $push;
    .scope S_0x5601953bb410;
T_12 ;
    %wait E_0x5601953bb630;
    %load/vec4 v0x5601953bb6b0_0;
    %dup/vec4;
    %pushi/vec4 0, 0, 4;
    %cmp/u;
    %jmp/1 T_12.0, 6;
    %dup/vec4;
    %pushi/vec4 1, 0, 4;
    %cmp/u;
    %jmp/1 T_12.1, 6;
    %dup/vec4;
    %pushi/vec4 2, 0, 4;
    %cmp/u;
    %jmp/1 T_12.2, 6;
    %dup/vec4;
    %pushi/vec4 3, 0, 4;
    %cmp/u;
    %jmp/1 T_12.3, 6;
    %dup/vec4;
    %pushi/vec4 4, 0, 4;
    %cmp/u;
    %jmp/1 T_12.4, 6;
    %dup/vec4;
    %pushi/vec4 5, 0, 4;
    %cmp/u;
    %jmp/1 T_12.5, 6;
    %dup/vec4;
    %pushi/vec4 6, 0, 4;
    %cmp/u;
    %jmp/1 T_12.6, 6;
    %dup/vec4;
    %pushi/vec4 7, 0, 4;
    %cmp/u;
    %jmp/1 T_12.7, 6;
    %dup/vec4;
    %pushi/vec4 8, 0, 4;
    %cmp/u;
    %jmp/1 T_12.8, 6;
    %dup/vec4;
    %pushi/vec4 9, 0, 4;
    %cmp/u;
    %jmp/1 T_12.9, 6;
    %dup/vec4;
    %pushi/vec4 10, 0, 4;
    %cmp/u;
    %jmp/1 T_12.10, 6;
    %dup/vec4;
    %pushi/vec4 11, 0, 4;
    %cmp/u;
    %jmp/1 T_12.11, 6;
    %dup/vec4;
    %pushi/vec4 12, 0, 4;
    %cmp/u;
    %jmp/1 T_12.12, 6;
    %dup/vec4;
    %pushi/vec4 13, 0, 4;
    %cmp/u;
    %jmp/1 T_12.13, 6;
    %dup/vec4;
    %pushi/vec4 14, 0, 4;
    %cmp/u;
    %jmp/1 T_12.14, 6;
    %dup/vec4;
    %pushi/vec4 15, 0, 4;
    %cmp/u;
    %jmp/1 T_12.15, 6;
    %jmp T_12.16;
T_12.0 ;
    %pushi/vec4 64, 0, 7;
    %store/vec4 v0x5601953bb7b0_0, 0, 7;
    %jmp T_12.16;
T_12.1 ;
    %pushi/vec4 121, 0, 7;
    %store/vec4 v0x5601953bb7b0_0, 0, 7;
    %jmp T_12.16;
T_12.2 ;
    %pushi/vec4 36, 0, 7;
    %store/vec4 v0x5601953bb7b0_0, 0, 7;
    %jmp T_12.16;
T_12.3 ;
    %pushi/vec4 48, 0, 7;
    %store/vec4 v0x5601953bb7b0_0, 0, 7;
    %jmp T_12.16;
T_12.4 ;
    %pushi/vec4 25, 0, 7;
    %store/vec4 v0x5601953bb7b0_0, 0, 7;
    %jmp T_12.16;
T_12.5 ;
    %pushi/vec4 18, 0, 7;
    %store/vec4 v0x5601953bb7b0_0, 0, 7;
    %jmp T_12.16;
T_12.6 ;
    %pushi/vec4 2, 0, 7;
    %store/vec4 v0x5601953bb7b0_0, 0, 7;
    %jmp T_12.16;
T_12.7 ;
    %pushi/vec4 120, 0, 7;
    %store/vec4 v0x5601953bb7b0_0, 0, 7;
    %jmp T_12.16;
T_12.8 ;
    %pushi/vec4 0, 0, 7;
    %store/vec4 v0x5601953bb7b0_0, 0, 7;
    %jmp T_12.16;
T_12.9 ;
    %pushi/vec4 16, 0, 7;
    %store/vec4 v0x5601953bb7b0_0, 0, 7;
    %jmp T_12.16;
T_12.10 ;
    %pushi/vec4 8, 0, 7;
    %store/vec4 v0x5601953bb7b0_0, 0, 7;
    %jmp T_12.16;
T_12.11 ;
    %pushi/vec4 3, 0, 7;
    %store/vec4 v0x5601953bb7b0_0, 0, 7;
    %jmp T_12.16;
T_12.12 ;
    %pushi/vec4 70, 0, 7;
    %store/vec4 v0x5601953bb7b0_0, 0, 7;
    %jmp T_12.16;
T_12.13 ;
    %pushi/vec4 33, 0, 7;
    %store/vec4 v0x5601953bb7b0_0, 0, 7;
    %jmp T_12.16;
T_12.14 ;
    %pushi/vec4 6, 0, 7;
    %store/vec4 v0x5601953bb7b0_0, 0, 7;
    %jmp T_12.16;
T_12.15 ;
    %pushi/vec4 14, 0, 7;
    %store/vec4 v0x5601953bb7b0_0, 0, 7;
    %jmp T_12.16;
T_12.16 ;
    %pop/vec4 1;
    %jmp T_12;
    .thread T_12, $push;
    .scope S_0x5601953bb8f0;
T_13 ;
    %wait E_0x5601953bbb60;
    %load/vec4 v0x5601953bbbe0_0;
    %dup/vec4;
    %pushi/vec4 0, 0, 4;
    %cmp/u;
    %jmp/1 T_13.0, 6;
    %dup/vec4;
    %pushi/vec4 1, 0, 4;
    %cmp/u;
    %jmp/1 T_13.1, 6;
    %dup/vec4;
    %pushi/vec4 2, 0, 4;
    %cmp/u;
    %jmp/1 T_13.2, 6;
    %dup/vec4;
    %pushi/vec4 3, 0, 4;
    %cmp/u;
    %jmp/1 T_13.3, 6;
    %dup/vec4;
    %pushi/vec4 4, 0, 4;
    %cmp/u;
    %jmp/1 T_13.4, 6;
    %dup/vec4;
    %pushi/vec4 5, 0, 4;
    %cmp/u;
    %jmp/1 T_13.5, 6;
    %dup/vec4;
    %pushi/vec4 6, 0, 4;
    %cmp/u;
    %jmp/1 T_13.6, 6;
    %dup/vec4;
    %pushi/vec4 7, 0, 4;
    %cmp/u;
    %jmp/1 T_13.7, 6;
    %dup/vec4;
    %pushi/vec4 8, 0, 4;
    %cmp/u;
    %jmp/1 T_13.8, 6;
    %dup/vec4;
    %pushi/vec4 9, 0, 4;
    %cmp/u;
    %jmp/1 T_13.9, 6;
    %dup/vec4;
    %pushi/vec4 10, 0, 4;
    %cmp/u;
    %jmp/1 T_13.10, 6;
    %dup/vec4;
    %pushi/vec4 11, 0, 4;
    %cmp/u;
    %jmp/1 T_13.11, 6;
    %dup/vec4;
    %pushi/vec4 12, 0, 4;
    %cmp/u;
    %jmp/1 T_13.12, 6;
    %dup/vec4;
    %pushi/vec4 13, 0, 4;
    %cmp/u;
    %jmp/1 T_13.13, 6;
    %dup/vec4;
    %pushi/vec4 14, 0, 4;
    %cmp/u;
    %jmp/1 T_13.14, 6;
    %dup/vec4;
    %pushi/vec4 15, 0, 4;
    %cmp/u;
    %jmp/1 T_13.15, 6;
    %jmp T_13.16;
T_13.0 ;
    %pushi/vec4 64, 0, 7;
    %store/vec4 v0x5601953bbce0_0, 0, 7;
    %jmp T_13.16;
T_13.1 ;
    %pushi/vec4 121, 0, 7;
    %store/vec4 v0x5601953bbce0_0, 0, 7;
    %jmp T_13.16;
T_13.2 ;
    %pushi/vec4 36, 0, 7;
    %store/vec4 v0x5601953bbce0_0, 0, 7;
    %jmp T_13.16;
T_13.3 ;
    %pushi/vec4 48, 0, 7;
    %store/vec4 v0x5601953bbce0_0, 0, 7;
    %jmp T_13.16;
T_13.4 ;
    %pushi/vec4 25, 0, 7;
    %store/vec4 v0x5601953bbce0_0, 0, 7;
    %jmp T_13.16;
T_13.5 ;
    %pushi/vec4 18, 0, 7;
    %store/vec4 v0x5601953bbce0_0, 0, 7;
    %jmp T_13.16;
T_13.6 ;
    %pushi/vec4 2, 0, 7;
    %store/vec4 v0x5601953bbce0_0, 0, 7;
    %jmp T_13.16;
T_13.7 ;
    %pushi/vec4 120, 0, 7;
    %store/vec4 v0x5601953bbce0_0, 0, 7;
    %jmp T_13.16;
T_13.8 ;
    %pushi/vec4 0, 0, 7;
    %store/vec4 v0x5601953bbce0_0, 0, 7;
    %jmp T_13.16;
T_13.9 ;
    %pushi/vec4 16, 0, 7;
    %store/vec4 v0x5601953bbce0_0, 0, 7;
    %jmp T_13.16;
T_13.10 ;
    %pushi/vec4 8, 0, 7;
    %store/vec4 v0x5601953bbce0_0, 0, 7;
    %jmp T_13.16;
T_13.11 ;
    %pushi/vec4 3, 0, 7;
    %store/vec4 v0x5601953bbce0_0, 0, 7;
    %jmp T_13.16;
T_13.12 ;
    %pushi/vec4 70, 0, 7;
    %store/vec4 v0x5601953bbce0_0, 0, 7;
    %jmp T_13.16;
T_13.13 ;
    %pushi/vec4 33, 0, 7;
    %store/vec4 v0x5601953bbce0_0, 0, 7;
    %jmp T_13.16;
T_13.14 ;
    %pushi/vec4 6, 0, 7;
    %store/vec4 v0x5601953bbce0_0, 0, 7;
    %jmp T_13.16;
T_13.15 ;
    %pushi/vec4 14, 0, 7;
    %store/vec4 v0x5601953bbce0_0, 0, 7;
    %jmp T_13.16;
T_13.16 ;
    %pop/vec4 1;
    %jmp T_13;
    .thread T_13, $push;
    .scope S_0x5601953bbe20;
T_14 ;
    %wait E_0x5601953bc040;
    %load/vec4 v0x5601953bc0c0_0;
    %dup/vec4;
    %pushi/vec4 0, 0, 4;
    %cmp/u;
    %jmp/1 T_14.0, 6;
    %dup/vec4;
    %pushi/vec4 1, 0, 4;
    %cmp/u;
    %jmp/1 T_14.1, 6;
    %dup/vec4;
    %pushi/vec4 2, 0, 4;
    %cmp/u;
    %jmp/1 T_14.2, 6;
    %dup/vec4;
    %pushi/vec4 3, 0, 4;
    %cmp/u;
    %jmp/1 T_14.3, 6;
    %dup/vec4;
    %pushi/vec4 4, 0, 4;
    %cmp/u;
    %jmp/1 T_14.4, 6;
    %dup/vec4;
    %pushi/vec4 5, 0, 4;
    %cmp/u;
    %jmp/1 T_14.5, 6;
    %dup/vec4;
    %pushi/vec4 6, 0, 4;
    %cmp/u;
    %jmp/1 T_14.6, 6;
    %dup/vec4;
    %pushi/vec4 7, 0, 4;
    %cmp/u;
    %jmp/1 T_14.7, 6;
    %dup/vec4;
    %pushi/vec4 8, 0, 4;
    %cmp/u;
    %jmp/1 T_14.8, 6;
    %dup/vec4;
    %pushi/vec4 9, 0, 4;
    %cmp/u;
    %jmp/1 T_14.9, 6;
    %dup/vec4;
    %pushi/vec4 10, 0, 4;
    %cmp/u;
    %jmp/1 T_14.10, 6;
    %dup/vec4;
    %pushi/vec4 11, 0, 4;
    %cmp/u;
    %jmp/1 T_14.11, 6;
    %dup/vec4;
    %pushi/vec4 12, 0, 4;
    %cmp/u;
    %jmp/1 T_14.12, 6;
    %dup/vec4;
    %pushi/vec4 13, 0, 4;
    %cmp/u;
    %jmp/1 T_14.13, 6;
    %dup/vec4;
    %pushi/vec4 14, 0, 4;
    %cmp/u;
    %jmp/1 T_14.14, 6;
    %dup/vec4;
    %pushi/vec4 15, 0, 4;
    %cmp/u;
    %jmp/1 T_14.15, 6;
    %jmp T_14.16;
T_14.0 ;
    %pushi/vec4 64, 0, 7;
    %store/vec4 v0x5601953bc1c0_0, 0, 7;
    %jmp T_14.16;
T_14.1 ;
    %pushi/vec4 121, 0, 7;
    %store/vec4 v0x5601953bc1c0_0, 0, 7;
    %jmp T_14.16;
T_14.2 ;
    %pushi/vec4 36, 0, 7;
    %store/vec4 v0x5601953bc1c0_0, 0, 7;
    %jmp T_14.16;
T_14.3 ;
    %pushi/vec4 48, 0, 7;
    %store/vec4 v0x5601953bc1c0_0, 0, 7;
    %jmp T_14.16;
T_14.4 ;
    %pushi/vec4 25, 0, 7;
    %store/vec4 v0x5601953bc1c0_0, 0, 7;
    %jmp T_14.16;
T_14.5 ;
    %pushi/vec4 18, 0, 7;
    %store/vec4 v0x5601953bc1c0_0, 0, 7;
    %jmp T_14.16;
T_14.6 ;
    %pushi/vec4 2, 0, 7;
    %store/vec4 v0x5601953bc1c0_0, 0, 7;
    %jmp T_14.16;
T_14.7 ;
    %pushi/vec4 120, 0, 7;
    %store/vec4 v0x5601953bc1c0_0, 0, 7;
    %jmp T_14.16;
T_14.8 ;
    %pushi/vec4 0, 0, 7;
    %store/vec4 v0x5601953bc1c0_0, 0, 7;
    %jmp T_14.16;
T_14.9 ;
    %pushi/vec4 16, 0, 7;
    %store/vec4 v0x5601953bc1c0_0, 0, 7;
    %jmp T_14.16;
T_14.10 ;
    %pushi/vec4 8, 0, 7;
    %store/vec4 v0x5601953bc1c0_0, 0, 7;
    %jmp T_14.16;
T_14.11 ;
    %pushi/vec4 3, 0, 7;
    %store/vec4 v0x5601953bc1c0_0, 0, 7;
    %jmp T_14.16;
T_14.12 ;
    %pushi/vec4 70, 0, 7;
    %store/vec4 v0x5601953bc1c0_0, 0, 7;
    %jmp T_14.16;
T_14.13 ;
    %pushi/vec4 33, 0, 7;
    %store/vec4 v0x5601953bc1c0_0, 0, 7;
    %jmp T_14.16;
T_14.14 ;
    %pushi/vec4 6, 0, 7;
    %store/vec4 v0x5601953bc1c0_0, 0, 7;
    %jmp T_14.16;
T_14.15 ;
    %pushi/vec4 14, 0, 7;
    %store/vec4 v0x5601953bc1c0_0, 0, 7;
    %jmp T_14.16;
T_14.16 ;
    %pop/vec4 1;
    %jmp T_14;
    .thread T_14, $push;
    .scope S_0x5601953bc300;
T_15 ;
    %wait E_0x5601953bc520;
    %load/vec4 v0x5601953bc5a0_0;
    %dup/vec4;
    %pushi/vec4 0, 0, 4;
    %cmp/u;
    %jmp/1 T_15.0, 6;
    %dup/vec4;
    %pushi/vec4 1, 0, 4;
    %cmp/u;
    %jmp/1 T_15.1, 6;
    %dup/vec4;
    %pushi/vec4 2, 0, 4;
    %cmp/u;
    %jmp/1 T_15.2, 6;
    %dup/vec4;
    %pushi/vec4 3, 0, 4;
    %cmp/u;
    %jmp/1 T_15.3, 6;
    %dup/vec4;
    %pushi/vec4 4, 0, 4;
    %cmp/u;
    %jmp/1 T_15.4, 6;
    %dup/vec4;
    %pushi/vec4 5, 0, 4;
    %cmp/u;
    %jmp/1 T_15.5, 6;
    %dup/vec4;
    %pushi/vec4 6, 0, 4;
    %cmp/u;
    %jmp/1 T_15.6, 6;
    %dup/vec4;
    %pushi/vec4 7, 0, 4;
    %cmp/u;
    %jmp/1 T_15.7, 6;
    %dup/vec4;
    %pushi/vec4 8, 0, 4;
    %cmp/u;
    %jmp/1 T_15.8, 6;
    %dup/vec4;
    %pushi/vec4 9, 0, 4;
    %cmp/u;
    %jmp/1 T_15.9, 6;
    %dup/vec4;
    %pushi/vec4 10, 0, 4;
    %cmp/u;
    %jmp/1 T_15.10, 6;
    %dup/vec4;
    %pushi/vec4 11, 0, 4;
    %cmp/u;
    %jmp/1 T_15.11, 6;
    %dup/vec4;
    %pushi/vec4 12, 0, 4;
    %cmp/u;
    %jmp/1 T_15.12, 6;
    %dup/vec4;
    %pushi/vec4 13, 0, 4;
    %cmp/u;
    %jmp/1 T_15.13, 6;
    %dup/vec4;
    %pushi/vec4 14, 0, 4;
    %cmp/u;
    %jmp/1 T_15.14, 6;
    %dup/vec4;
    %pushi/vec4 15, 0, 4;
    %cmp/u;
    %jmp/1 T_15.15, 6;
    %jmp T_15.16;
T_15.0 ;
    %pushi/vec4 64, 0, 7;
    %store/vec4 v0x5601953bc6a0_0, 0, 7;
    %jmp T_15.16;
T_15.1 ;
    %pushi/vec4 121, 0, 7;
    %store/vec4 v0x5601953bc6a0_0, 0, 7;
    %jmp T_15.16;
T_15.2 ;
    %pushi/vec4 36, 0, 7;
    %store/vec4 v0x5601953bc6a0_0, 0, 7;
    %jmp T_15.16;
T_15.3 ;
    %pushi/vec4 48, 0, 7;
    %store/vec4 v0x5601953bc6a0_0, 0, 7;
    %jmp T_15.16;
T_15.4 ;
    %pushi/vec4 25, 0, 7;
    %store/vec4 v0x5601953bc6a0_0, 0, 7;
    %jmp T_15.16;
T_15.5 ;
    %pushi/vec4 18, 0, 7;
    %store/vec4 v0x5601953bc6a0_0, 0, 7;
    %jmp T_15.16;
T_15.6 ;
    %pushi/vec4 2, 0, 7;
    %store/vec4 v0x5601953bc6a0_0, 0, 7;
    %jmp T_15.16;
T_15.7 ;
    %pushi/vec4 120, 0, 7;
    %store/vec4 v0x5601953bc6a0_0, 0, 7;
    %jmp T_15.16;
T_15.8 ;
    %pushi/vec4 0, 0, 7;
    %store/vec4 v0x5601953bc6a0_0, 0, 7;
    %jmp T_15.16;
T_15.9 ;
    %pushi/vec4 16, 0, 7;
    %store/vec4 v0x5601953bc6a0_0, 0, 7;
    %jmp T_15.16;
T_15.10 ;
    %pushi/vec4 8, 0, 7;
    %store/vec4 v0x5601953bc6a0_0, 0, 7;
    %jmp T_15.16;
T_15.11 ;
    %pushi/vec4 3, 0, 7;
    %store/vec4 v0x5601953bc6a0_0, 0, 7;
    %jmp T_15.16;
T_15.12 ;
    %pushi/vec4 70, 0, 7;
    %store/vec4 v0x5601953bc6a0_0, 0, 7;
    %jmp T_15.16;
T_15.13 ;
    %pushi/vec4 33, 0, 7;
    %store/vec4 v0x5601953bc6a0_0, 0, 7;
    %jmp T_15.16;
T_15.14 ;
    %pushi/vec4 6, 0, 7;
    %store/vec4 v0x5601953bc6a0_0, 0, 7;
    %jmp T_15.16;
T_15.15 ;
    %pushi/vec4 14, 0, 7;
    %store/vec4 v0x5601953bc6a0_0, 0, 7;
    %jmp T_15.16;
T_15.16 ;
    %pop/vec4 1;
    %jmp T_15;
    .thread T_15, $push;
    .scope S_0x5601953bc7e0;
T_16 ;
    %wait E_0x5601953bca00;
    %load/vec4 v0x5601953bca80_0;
    %dup/vec4;
    %pushi/vec4 0, 0, 4;
    %cmp/u;
    %jmp/1 T_16.0, 6;
    %dup/vec4;
    %pushi/vec4 1, 0, 4;
    %cmp/u;
    %jmp/1 T_16.1, 6;
    %dup/vec4;
    %pushi/vec4 2, 0, 4;
    %cmp/u;
    %jmp/1 T_16.2, 6;
    %dup/vec4;
    %pushi/vec4 3, 0, 4;
    %cmp/u;
    %jmp/1 T_16.3, 6;
    %dup/vec4;
    %pushi/vec4 4, 0, 4;
    %cmp/u;
    %jmp/1 T_16.4, 6;
    %dup/vec4;
    %pushi/vec4 5, 0, 4;
    %cmp/u;
    %jmp/1 T_16.5, 6;
    %dup/vec4;
    %pushi/vec4 6, 0, 4;
    %cmp/u;
    %jmp/1 T_16.6, 6;
    %dup/vec4;
    %pushi/vec4 7, 0, 4;
    %cmp/u;
    %jmp/1 T_16.7, 6;
    %dup/vec4;
    %pushi/vec4 8, 0, 4;
    %cmp/u;
    %jmp/1 T_16.8, 6;
    %dup/vec4;
    %pushi/vec4 9, 0, 4;
    %cmp/u;
    %jmp/1 T_16.9, 6;
    %dup/vec4;
    %pushi/vec4 10, 0, 4;
    %cmp/u;
    %jmp/1 T_16.10, 6;
    %dup/vec4;
    %pushi/vec4 11, 0, 4;
    %cmp/u;
    %jmp/1 T_16.11, 6;
    %dup/vec4;
    %pushi/vec4 12, 0, 4;
    %cmp/u;
    %jmp/1 T_16.12, 6;
    %dup/vec4;
    %pushi/vec4 13, 0, 4;
    %cmp/u;
    %jmp/1 T_16.13, 6;
    %dup/vec4;
    %pushi/vec4 14, 0, 4;
    %cmp/u;
    %jmp/1 T_16.14, 6;
    %dup/vec4;
    %pushi/vec4 15, 0, 4;
    %cmp/u;
    %jmp/1 T_16.15, 6;
    %jmp T_16.16;
T_16.0 ;
    %pushi/vec4 64, 0, 7;
    %store/vec4 v0x5601953bcb80_0, 0, 7;
    %jmp T_16.16;
T_16.1 ;
    %pushi/vec4 121, 0, 7;
    %store/vec4 v0x5601953bcb80_0, 0, 7;
    %jmp T_16.16;
T_16.2 ;
    %pushi/vec4 36, 0, 7;
    %store/vec4 v0x5601953bcb80_0, 0, 7;
    %jmp T_16.16;
T_16.3 ;
    %pushi/vec4 48, 0, 7;
    %store/vec4 v0x5601953bcb80_0, 0, 7;
    %jmp T_16.16;
T_16.4 ;
    %pushi/vec4 25, 0, 7;
    %store/vec4 v0x5601953bcb80_0, 0, 7;
    %jmp T_16.16;
T_16.5 ;
    %pushi/vec4 18, 0, 7;
    %store/vec4 v0x5601953bcb80_0, 0, 7;
    %jmp T_16.16;
T_16.6 ;
    %pushi/vec4 2, 0, 7;
    %store/vec4 v0x5601953bcb80_0, 0, 7;
    %jmp T_16.16;
T_16.7 ;
    %pushi/vec4 120, 0, 7;
    %store/vec4 v0x5601953bcb80_0, 0, 7;
    %jmp T_16.16;
T_16.8 ;
    %pushi/vec4 0, 0, 7;
    %store/vec4 v0x5601953bcb80_0, 0, 7;
    %jmp T_16.16;
T_16.9 ;
    %pushi/vec4 16, 0, 7;
    %store/vec4 v0x5601953bcb80_0, 0, 7;
    %jmp T_16.16;
T_16.10 ;
    %pushi/vec4 8, 0, 7;
    %store/vec4 v0x5601953bcb80_0, 0, 7;
    %jmp T_16.16;
T_16.11 ;
    %pushi/vec4 3, 0, 7;
    %store/vec4 v0x5601953bcb80_0, 0, 7;
    %jmp T_16.16;
T_16.12 ;
    %pushi/vec4 70, 0, 7;
    %store/vec4 v0x5601953bcb80_0, 0, 7;
    %jmp T_16.16;
T_16.13 ;
    %pushi/vec4 33, 0, 7;
    %store/vec4 v0x5601953bcb80_0, 0, 7;
    %jmp T_16.16;
T_16.14 ;
    %pushi/vec4 6, 0, 7;
    %store/vec4 v0x5601953bcb80_0, 0, 7;
    %jmp T_16.16;
T_16.15 ;
    %pushi/vec4 14, 0, 7;
    %store/vec4 v0x5601953bcb80_0, 0, 7;
    %jmp T_16.16;
T_16.16 ;
    %pop/vec4 1;
    %jmp T_16;
    .thread T_16, $push;
    .scope S_0x560195354600;
T_17 ;
    %pushi/vec4 0, 0, 1;
    %store/vec4 v0x5601953be6f0_0, 0, 1;
    %pushi/vec4 0, 0, 32;
    %store/vec4 v0x5601953c0040_0, 0, 32;
    %end;
    .thread T_17, $init;
    .scope S_0x560195354600;
T_18 ;
    %wait E_0x5601952a7f20;
    %load/vec4 v0x5601953be6f0_0;
    %inv;
    %assign/vec4 v0x5601953be6f0_0, 0;
    %jmp T_18;
    .thread T_18;
    .scope S_0x560195354600;
T_19 ;
    %wait E_0x5601952a7f20;
    %load/vec4 v0x5601953c0040_0;
    %addi 1, 0, 32;
    %assign/vec4 v0x5601953c0040_0, 0;
    %jmp T_19;
    .thread T_19;
    .scope S_0x560195354600;
T_20 ;
    %wait E_0x5601953953a0;
    %load/vec4 v0x5601953c0460_0;
    %load/vec4 v0x5601953c02e0_0;
    %and;
    %flag_set/vec4 8;
    %jmp/0xz  T_20.0, 8;
    %load/vec4 v0x5601953bfee0_0;
    %parti/s 1, 2, 3;
    %flag_set/vec4 8;
    %jmp/0xz  T_20.2, 8;
    %load/vec4 v0x5601953c0940_0;
    %pad/u 10;
    %assign/vec4 v0x5601953be340_0, 0;
T_20.2 ;
    %load/vec4 v0x5601953bfee0_0;
    %parti/s 1, 3, 3;
    %flag_set/vec4 8;
    %jmp/0xz  T_20.4, 8;
    %load/vec4 v0x5601953c0940_0;
    %pad/u 24;
    %assign/vec4 v0x5601953c0200_0, 0;
T_20.4 ;
T_20.0 ;
    %jmp T_20;
    .thread T_20;
    .scope S_0x560195384e50;
T_21 ;
    %vpi_call/w 3 13 "$dumpfile", "dump.vcd" {0 0 0};
    %vpi_call/w 3 13 "$dumpvars", 32'sb00000000000000000000000000000000 {0 0 0};
    %vpi_call/w 3 15 "$monitor", "%5t LEDR=%b PC=%h instr=%h aluIn1=%h aluIn2=%h addr=%h writedata=%h memwrite=%b readdata=%h writeBackData=%h", $time, v0x5601953c0e20_0, v0x5601953ac380_0, v0x5601953b70f0_0, v0x5601953ac980_0, v0x5601953aca60_0, v0x5601953bfee0_0, v0x5601953c0940_0, v0x5601953c0460_0, v0x5601953c0550_0, v0x5601953b8510_0 {0 0 0};
    %delay 10000, 0;
    %vpi_call/w 3 16 "$writememh", "riscv.out", v0x5601953bd530 {0 0 0};
    %vpi_call/w 3 17 "$writememh", "cpu_regs.out", v0x5601953ac7e0 {0 0 0};
    %vpi_call/w 3 18 "$finish" {0 0 0};
    %end;
    .thread T_21;
    .scope S_0x560195384e50;
T_22 ;
    %pushi/vec4 1, 0, 1;
    %assign/vec4 v0x5601953c0d60_0, 0;
    %delay 5, 0;
    %pushi/vec4 0, 0, 1;
    %assign/vec4 v0x5601953c0d60_0, 0;
    %delay 5, 0;
    %jmp T_22;
    .thread T_22;
# The file index is used to find the file name in the following table.
:file_names 10;
    "N/A";
    "<interactive>";
    "-";
    "testbench.sv";
    "top.sv";
    "riscvmulti.sv";
    "vga.sv";
    "dec7seg.sv";
    "power_on_reset.sv";
    "mem.sv";
