#! /usr/bin/vvp
:ivl_version "12.0 (stable)" "(v12_0-dirty)";
:ivl_delay_selection "TYPICAL";
:vpi_time_precision + 0;
:vpi_module "/usr/lib/ivl/system.vpi";
:vpi_module "/usr/lib/ivl/vhdl_sys.vpi";
:vpi_module "/usr/lib/ivl/vhdl_textio.vpi";
:vpi_module "/usr/lib/ivl/v2005_math.vpi";
:vpi_module "/usr/lib/ivl/va_math.vpi";
:vpi_module "/usr/lib/ivl/v2009.vpi";
S_0x556451bb1e80 .scope package, "$unit" "$unit" 2 1;
 .timescale 0 0;
S_0x556451ba4120 .scope module, "test" "test" 3 1;
 .timescale 0 0;
P_0x556451bb2820 .param/l "IO_HEX_bit" 1 3 33, +C4<00000000000000000000000000000011>;
P_0x556451bb2860 .param/l "IO_LEDS_bit" 1 3 32, +C4<00000000000000000000000000000010>;
L_0x556451bed330 .functor AND 1, L_0x556451bb4c00, L_0x556451bed440, C4<1>, C4<1>;
v0x556451bd5510_0 .var "LEDR", 9 0;
v0x556451bd55f0_0 .net "addr", 31 0, L_0x556451bb2b70;  1 drivers
v0x556451bd5700_0 .var "clk", 0 0;
v0x556451bd57f0_0 .var "hex_digits", 23 0;
v0x556451bd58b0_0 .net "instr", 31 0, L_0x556451becbb0;  1 drivers
v0x556451bd5a10_0 .net "isIO", 0 0, L_0x556451bed3a0;  1 drivers
v0x556451bd5ad0_0 .net "isRAM", 0 0, L_0x556451bed440;  1 drivers
v0x556451bd5b90_0 .net "memwrite", 0 0, L_0x556451bb4c00;  1 drivers
v0x556451bd5c30_0 .net "pc", 31 0, v0x556451bd3350_0;  1 drivers
v0x556451bd5cd0_0 .net "readdata", 31 0, L_0x556451bed230;  1 drivers
v0x556451bd5de0_0 .var "reset", 0 0;
v0x556451bd5e80_0 .net "writedata", 31 0, L_0x556451bd6000;  1 drivers
L_0x556451bed3a0 .part L_0x556451bb2b70, 8, 1;
L_0x556451bed440 .reduce/nor L_0x556451bed3a0;
S_0x556451ba8330 .scope module, "cpu" "riscvmono" 3 21, 4 1 0, S_0x556451ba4120;
 .timescale 0 0;
    .port_info 0 /INPUT 1 "clk";
    .port_info 1 /INPUT 1 "reset";
    .port_info 2 /OUTPUT 32 "pc";
    .port_info 3 /INPUT 32 "instr";
    .port_info 4 /OUTPUT 32 "addr";
    .port_info 5 /OUTPUT 32 "writedata";
    .port_info 6 /OUTPUT 1 "memwrite";
    .port_info 7 /INPUT 32 "readdata";
L_0x556451bb4c00 .functor BUFZ 1, L_0x556451be86e0, C4<0>, C4<0>, C4<0>;
L_0x556451bb2b70 .functor BUFZ 32, L_0x556451beb340, C4<00000000000000000000000000000000>, C4<00000000000000000000000000000000>, C4<00000000000000000000000000000000>;
L_0x556451bd6000 .functor BUFZ 32, L_0x556451be74c0, C4<00000000000000000000000000000000>, C4<00000000000000000000000000000000>, C4<00000000000000000000000000000000>;
L_0x556451bd6140 .functor BUFZ 32, L_0x556451be6ef0, C4<00000000000000000000000000000000>, C4<00000000000000000000000000000000>, C4<00000000000000000000000000000000>;
L_0x556451bd6240 .functor OR 1, L_0x556451be7b50, L_0x556451be84c0, C4<0>, C4<0>;
L_0x556451bd65e0 .functor OR 1, L_0x556451be84c0, L_0x556451be7770, C4<0>, C4<0>;
L_0x556451bd66c0 .functor OR 1, L_0x556451bd65e0, L_0x556451be7b50, C4<0>, C4<0>;
L_0x556451be7400 .functor NOT 32, L_0x556451bd64a0, C4<00000000000000000000000000000000>, C4<00000000000000000000000000000000>, C4<00000000000000000000000000000000>;
L_0x556451beb570 .functor XOR 1, L_0x556451beb790, L_0x556451beb8c0, C4<0>, C4<0>;
L_0x556451bec820 .functor AND 1, L_0x556451bec260, L_0x556451bec300, C4<1>, C4<1>;
v0x556451bb4d20_0 .net "Bimm", 31 0, L_0x556451bea570;  1 drivers
v0x556451bb2c90_0 .net "EQ", 0 0, L_0x556451bebeb0;  1 drivers
v0x556451bccb10_0 .net "Iimm", 31 0, L_0x556451be9650;  1 drivers
v0x556451bccbd0_0 .net "Jimm", 31 0, L_0x556451bea7f0;  1 drivers
v0x556451bcccb0_0 .net "LT", 0 0, L_0x556451bebc40;  1 drivers
v0x556451bccdc0_0 .net "LTU", 0 0, L_0x556451bec080;  1 drivers
v0x556451bcce80_0 .net "PCplus4", 31 0, L_0x556451be6980;  1 drivers
v0x556451bccf60_0 .net "PCplusImm", 31 0, L_0x556451bd67d0;  1 drivers
v0x556451bcd040 .array "RegisterBank", 31 0, 31 0;
v0x556451bcd190_0 .net "Simm", 31 0, L_0x556451be9d20;  1 drivers
v0x556451bcd270_0 .net "Uimm", 31 0, L_0x556451be8e20;  1 drivers
v0x556451bcd350_0 .net *"_ivl_10", 0 0, L_0x556451bd6240;  1 drivers
v0x556451bcd430_0 .net *"_ivl_103", 6 0, L_0x556451be8820;  1 drivers
L_0x7fc64f4a9450 .functor BUFT 1, C4<0100011>, C4<0>, C4<0>, C4<0>;
v0x556451bcd510_0 .net/2u *"_ivl_104", 6 0, L_0x7fc64f4a9450;  1 drivers
v0x556451bcd5f0_0 .net *"_ivl_109", 6 0, L_0x556451be8a10;  1 drivers
L_0x7fc64f4a9498 .functor BUFT 1, C4<1110011>, C4<0>, C4<0>, C4<0>;
v0x556451bcd6d0_0 .net/2u *"_ivl_110", 6 0, L_0x7fc64f4a9498;  1 drivers
v0x556451bcd7b0_0 .net *"_ivl_115", 0 0, L_0x556451be8c60;  1 drivers
v0x556451bcd890_0 .net *"_ivl_117", 18 0, L_0x556451be8ab0;  1 drivers
L_0x7fc64f4a94e0 .functor BUFT 1, C4<000000000000>, C4<0>, C4<0>, C4<0>;
v0x556451bcd970_0 .net/2u *"_ivl_118", 11 0, L_0x7fc64f4a94e0;  1 drivers
v0x556451bcda50_0 .net *"_ivl_12", 31 0, L_0x556451bd6360;  1 drivers
v0x556451bcdb30_0 .net *"_ivl_123", 0 0, L_0x556451be8d00;  1 drivers
v0x556451bcdc10_0 .net *"_ivl_124", 20 0, L_0x556451be9090;  1 drivers
v0x556451bcdcf0_0 .net *"_ivl_127", 10 0, L_0x556451be8f60;  1 drivers
v0x556451bcddd0_0 .net *"_ivl_131", 0 0, L_0x556451be9300;  1 drivers
v0x556451bcdeb0_0 .net *"_ivl_132", 20 0, L_0x556451be93a0;  1 drivers
v0x556451bcdf90_0 .net *"_ivl_135", 5 0, L_0x556451be9740;  1 drivers
v0x556451bce070_0 .net *"_ivl_137", 4 0, L_0x556451be97e0;  1 drivers
v0x556451bce150_0 .net *"_ivl_141", 0 0, L_0x556451be9eb0;  1 drivers
v0x556451bce230_0 .net *"_ivl_142", 19 0, L_0x556451be9bb0;  1 drivers
v0x556451bce310_0 .net *"_ivl_145", 0 0, L_0x556451bea330;  1 drivers
v0x556451bce3f0_0 .net *"_ivl_147", 5 0, L_0x556451be9f50;  1 drivers
v0x556451bce4d0_0 .net *"_ivl_149", 3 0, L_0x556451be9ff0;  1 drivers
L_0x7fc64f4a9528 .functor BUFT 1, C4<0>, C4<0>, C4<0>, C4<0>;
v0x556451bce5b0_0 .net/2u *"_ivl_150", 0 0, L_0x7fc64f4a9528;  1 drivers
v0x556451bce8a0_0 .net *"_ivl_155", 0 0, L_0x556451bea750;  1 drivers
v0x556451bce980_0 .net *"_ivl_156", 11 0, L_0x556451bea3d0;  1 drivers
v0x556451bcea60_0 .net *"_ivl_159", 7 0, L_0x556451bea4c0;  1 drivers
v0x556451bceb40_0 .net *"_ivl_161", 0 0, L_0x556451bea9b0;  1 drivers
v0x556451bcec20_0 .net *"_ivl_163", 9 0, L_0x556451beaa50;  1 drivers
L_0x7fc64f4a9570 .functor BUFT 1, C4<0>, C4<0>, C4<0>, C4<0>;
v0x556451bced00_0 .net/2u *"_ivl_164", 0 0, L_0x7fc64f4a9570;  1 drivers
v0x556451bcede0_0 .net *"_ivl_17", 0 0, L_0x556451bd65e0;  1 drivers
v0x556451bceea0_0 .net *"_ivl_179", 4 0, L_0x556451beae00;  1 drivers
v0x556451bcef80_0 .net *"_ivl_181", 4 0, L_0x556451beaea0;  1 drivers
L_0x7fc64f4a95b8 .functor BUFT 1, C4<1>, C4<0>, C4<0>, C4<0>;
v0x556451bcf060_0 .net/2u *"_ivl_186", 0 0, L_0x7fc64f4a95b8;  1 drivers
v0x556451bcf140_0 .net *"_ivl_188", 31 0, L_0x556451be7400;  1 drivers
v0x556451bcf220_0 .net *"_ivl_190", 32 0, L_0x556451beb180;  1 drivers
L_0x7fc64f4a9600 .functor BUFT 1, C4<0>, C4<0>, C4<0>, C4<0>;
v0x556451bcf300_0 .net/2u *"_ivl_192", 0 0, L_0x7fc64f4a9600;  1 drivers
v0x556451bcf3e0_0 .net *"_ivl_194", 32 0, L_0x556451beb6f0;  1 drivers
v0x556451bcf4c0_0 .net *"_ivl_196", 32 0, L_0x556451beb4d0;  1 drivers
L_0x7fc64f4a9648 .functor BUFT 1, C4<000000000000000000000000000000001>, C4<0>, C4<0>, C4<0>;
v0x556451bcf5a0_0 .net/2u *"_ivl_198", 32 0, L_0x7fc64f4a9648;  1 drivers
v0x556451bcf680_0 .net *"_ivl_203", 0 0, L_0x556451beb790;  1 drivers
v0x556451bcf760_0 .net *"_ivl_205", 0 0, L_0x556451beb8c0;  1 drivers
v0x556451bcf840_0 .net *"_ivl_206", 0 0, L_0x556451beb570;  1 drivers
v0x556451bcf920_0 .net *"_ivl_209", 0 0, L_0x556451bebab0;  1 drivers
v0x556451bcfa00_0 .net *"_ivl_211", 0 0, L_0x556451bebb50;  1 drivers
v0x556451bcfae0_0 .net *"_ivl_217", 31 0, L_0x556451bebd80;  1 drivers
L_0x7fc64f4a9690 .functor BUFT 1, C4<00000000000000000000000000000000>, C4<0>, C4<0>, C4<0>;
v0x556451bcfbc0_0 .net/2u *"_ivl_218", 31 0, L_0x7fc64f4a9690;  1 drivers
L_0x7fc64f4a9018 .functor BUFT 1, C4<00000000000000000000000000000100>, C4<0>, C4<0>, C4<0>;
v0x556451bcfca0_0 .net/2u *"_ivl_22", 31 0, L_0x7fc64f4a9018;  1 drivers
L_0x7fc64f4a96d8 .functor BUFT 1, C4<001>, C4<0>, C4<0>, C4<0>;
v0x556451bcfd80_0 .net/2u *"_ivl_222", 2 0, L_0x7fc64f4a96d8;  1 drivers
v0x556451bcfe60_0 .net *"_ivl_224", 0 0, L_0x556451bec3a0;  1 drivers
v0x556451bcff20_0 .net *"_ivl_227", 31 0, L_0x556451bec4e0;  1 drivers
v0x556451bd0000_0 .net *"_ivl_231", 0 0, L_0x556451bec260;  1 drivers
v0x556451bd00e0_0 .net *"_ivl_233", 0 0, L_0x556451bec300;  1 drivers
v0x556451bd01c0_0 .net *"_ivl_234", 0 0, L_0x556451bec820;  1 drivers
v0x556451bd02a0_0 .net *"_ivl_236", 32 0, L_0x556451bec930;  1 drivers
v0x556451bd0380_0 .net *"_ivl_239", 4 0, L_0x556451bec580;  1 drivers
v0x556451bd0870_0 .net *"_ivl_240", 32 0, L_0x556451bec620;  1 drivers
L_0x7fc64f4a9060 .functor BUFT 1, C4<00000>, C4<0>, C4<0>, C4<0>;
v0x556451bd0950_0 .net/2u *"_ivl_26", 4 0, L_0x7fc64f4a9060;  1 drivers
v0x556451bd0a30_0 .net *"_ivl_28", 0 0, L_0x556451be6ae0;  1 drivers
v0x556451bd0af0_0 .net *"_ivl_30", 31 0, L_0x556451be6c70;  1 drivers
v0x556451bd0bd0_0 .net *"_ivl_32", 6 0, L_0x556451be6d10;  1 drivers
L_0x7fc64f4a90a8 .functor BUFT 1, C4<00>, C4<0>, C4<0>, C4<0>;
v0x556451bd0cb0_0 .net *"_ivl_35", 1 0, L_0x7fc64f4a90a8;  1 drivers
L_0x7fc64f4a90f0 .functor BUFT 1, C4<00000000000000000000000000000000>, C4<0>, C4<0>, C4<0>;
v0x556451bd0d90_0 .net/2u *"_ivl_36", 31 0, L_0x7fc64f4a90f0;  1 drivers
L_0x7fc64f4a9138 .functor BUFT 1, C4<00000>, C4<0>, C4<0>, C4<0>;
v0x556451bd0e70_0 .net/2u *"_ivl_40", 4 0, L_0x7fc64f4a9138;  1 drivers
v0x556451bd0f50_0 .net *"_ivl_42", 0 0, L_0x556451be7120;  1 drivers
v0x556451bd1010_0 .net *"_ivl_44", 31 0, L_0x556451be7270;  1 drivers
v0x556451bd10f0_0 .net *"_ivl_46", 6 0, L_0x556451be7310;  1 drivers
L_0x7fc64f4a9180 .functor BUFT 1, C4<00>, C4<0>, C4<0>, C4<0>;
v0x556451bd11d0_0 .net *"_ivl_49", 1 0, L_0x7fc64f4a9180;  1 drivers
L_0x7fc64f4a91c8 .functor BUFT 1, C4<00000000000000000000000000000000>, C4<0>, C4<0>, C4<0>;
v0x556451bd12b0_0 .net/2u *"_ivl_50", 31 0, L_0x7fc64f4a91c8;  1 drivers
v0x556451bd1390_0 .net *"_ivl_55", 6 0, L_0x556451be7650;  1 drivers
L_0x7fc64f4a9210 .functor BUFT 1, C4<0110011>, C4<0>, C4<0>, C4<0>;
v0x556451bd1470_0 .net/2u *"_ivl_56", 6 0, L_0x7fc64f4a9210;  1 drivers
v0x556451bd1550_0 .net *"_ivl_61", 6 0, L_0x556451be7900;  1 drivers
L_0x7fc64f4a9258 .functor BUFT 1, C4<0010011>, C4<0>, C4<0>, C4<0>;
v0x556451bd1630_0 .net/2u *"_ivl_62", 6 0, L_0x7fc64f4a9258;  1 drivers
v0x556451bd1710_0 .net *"_ivl_67", 6 0, L_0x556451be7bf0;  1 drivers
L_0x7fc64f4a92a0 .functor BUFT 1, C4<1100011>, C4<0>, C4<0>, C4<0>;
v0x556451bd17f0_0 .net/2u *"_ivl_68", 6 0, L_0x7fc64f4a92a0;  1 drivers
v0x556451bd18d0_0 .net *"_ivl_73", 6 0, L_0x556451be7e20;  1 drivers
L_0x7fc64f4a92e8 .functor BUFT 1, C4<1100111>, C4<0>, C4<0>, C4<0>;
v0x556451bd19b0_0 .net/2u *"_ivl_74", 6 0, L_0x7fc64f4a92e8;  1 drivers
v0x556451bd1a90_0 .net *"_ivl_79", 6 0, L_0x556451be8010;  1 drivers
L_0x7fc64f4a9330 .functor BUFT 1, C4<1101111>, C4<0>, C4<0>, C4<0>;
v0x556451bd1b70_0 .net/2u *"_ivl_80", 6 0, L_0x7fc64f4a9330;  1 drivers
v0x556451bd1c50_0 .net *"_ivl_85", 6 0, L_0x556451be8210;  1 drivers
L_0x7fc64f4a9378 .functor BUFT 1, C4<0010111>, C4<0>, C4<0>, C4<0>;
v0x556451bd1d30_0 .net/2u *"_ivl_86", 6 0, L_0x7fc64f4a9378;  1 drivers
v0x556451bd1e10_0 .net *"_ivl_91", 6 0, L_0x556451be8420;  1 drivers
L_0x7fc64f4a93c0 .functor BUFT 1, C4<0110111>, C4<0>, C4<0>, C4<0>;
v0x556451bd1ef0_0 .net/2u *"_ivl_92", 6 0, L_0x7fc64f4a93c0;  1 drivers
v0x556451bd1fd0_0 .net *"_ivl_97", 6 0, L_0x556451be8640;  1 drivers
L_0x7fc64f4a9408 .functor BUFT 1, C4<0000011>, C4<0>, C4<0>, C4<0>;
v0x556451bd20b0_0 .net/2u *"_ivl_98", 6 0, L_0x7fc64f4a9408;  1 drivers
v0x556451bd2190_0 .net "addr", 31 0, L_0x556451bb2b70;  alias, 1 drivers
v0x556451bd2270_0 .net "aluIn1", 31 0, L_0x556451bd6140;  1 drivers
v0x556451bd2350_0 .net "aluIn2", 31 0, L_0x556451bd64a0;  1 drivers
v0x556451bd2430_0 .net "aluMinus", 32 0, L_0x556451beb9c0;  1 drivers
v0x556451bd2510_0 .var "aluOut", 31 0;
v0x556451bd25f0_0 .net "aluPlus", 31 0, L_0x556451beb340;  1 drivers
v0x556451bd26d0_0 .net "clk", 0 0, v0x556451bd5700_0;  1 drivers
v0x556451bd2790_0 .net "funct3", 2 0, L_0x556451beaff0;  1 drivers
v0x556451bd2870_0 .net "funct7", 6 0, L_0x556451beb090;  1 drivers
v0x556451bd2950_0 .net "instr", 31 0, L_0x556451becbb0;  alias, 1 drivers
v0x556451bd2a30_0 .net "isALUimm", 0 0, L_0x556451be7b50;  1 drivers
v0x556451bd2af0_0 .net "isALUreg", 0 0, L_0x556451be7770;  1 drivers
v0x556451bd2bb0_0 .net "isAUIPC", 0 0, L_0x556451be80b0;  1 drivers
v0x556451bd2c70_0 .net "isBranch", 0 0, L_0x556451be7d30;  1 drivers
v0x556451bd2d30_0 .net "isJAL", 0 0, L_0x556451be7ec0;  1 drivers
v0x556451bd2df0_0 .net "isJALR", 0 0, L_0x556451be7c90;  1 drivers
v0x556451bd2eb0_0 .net "isLUI", 0 0, L_0x556451be82b0;  1 drivers
v0x556451bd2f70_0 .net "isLoad", 0 0, L_0x556451be84c0;  1 drivers
v0x556451bd3030_0 .net "isSYSTEM", 0 0, L_0x556451be88c0;  1 drivers
v0x556451bd30f0_0 .net "isStore", 0 0, L_0x556451be86e0;  1 drivers
v0x556451bd31b0_0 .net "leftshift", 31 0, L_0x556451becd30;  1 drivers
v0x556451bd3290_0 .net "memwrite", 0 0, L_0x556451bb4c00;  alias, 1 drivers
v0x556451bd3350_0 .var "pc", 31 0;
v0x556451bd3430_0 .net "rdId", 4 0, L_0x556451beab90;  1 drivers
v0x556451bd3510_0 .net "readdata", 31 0, L_0x556451bed230;  alias, 1 drivers
v0x556451bd35f0_0 .net "reset", 0 0, v0x556451bd5de0_0;  1 drivers
v0x556451bd36b0_0 .net "rs1", 31 0, L_0x556451be6ef0;  1 drivers
v0x556451bd3790_0 .net "rs1Id", 4 0, L_0x556451bead60;  1 drivers
v0x556451bd3870_0 .net "rs2", 31 0, L_0x556451be74c0;  1 drivers
v0x556451bd3950_0 .net "rs2Id", 4 0, L_0x556451beaaf0;  1 drivers
v0x556451bd3a30_0 .net "shamt", 4 0, L_0x556451beaf40;  1 drivers
v0x556451bd3b10_0 .net "shifter", 31 0, L_0x556451bec760;  1 drivers
v0x556451bd3bf0_0 .net "shifter_in", 31 0, L_0x556451bec120;  1 drivers
v0x556451bd3cd0_0 .net "writeBackData", 31 0, L_0x556451bd6070;  1 drivers
v0x556451bd3db0_0 .net "writeBackEn", 0 0, L_0x556451bd66c0;  1 drivers
v0x556451bd4680_0 .net "writedata", 31 0, L_0x556451bd6000;  alias, 1 drivers
E_0x556451b25eb0/0 .event anyedge, v0x556451bd2790_0, v0x556451bd2870_0, v0x556451bd2950_0, v0x556451bd2430_0;
E_0x556451b25eb0/1 .event anyedge, v0x556451bd25f0_0, v0x556451bd31b0_0, v0x556451bcccb0_0, v0x556451bccdc0_0;
E_0x556451b25eb0/2 .event anyedge, v0x556451bd2270_0, v0x556451bd2350_0, v0x556451bd3b10_0;
E_0x556451b25eb0 .event/or E_0x556451b25eb0/0, E_0x556451b25eb0/1, E_0x556451b25eb0/2;
E_0x556451b25a40 .event posedge, v0x556451bd26d0_0;
E_0x556451b25ef0 .event negedge, v0x556451bd26d0_0;
L_0x556451bd6070 .functor MUXZ 32, v0x556451bd2510_0, L_0x556451bed230, L_0x556451be84c0, C4<>;
L_0x556451bd6360 .functor MUXZ 32, L_0x556451be74c0, L_0x556451be9d20, L_0x556451be86e0, C4<>;
L_0x556451bd64a0 .functor MUXZ 32, L_0x556451bd6360, L_0x556451be9650, L_0x556451bd6240, C4<>;
L_0x556451bd67d0 .arith/sum 32, v0x556451bd3350_0, L_0x556451bea7f0;
L_0x556451be6980 .arith/sum 32, v0x556451bd3350_0, L_0x7fc64f4a9018;
L_0x556451be6ae0 .cmp/ne 5, L_0x556451bead60, L_0x7fc64f4a9060;
L_0x556451be6c70 .array/port v0x556451bcd040, L_0x556451be6d10;
L_0x556451be6d10 .concat [ 5 2 0 0], L_0x556451bead60, L_0x7fc64f4a90a8;
L_0x556451be6ef0 .functor MUXZ 32, L_0x7fc64f4a90f0, L_0x556451be6c70, L_0x556451be6ae0, C4<>;
L_0x556451be7120 .cmp/ne 5, L_0x556451beaaf0, L_0x7fc64f4a9138;
L_0x556451be7270 .array/port v0x556451bcd040, L_0x556451be7310;
L_0x556451be7310 .concat [ 5 2 0 0], L_0x556451beaaf0, L_0x7fc64f4a9180;
L_0x556451be74c0 .functor MUXZ 32, L_0x7fc64f4a91c8, L_0x556451be7270, L_0x556451be7120, C4<>;
L_0x556451be7650 .part L_0x556451becbb0, 0, 7;
L_0x556451be7770 .cmp/eq 7, L_0x556451be7650, L_0x7fc64f4a9210;
L_0x556451be7900 .part L_0x556451becbb0, 0, 7;
L_0x556451be7b50 .cmp/eq 7, L_0x556451be7900, L_0x7fc64f4a9258;
L_0x556451be7bf0 .part L_0x556451becbb0, 0, 7;
L_0x556451be7d30 .cmp/eq 7, L_0x556451be7bf0, L_0x7fc64f4a92a0;
L_0x556451be7e20 .part L_0x556451becbb0, 0, 7;
L_0x556451be7c90 .cmp/eq 7, L_0x556451be7e20, L_0x7fc64f4a92e8;
L_0x556451be8010 .part L_0x556451becbb0, 0, 7;
L_0x556451be7ec0 .cmp/eq 7, L_0x556451be8010, L_0x7fc64f4a9330;
L_0x556451be8210 .part L_0x556451becbb0, 0, 7;
L_0x556451be80b0 .cmp/eq 7, L_0x556451be8210, L_0x7fc64f4a9378;
L_0x556451be8420 .part L_0x556451becbb0, 0, 7;
L_0x556451be82b0 .cmp/eq 7, L_0x556451be8420, L_0x7fc64f4a93c0;
L_0x556451be8640 .part L_0x556451becbb0, 0, 7;
L_0x556451be84c0 .cmp/eq 7, L_0x556451be8640, L_0x7fc64f4a9408;
L_0x556451be8820 .part L_0x556451becbb0, 0, 7;
L_0x556451be86e0 .cmp/eq 7, L_0x556451be8820, L_0x7fc64f4a9450;
L_0x556451be8a10 .part L_0x556451becbb0, 0, 7;
L_0x556451be88c0 .cmp/eq 7, L_0x556451be8a10, L_0x7fc64f4a9498;
L_0x556451be8c60 .part L_0x556451becbb0, 31, 1;
L_0x556451be8ab0 .part L_0x556451becbb0, 12, 19;
L_0x556451be8e20 .concat [ 12 19 1 0], L_0x7fc64f4a94e0, L_0x556451be8ab0, L_0x556451be8c60;
L_0x556451be8d00 .part L_0x556451becbb0, 31, 1;
LS_0x556451be9090_0_0 .concat [ 1 1 1 1], L_0x556451be8d00, L_0x556451be8d00, L_0x556451be8d00, L_0x556451be8d00;
LS_0x556451be9090_0_4 .concat [ 1 1 1 1], L_0x556451be8d00, L_0x556451be8d00, L_0x556451be8d00, L_0x556451be8d00;
LS_0x556451be9090_0_8 .concat [ 1 1 1 1], L_0x556451be8d00, L_0x556451be8d00, L_0x556451be8d00, L_0x556451be8d00;
LS_0x556451be9090_0_12 .concat [ 1 1 1 1], L_0x556451be8d00, L_0x556451be8d00, L_0x556451be8d00, L_0x556451be8d00;
LS_0x556451be9090_0_16 .concat [ 1 1 1 1], L_0x556451be8d00, L_0x556451be8d00, L_0x556451be8d00, L_0x556451be8d00;
LS_0x556451be9090_0_20 .concat [ 1 0 0 0], L_0x556451be8d00;
LS_0x556451be9090_1_0 .concat [ 4 4 4 4], LS_0x556451be9090_0_0, LS_0x556451be9090_0_4, LS_0x556451be9090_0_8, LS_0x556451be9090_0_12;
LS_0x556451be9090_1_4 .concat [ 4 1 0 0], LS_0x556451be9090_0_16, LS_0x556451be9090_0_20;
L_0x556451be9090 .concat [ 16 5 0 0], LS_0x556451be9090_1_0, LS_0x556451be9090_1_4;
L_0x556451be8f60 .part L_0x556451becbb0, 20, 11;
L_0x556451be9650 .concat [ 11 21 0 0], L_0x556451be8f60, L_0x556451be9090;
L_0x556451be9300 .part L_0x556451becbb0, 31, 1;
LS_0x556451be93a0_0_0 .concat [ 1 1 1 1], L_0x556451be9300, L_0x556451be9300, L_0x556451be9300, L_0x556451be9300;
LS_0x556451be93a0_0_4 .concat [ 1 1 1 1], L_0x556451be9300, L_0x556451be9300, L_0x556451be9300, L_0x556451be9300;
LS_0x556451be93a0_0_8 .concat [ 1 1 1 1], L_0x556451be9300, L_0x556451be9300, L_0x556451be9300, L_0x556451be9300;
LS_0x556451be93a0_0_12 .concat [ 1 1 1 1], L_0x556451be9300, L_0x556451be9300, L_0x556451be9300, L_0x556451be9300;
LS_0x556451be93a0_0_16 .concat [ 1 1 1 1], L_0x556451be9300, L_0x556451be9300, L_0x556451be9300, L_0x556451be9300;
LS_0x556451be93a0_0_20 .concat [ 1 0 0 0], L_0x556451be9300;
LS_0x556451be93a0_1_0 .concat [ 4 4 4 4], LS_0x556451be93a0_0_0, LS_0x556451be93a0_0_4, LS_0x556451be93a0_0_8, LS_0x556451be93a0_0_12;
LS_0x556451be93a0_1_4 .concat [ 4 1 0 0], LS_0x556451be93a0_0_16, LS_0x556451be93a0_0_20;
L_0x556451be93a0 .concat [ 16 5 0 0], LS_0x556451be93a0_1_0, LS_0x556451be93a0_1_4;
L_0x556451be9740 .part L_0x556451becbb0, 25, 6;
L_0x556451be97e0 .part L_0x556451becbb0, 7, 5;
L_0x556451be9d20 .concat [ 5 6 21 0], L_0x556451be97e0, L_0x556451be9740, L_0x556451be93a0;
L_0x556451be9eb0 .part L_0x556451becbb0, 31, 1;
LS_0x556451be9bb0_0_0 .concat [ 1 1 1 1], L_0x556451be9eb0, L_0x556451be9eb0, L_0x556451be9eb0, L_0x556451be9eb0;
LS_0x556451be9bb0_0_4 .concat [ 1 1 1 1], L_0x556451be9eb0, L_0x556451be9eb0, L_0x556451be9eb0, L_0x556451be9eb0;
LS_0x556451be9bb0_0_8 .concat [ 1 1 1 1], L_0x556451be9eb0, L_0x556451be9eb0, L_0x556451be9eb0, L_0x556451be9eb0;
LS_0x556451be9bb0_0_12 .concat [ 1 1 1 1], L_0x556451be9eb0, L_0x556451be9eb0, L_0x556451be9eb0, L_0x556451be9eb0;
LS_0x556451be9bb0_0_16 .concat [ 1 1 1 1], L_0x556451be9eb0, L_0x556451be9eb0, L_0x556451be9eb0, L_0x556451be9eb0;
LS_0x556451be9bb0_1_0 .concat [ 4 4 4 4], LS_0x556451be9bb0_0_0, LS_0x556451be9bb0_0_4, LS_0x556451be9bb0_0_8, LS_0x556451be9bb0_0_12;
LS_0x556451be9bb0_1_4 .concat [ 4 0 0 0], LS_0x556451be9bb0_0_16;
L_0x556451be9bb0 .concat [ 16 4 0 0], LS_0x556451be9bb0_1_0, LS_0x556451be9bb0_1_4;
L_0x556451bea330 .part L_0x556451becbb0, 7, 1;
L_0x556451be9f50 .part L_0x556451becbb0, 25, 6;
L_0x556451be9ff0 .part L_0x556451becbb0, 8, 4;
LS_0x556451bea570_0_0 .concat [ 1 4 6 1], L_0x7fc64f4a9528, L_0x556451be9ff0, L_0x556451be9f50, L_0x556451bea330;
LS_0x556451bea570_0_4 .concat [ 20 0 0 0], L_0x556451be9bb0;
L_0x556451bea570 .concat [ 12 20 0 0], LS_0x556451bea570_0_0, LS_0x556451bea570_0_4;
L_0x556451bea750 .part L_0x556451becbb0, 31, 1;
LS_0x556451bea3d0_0_0 .concat [ 1 1 1 1], L_0x556451bea750, L_0x556451bea750, L_0x556451bea750, L_0x556451bea750;
LS_0x556451bea3d0_0_4 .concat [ 1 1 1 1], L_0x556451bea750, L_0x556451bea750, L_0x556451bea750, L_0x556451bea750;
LS_0x556451bea3d0_0_8 .concat [ 1 1 1 1], L_0x556451bea750, L_0x556451bea750, L_0x556451bea750, L_0x556451bea750;
L_0x556451bea3d0 .concat [ 4 4 4 0], LS_0x556451bea3d0_0_0, LS_0x556451bea3d0_0_4, LS_0x556451bea3d0_0_8;
L_0x556451bea4c0 .part L_0x556451becbb0, 12, 8;
L_0x556451bea9b0 .part L_0x556451becbb0, 20, 1;
L_0x556451beaa50 .part L_0x556451becbb0, 21, 10;
LS_0x556451bea7f0_0_0 .concat [ 1 10 1 8], L_0x7fc64f4a9570, L_0x556451beaa50, L_0x556451bea9b0, L_0x556451bea4c0;
LS_0x556451bea7f0_0_4 .concat [ 12 0 0 0], L_0x556451bea3d0;
L_0x556451bea7f0 .concat [ 20 12 0 0], LS_0x556451bea7f0_0_0, LS_0x556451bea7f0_0_4;
L_0x556451bead60 .part L_0x556451becbb0, 15, 5;
L_0x556451beaaf0 .part L_0x556451becbb0, 20, 5;
L_0x556451beab90 .part L_0x556451becbb0, 7, 5;
L_0x556451beaff0 .part L_0x556451becbb0, 12, 3;
L_0x556451beb090 .part L_0x556451becbb0, 25, 7;
L_0x556451beae00 .part L_0x556451be74c0, 0, 5;
L_0x556451beaea0 .part L_0x556451becbb0, 20, 5;
L_0x556451beaf40 .functor MUXZ 5, L_0x556451beaea0, L_0x556451beae00, L_0x556451be7770, C4<>;
L_0x556451beb340 .arith/sum 32, L_0x556451bd6140, L_0x556451bd64a0;
L_0x556451beb180 .concat [ 32 1 0 0], L_0x556451be7400, L_0x7fc64f4a95b8;
L_0x556451beb6f0 .concat [ 32 1 0 0], L_0x556451bd6140, L_0x7fc64f4a9600;
L_0x556451beb4d0 .arith/sum 33, L_0x556451beb180, L_0x556451beb6f0;
L_0x556451beb9c0 .arith/sum 33, L_0x556451beb4d0, L_0x7fc64f4a9648;
L_0x556451beb790 .part L_0x556451bd6140, 31, 1;
L_0x556451beb8c0 .part L_0x556451bd64a0, 31, 1;
L_0x556451bebab0 .part L_0x556451bd6140, 31, 1;
L_0x556451bebb50 .part L_0x556451beb9c0, 32, 1;
L_0x556451bebc40 .functor MUXZ 1, L_0x556451bebb50, L_0x556451bebab0, L_0x556451beb570, C4<>;
L_0x556451bec080 .part L_0x556451beb9c0, 32, 1;
L_0x556451bebd80 .part L_0x556451beb9c0, 0, 32;
L_0x556451bebeb0 .cmp/eq 32, L_0x556451bebd80, L_0x7fc64f4a9690;
L_0x556451bec3a0 .cmp/eq 3, L_0x556451beaff0, L_0x7fc64f4a96d8;
L_0x556451bec4e0 .ufunc/vec4 TD_test.cpu.flip32, 32, L_0x556451bd6140 (v0x556451b8ed00_0) S_0x556451bac300;
L_0x556451bec120 .functor MUXZ 32, L_0x556451bd6140, L_0x556451bec4e0, L_0x556451bec3a0, C4<>;
L_0x556451bec260 .part L_0x556451becbb0, 30, 1;
L_0x556451bec300 .part L_0x556451bd6140, 31, 1;
L_0x556451bec930 .concat [ 32 1 0 0], L_0x556451bec120, L_0x556451bec820;
L_0x556451bec580 .part L_0x556451bd64a0, 0, 5;
L_0x556451bec620 .shift/rs 33, L_0x556451bec930, L_0x556451bec580;
L_0x556451bec760 .part L_0x556451bec620, 0, 32;
L_0x556451becd30 .ufunc/vec4 TD_test.cpu.flip32, 32, L_0x556451bec760 (v0x556451b8ed00_0) S_0x556451bac300;
S_0x556451bac300 .scope function.vec4.s32, "flip32" "flip32" 4 80, 4 80 0, S_0x556451ba8330;
 .timescale 0 0;
; Variable flip32 is vec4 return value of scope S_0x556451bac300
v0x556451b8ed00_0 .var "x", 31 0;
TD_test.cpu.flip32 ;
    %load/vec4 v0x556451b8ed00_0;
    %parti/s 1, 0, 2;
    %load/vec4 v0x556451b8ed00_0;
    %parti/s 1, 1, 2;
    %concat/vec4; draw_concat_vec4
    %load/vec4 v0x556451b8ed00_0;
    %parti/s 1, 2, 3;
    %concat/vec4; draw_concat_vec4
    %load/vec4 v0x556451b8ed00_0;
    %parti/s 1, 3, 3;
    %concat/vec4; draw_concat_vec4
    %load/vec4 v0x556451b8ed00_0;
    %parti/s 1, 4, 4;
    %concat/vec4; draw_concat_vec4
    %load/vec4 v0x556451b8ed00_0;
    %parti/s 1, 5, 4;
    %concat/vec4; draw_concat_vec4
    %load/vec4 v0x556451b8ed00_0;
    %parti/s 1, 6, 4;
    %concat/vec4; draw_concat_vec4
    %load/vec4 v0x556451b8ed00_0;
    %parti/s 1, 7, 4;
    %concat/vec4; draw_concat_vec4
    %load/vec4 v0x556451b8ed00_0;
    %parti/s 1, 8, 5;
    %concat/vec4; draw_concat_vec4
    %load/vec4 v0x556451b8ed00_0;
    %parti/s 1, 9, 5;
    %concat/vec4; draw_concat_vec4
    %load/vec4 v0x556451b8ed00_0;
    %parti/s 1, 10, 5;
    %concat/vec4; draw_concat_vec4
    %load/vec4 v0x556451b8ed00_0;
    %parti/s 1, 11, 5;
    %concat/vec4; draw_concat_vec4
    %load/vec4 v0x556451b8ed00_0;
    %parti/s 1, 12, 5;
    %concat/vec4; draw_concat_vec4
    %load/vec4 v0x556451b8ed00_0;
    %parti/s 1, 13, 5;
    %concat/vec4; draw_concat_vec4
    %load/vec4 v0x556451b8ed00_0;
    %parti/s 1, 14, 5;
    %concat/vec4; draw_concat_vec4
    %load/vec4 v0x556451b8ed00_0;
    %parti/s 1, 15, 5;
    %concat/vec4; draw_concat_vec4
    %load/vec4 v0x556451b8ed00_0;
    %parti/s 1, 16, 6;
    %concat/vec4; draw_concat_vec4
    %load/vec4 v0x556451b8ed00_0;
    %parti/s 1, 17, 6;
    %concat/vec4; draw_concat_vec4
    %load/vec4 v0x556451b8ed00_0;
    %parti/s 1, 18, 6;
    %concat/vec4; draw_concat_vec4
    %load/vec4 v0x556451b8ed00_0;
    %parti/s 1, 19, 6;
    %concat/vec4; draw_concat_vec4
    %load/vec4 v0x556451b8ed00_0;
    %parti/s 1, 20, 6;
    %concat/vec4; draw_concat_vec4
    %load/vec4 v0x556451b8ed00_0;
    %parti/s 1, 21, 6;
    %concat/vec4; draw_concat_vec4
    %load/vec4 v0x556451b8ed00_0;
    %parti/s 1, 22, 6;
    %concat/vec4; draw_concat_vec4
    %load/vec4 v0x556451b8ed00_0;
    %parti/s 1, 23, 6;
    %concat/vec4; draw_concat_vec4
    %load/vec4 v0x556451b8ed00_0;
    %parti/s 1, 24, 6;
    %concat/vec4; draw_concat_vec4
    %load/vec4 v0x556451b8ed00_0;
    %parti/s 1, 25, 6;
    %concat/vec4; draw_concat_vec4
    %load/vec4 v0x556451b8ed00_0;
    %parti/s 1, 26, 6;
    %concat/vec4; draw_concat_vec4
    %load/vec4 v0x556451b8ed00_0;
    %parti/s 1, 27, 6;
    %concat/vec4; draw_concat_vec4
    %load/vec4 v0x556451b8ed00_0;
    %parti/s 1, 28, 6;
    %concat/vec4; draw_concat_vec4
    %load/vec4 v0x556451b8ed00_0;
    %parti/s 1, 29, 6;
    %concat/vec4; draw_concat_vec4
    %load/vec4 v0x556451b8ed00_0;
    %parti/s 1, 30, 6;
    %concat/vec4; draw_concat_vec4
    %load/vec4 v0x556451b8ed00_0;
    %parti/s 1, 31, 6;
    %concat/vec4; draw_concat_vec4
    %ret/vec4 0, 0, 32;  Assign to flip32 (store_vec4_to_lval)
    %end;
S_0x556451b58350 .scope module, "data_mem" "ram" 3 27, 5 1 0, S_0x556451ba4120;
 .timescale 0 0;
    .port_info 0 /INPUT 1 "clk";
    .port_info 1 /INPUT 1 "we";
    .port_info 2 /INPUT 32 "a";
    .port_info 3 /INPUT 32 "wd";
    .port_info 4 /OUTPUT 32 "rd";
L_0x556451bed230 .functor BUFZ 32, L_0x556451bed0f0, C4<00000000000000000000000000000000>, C4<00000000000000000000000000000000>, C4<00000000000000000000000000000000>;
v0x556451bd4950 .array "RAM", 255 0, 31 0;
v0x556451bd4a10_0 .net *"_ivl_0", 31 0, L_0x556451bed0f0;  1 drivers
v0x556451bd4af0_0 .net *"_ivl_3", 29 0, L_0x556451bed190;  1 drivers
v0x556451bd4bb0_0 .net "a", 31 0, L_0x556451bb2b70;  alias, 1 drivers
v0x556451bd4c70_0 .net "clk", 0 0, v0x556451bd5700_0;  alias, 1 drivers
v0x556451bd4d60_0 .net "rd", 31 0, L_0x556451bed230;  alias, 1 drivers
v0x556451bd4e00_0 .net "wd", 31 0, L_0x556451bd6000;  alias, 1 drivers
v0x556451bd4ea0_0 .net "we", 0 0, L_0x556451bed330;  1 drivers
L_0x556451bed0f0 .array/port v0x556451bd4950, L_0x556451bed190;
L_0x556451bed190 .part L_0x556451bb2b70, 2, 30;
S_0x556451b58750 .scope module, "instr_mem" "rom" 3 24, 6 1 0, S_0x556451ba4120;
 .timescale 0 0;
    .port_info 0 /INPUT 32 "a";
    .port_info 1 /OUTPUT 32 "rd";
L_0x556451becbb0 .functor BUFZ 32, L_0x556451beca20, C4<00000000000000000000000000000000>, C4<00000000000000000000000000000000>, C4<00000000000000000000000000000000>;
v0x556451bd5040 .array "ROM", 255 0, 31 0;
v0x556451bd5120_0 .net *"_ivl_0", 31 0, L_0x556451beca20;  1 drivers
v0x556451bd5200_0 .net *"_ivl_3", 29 0, L_0x556451becac0;  1 drivers
v0x556451bd52f0_0 .net "a", 31 0, v0x556451bd3350_0;  alias, 1 drivers
v0x556451bd53e0_0 .net "rd", 31 0, L_0x556451becbb0;  alias, 1 drivers
L_0x556451beca20 .array/port v0x556451bd5040, L_0x556451becac0;
L_0x556451becac0 .part v0x556451bd3350_0, 2, 30;
    .scope S_0x556451ba8330;
T_1 ;
    %wait E_0x556451b25ef0;
    %load/vec4 v0x556451bd3db0_0;
    %flag_set/vec4 9;
    %flag_get/vec4 9;
    %jmp/0 T_1.2, 9;
    %load/vec4 v0x556451bd3430_0;
    %pad/u 32;
    %pushi/vec4 0, 0, 32;
    %cmp/ne;
    %flag_get/vec4 4;
    %and;
T_1.2;
    %flag_set/vec4 8;
    %jmp/0xz  T_1.0, 8;
    %load/vec4 v0x556451bd3cd0_0;
    %load/vec4 v0x556451bd3430_0;
    %pad/u 7;
    %ix/vec4 3;
    %ix/load 4, 0, 0; Constant delay
    %assign/vec4/a/d v0x556451bcd040, 0, 4;
T_1.0 ;
    %jmp T_1;
    .thread T_1;
    .scope S_0x556451ba8330;
T_2 ;
    %wait E_0x556451b25a40;
    %load/vec4 v0x556451bd35f0_0;
    %flag_set/vec4 8;
    %jmp/0xz  T_2.0, 8;
    %pushi/vec4 0, 0, 32;
    %assign/vec4 v0x556451bd3350_0, 0;
    %jmp T_2.1;
T_2.0 ;
    %load/vec4 v0x556451bd2d30_0;
    %flag_set/vec4 8;
    %jmp/0 T_2.2, 8;
    %load/vec4 v0x556451bccf60_0;
    %jmp/1 T_2.3, 8;
T_2.2 ; End of true expr.
    %load/vec4 v0x556451bcce80_0;
    %jmp/0 T_2.3, 8;
 ; End of false expr.
    %blend;
T_2.3;
    %assign/vec4 v0x556451bd3350_0, 0;
T_2.1 ;
    %jmp T_2;
    .thread T_2;
    .scope S_0x556451ba8330;
T_3 ;
    %wait E_0x556451b25eb0;
    %load/vec4 v0x556451bd2790_0;
    %dup/vec4;
    %pushi/vec4 0, 0, 3;
    %cmp/u;
    %jmp/1 T_3.0, 6;
    %dup/vec4;
    %pushi/vec4 1, 0, 3;
    %cmp/u;
    %jmp/1 T_3.1, 6;
    %dup/vec4;
    %pushi/vec4 2, 0, 3;
    %cmp/u;
    %jmp/1 T_3.2, 6;
    %dup/vec4;
    %pushi/vec4 3, 0, 3;
    %cmp/u;
    %jmp/1 T_3.3, 6;
    %dup/vec4;
    %pushi/vec4 4, 0, 3;
    %cmp/u;
    %jmp/1 T_3.4, 6;
    %dup/vec4;
    %pushi/vec4 5, 0, 3;
    %cmp/u;
    %jmp/1 T_3.5, 6;
    %dup/vec4;
    %pushi/vec4 6, 0, 3;
    %cmp/u;
    %jmp/1 T_3.6, 6;
    %dup/vec4;
    %pushi/vec4 7, 0, 3;
    %cmp/u;
    %jmp/1 T_3.7, 6;
    %jmp T_3.8;
T_3.0 ;
    %load/vec4 v0x556451bd2870_0;
    %parti/s 1, 5, 4;
    %load/vec4 v0x556451bd2950_0;
    %parti/s 1, 5, 4;
    %and;
    %flag_set/vec4 8;
    %jmp/0 T_3.9, 8;
    %load/vec4 v0x556451bd2430_0;
    %parti/s 32, 0, 2;
    %jmp/1 T_3.10, 8;
T_3.9 ; End of true expr.
    %load/vec4 v0x556451bd25f0_0;
    %jmp/0 T_3.10, 8;
 ; End of false expr.
    %blend;
T_3.10;
    %store/vec4 v0x556451bd2510_0, 0, 32;
    %jmp T_3.8;
T_3.1 ;
    %load/vec4 v0x556451bd31b0_0;
    %store/vec4 v0x556451bd2510_0, 0, 32;
    %jmp T_3.8;
T_3.2 ;
    %pushi/vec4 0, 0, 31;
    %load/vec4 v0x556451bcccb0_0;
    %concat/vec4; draw_concat_vec4
    %store/vec4 v0x556451bd2510_0, 0, 32;
    %jmp T_3.8;
T_3.3 ;
    %pushi/vec4 0, 0, 31;
    %load/vec4 v0x556451bccdc0_0;
    %concat/vec4; draw_concat_vec4
    %store/vec4 v0x556451bd2510_0, 0, 32;
    %jmp T_3.8;
T_3.4 ;
    %load/vec4 v0x556451bd2270_0;
    %load/vec4 v0x556451bd2350_0;
    %xor;
    %store/vec4 v0x556451bd2510_0, 0, 32;
    %jmp T_3.8;
T_3.5 ;
    %load/vec4 v0x556451bd3b10_0;
    %store/vec4 v0x556451bd2510_0, 0, 32;
    %jmp T_3.8;
T_3.6 ;
    %load/vec4 v0x556451bd2270_0;
    %load/vec4 v0x556451bd2350_0;
    %or;
    %store/vec4 v0x556451bd2510_0, 0, 32;
    %jmp T_3.8;
T_3.7 ;
    %load/vec4 v0x556451bd2270_0;
    %load/vec4 v0x556451bd2350_0;
    %and;
    %store/vec4 v0x556451bd2510_0, 0, 32;
    %jmp T_3.8;
T_3.8 ;
    %pop/vec4 1;
    %jmp T_3;
    .thread T_3, $push;
    .scope S_0x556451b58750;
T_4 ;
    %pushi/vec4 4195347, 0, 32;
    %ix/load 4, 0, 0;
    %flag_set/imm 4, 0;
    %store/vec4a v0x556451bd5040, 4, 0;
    %pushi/vec4 281019539, 0, 32;
    %ix/load 4, 1, 0;
    %flag_set/imm 4, 0;
    %store/vec4a v0x556451bd5040, 4, 0;
    %pushi/vec4 4291043971, 0, 32;
    %ix/load 4, 2, 0;
    %flag_set/imm 4, 0;
    %store/vec4a v0x556451bd5040, 4, 0;
    %pushi/vec4 271107, 0, 32;
    %ix/load 4, 3, 0;
    %flag_set/imm 4, 0;
    %store/vec4a v0x556451bd5040, 4, 0;
    %pushi/vec4 5440435, 0, 32;
    %ix/load 4, 4, 0;
    %flag_set/imm 4, 0;
    %store/vec4a v0x556451bd5040, 4, 0;
    %pushi/vec4 6292147, 0, 32;
    %ix/load 4, 5, 0;
    %flag_set/imm 4, 0;
    %store/vec4a v0x556451bd5040, 4, 0;
    %pushi/vec4 7340851, 0, 32;
    %ix/load 4, 6, 0;
    %flag_set/imm 4, 0;
    %store/vec4a v0x556451bd5040, 4, 0;
    %pushi/vec4 4457491, 0, 32;
    %ix/load 4, 7, 0;
    %flag_set/imm 4, 0;
    %store/vec4a v0x556451bd5040, 4, 0;
    %pushi/vec4 7610403, 0, 32;
    %ix/load 4, 8, 0;
    %flag_set/imm 4, 0;
    %store/vec4a v0x556451bd5040, 4, 0;
    %pushi/vec4 7643171, 0, 32;
    %ix/load 4, 9, 0;
    %flag_set/imm 4, 0;
    %store/vec4a v0x556451bd5040, 4, 0;
    %pushi/vec4 4271894639, 0, 32;
    %ix/load 4, 10, 0;
    %flag_set/imm 4, 0;
    %store/vec4a v0x556451bd5040, 4, 0;
    %end;
    .thread T_4;
    .scope S_0x556451b58350;
T_5 ;
    %pushi/vec4 0, 0, 32;
    %ix/load 4, 0, 0;
    %flag_set/imm 4, 0;
    %store/vec4a v0x556451bd4950, 4, 0;
    %pushi/vec4 1, 0, 32;
    %ix/load 4, 1, 0;
    %flag_set/imm 4, 0;
    %store/vec4a v0x556451bd4950, 4, 0;
    %end;
    .thread T_5;
    .scope S_0x556451b58350;
T_6 ;
    %wait E_0x556451b25a40;
    %load/vec4 v0x556451bd4ea0_0;
    %flag_set/vec4 8;
    %jmp/0xz  T_6.0, 8;
    %load/vec4 v0x556451bd4e00_0;
    %load/vec4 v0x556451bd4bb0_0;
    %parti/s 30, 2, 3;
    %ix/vec4 3;
    %ix/load 4, 0, 0; Constant delay
    %assign/vec4/a/d v0x556451bd4950, 0, 4;
T_6.0 ;
    %jmp T_6;
    .thread T_6;
    .scope S_0x556451ba4120;
T_7 ;
    %pushi/vec4 0, 0, 1;
    %store/vec4 v0x556451bd5700_0, 0, 1;
    %pushi/vec4 1, 0, 1;
    %store/vec4 v0x556451bd5de0_0, 0, 1;
    %vpi_call/w 3 11 "$dumpfile", "dump.vcd" {0 0 0};
    %vpi_call/w 3 12 "$dumpvars", 32'sb00000000000000000000000000000000, S_0x556451ba4120 {0 0 0};
    %delay 20, 0;
    %pushi/vec4 0, 0, 1;
    %store/vec4 v0x556451bd5de0_0, 0, 1;
    %delay 3000, 0;
    %vpi_call/w 3 14 "$finish" {0 0 0};
    %end;
    .thread T_7;
    .scope S_0x556451ba4120;
T_8 ;
T_8.0 ;
    %delay 5, 0;
    %load/vec4 v0x556451bd5700_0;
    %inv;
    %store/vec4 v0x556451bd5700_0, 0, 1;
    %jmp T_8.0;
    %end;
    .thread T_8;
    .scope S_0x556451ba4120;
T_9 ;
    %wait E_0x556451b25a40;
    %load/vec4 v0x556451bd5b90_0;
    %load/vec4 v0x556451bd5a10_0;
    %and;
    %flag_set/vec4 8;
    %jmp/0xz  T_9.0, 8;
    %load/vec4 v0x556451bd55f0_0;
    %parti/s 1, 2, 3;
    %flag_set/vec4 8;
    %jmp/0xz  T_9.2, 8;
    %load/vec4 v0x556451bd5e80_0;
    %pad/u 10;
    %assign/vec4 v0x556451bd5510_0, 0;
T_9.2 ;
    %load/vec4 v0x556451bd55f0_0;
    %parti/s 1, 3, 3;
    %flag_set/vec4 8;
    %jmp/0xz  T_9.4, 8;
    %load/vec4 v0x556451bd5e80_0;
    %pad/u 24;
    %assign/vec4 v0x556451bd57f0_0, 0;
T_9.4 ;
T_9.0 ;
    %jmp T_9;
    .thread T_9;
# The file index is used to find the file name in the following table.
:file_names 7;
    "N/A";
    "<interactive>";
    "-";
    "./test.sv";
    "./riscvmono.sv";
    "./ram.sv";
    "./rom.sv";
